This is pdfTeX, Version 3.141592653-2.6-1.40.26 (TeX Live 2025/dev/Debian) (preloaded format=pdflatex 2025.10.29)  12 NOV 2025 17:32
entering extended mode
 restricted \write18 enabled.
 file:line:error style messages enabled.
 %&-line parsing enabled.
**main.tex
(./main.tex
LaTeX2e <2024-11-01> patch level 2
L3 programming layer <2025-01-18>
(/usr/share/texlive/texmf-dist/tex/latex/base/article.cls
Document Class: article 2024/06/29 v1.4n Standard LaTeX document class
(/usr/share/texlive/texmf-dist/tex/latex/base/size11.clo
File: size11.clo 2024/06/29 v1.4n Standard LaTeX file (size option)
)
\c@part=\count196
\c@section=\count197
\c@subsection=\count198
\c@subsubsection=\count199
\c@paragraph=\count266
\c@subparagraph=\count267
\c@figure=\count268
\c@table=\count269
\abovecaptionskip=\skip49
\belowcaptionskip=\skip50
\bibindent=\dimen141
)
(/usr/share/texlive/texmf-dist/tex/latex/base/inputenc.sty
Package: inputenc 2024/02/08 v1.3d Input encoding file
\inpenc@prehook=\toks17
\inpenc@posthook=\toks18
)
(/usr/share/texlive/texmf-dist/tex/latex/base/fontenc.sty
Package: fontenc 2021/04/29 v2.0v Standard LaTeX package
)
(/usr/share/texlive/texmf-dist/tex/generic/babel/babel.sty
Package: babel 2025/02/14 v25.4 The multilingual framework for pdfLaTeX, LuaLaT
eX and XeLaTeX
\babel@savecnt=\count270
\U@D=\dimen142
\l@unhyphenated=\language90

(/usr/share/texlive/texmf-dist/tex/generic/babel/txtbabel.def)
\bbl@readstream=\read2
\bbl@dirlevel=\count271

(/usr/share/texlive/texmf-dist/tex/generic/babel-italian/italian.ldf
Language: italian 2024/10/10 v.1.5.01 Italian support for the babel system
\it@lettering=\count272
\it@doublequoteactive=\count273
\it@ISOcompliance=\count274
))
(/usr/share/texlive/texmf-dist/tex/generic/babel/locale/it/babel-italian.tex
Package babel Info: Importing font and identification data for italian
(babel)             from babel-it.ini. Reported on input line 11.
)
(/usr/share/texlive/texmf-dist/tex/latex/etoolbox/etoolbox.sty
Package: etoolbox 2025/02/11 v2.5l e-TeX tools for LaTeX (JAW)
\etb@tempcnta=\count275
)
(/usr/share/texlive/texmf-dist/tex/latex/microtype/microtype.sty
Package: microtype 2025/02/11 v3.2a Micro-typographical refinements (RS)

(/usr/share/texlive/texmf-dist/tex/latex/graphics/keyval.sty
Package: keyval 2022/05/29 v1.15 key=value parser (DPC)
\KV@toks@=\toks19
)
\MT@toks=\toks20
\MT@tempbox=\box52
\MT@count=\count276
LaTeX Info: Redefining \noprotrusionifhmode on input line 1087.
LaTeX Info: Redefining \leftprotrusion on input line 1088.
\MT@prot@toks=\toks21
LaTeX Info: Redefining \rightprotrusion on input line 1107.
LaTeX Info: Redefining \textls on input line 1449.
\MT@outer@kern=\dimen143
LaTeX Info: Redefining \microtypecontext on input line 2053.
LaTeX Info: Redefining \textmicrotypecontext on input line 2070.
\MT@listname@count=\count277

(/usr/share/texlive/texmf-dist/tex/latex/microtype/microtype-pdftex.def
File: microtype-pdftex.def 2025/02/11 v3.2a Definitions specific to pdftex (RS)

LaTeX Info: Redefining \lsstyle on input line 944.
LaTeX Info: Redefining \lslig on input line 944.
\MT@outer@space=\skip51
)
Package microtype Info: Loading configuration file microtype.cfg.

(/usr/share/texlive/texmf-dist/tex/latex/microtype/microtype.cfg
File: microtype.cfg 2025/02/11 v3.2a microtype main configuration file (RS)
)
LaTeX Info: Redefining \microtypesetup on input line 3065.
)
(/usr/share/texlive/texmf-dist/tex/latex/amsmath/amsmath.sty
Package: amsmath 2024/11/05 v2.17t AMS math features
\@mathmargin=\skip52

For additional information on amsmath, use the `?' option.
(/usr/share/texlive/texmf-dist/tex/latex/amsmath/amstext.sty
Package: amstext 2021/08/26 v2.01 AMS text

(/usr/share/texlive/texmf-dist/tex/latex/amsmath/amsgen.sty
File: amsgen.sty 1999/11/30 v2.0 generic functions
\@emptytoks=\toks22
\ex@=\dimen144
))
(/usr/share/texlive/texmf-dist/tex/latex/amsmath/amsbsy.sty
Package: amsbsy 1999/11/29 v1.2d Bold Symbols
\pmbraise@=\dimen145
)
(/usr/share/texlive/texmf-dist/tex/latex/amsmath/amsopn.sty
Package: amsopn 2022/04/08 v2.04 operator names
)
\inf@bad=\count278
LaTeX Info: Redefining \frac on input line 233.
\uproot@=\count279
\leftroot@=\count280
LaTeX Info: Redefining \overline on input line 398.
LaTeX Info: Redefining \colon on input line 409.
\classnum@=\count281
\DOTSCASE@=\count282
LaTeX Info: Redefining \ldots on input line 495.
LaTeX Info: Redefining \dots on input line 498.
LaTeX Info: Redefining \cdots on input line 619.
\Mathstrutbox@=\box53
\strutbox@=\box54
LaTeX Info: Redefining \big on input line 721.
LaTeX Info: Redefining \Big on input line 722.
LaTeX Info: Redefining \bigg on input line 723.
LaTeX Info: Redefining \Bigg on input line 724.
\big@size=\dimen146
LaTeX Font Info:    Redeclaring font encoding OML on input line 742.
LaTeX Font Info:    Redeclaring font encoding OMS on input line 743.
\macc@depth=\count283
LaTeX Info: Redefining \bmod on input line 904.
LaTeX Info: Redefining \pmod on input line 909.
LaTeX Info: Redefining \smash on input line 939.
LaTeX Info: Redefining \relbar on input line 969.
LaTeX Info: Redefining \Relbar on input line 970.
\c@MaxMatrixCols=\count284
\dotsspace@=\muskip17
\c@parentequation=\count285
\dspbrk@lvl=\count286
\tag@help=\toks23
\row@=\count287
\column@=\count288
\maxfields@=\count289
\andhelp@=\toks24
\eqnshift@=\dimen147
\alignsep@=\dimen148
\tagshift@=\dimen149
\tagwidth@=\dimen150
\totwidth@=\dimen151
\lineht@=\dimen152
\@envbody=\toks25
\multlinegap=\skip53
\multlinetaggap=\skip54
\mathdisplay@stack=\toks26
LaTeX Info: Redefining \[ on input line 2953.
LaTeX Info: Redefining \] on input line 2954.
)
(/usr/share/texlive/texmf-dist/tex/latex/amsfonts/amssymb.sty
Package: amssymb 2013/01/14 v3.01 AMS font symbols

(/usr/share/texlive/texmf-dist/tex/latex/amsfonts/amsfonts.sty
Package: amsfonts 2013/01/14 v3.01 Basic AMSFonts support
\symAMSa=\mathgroup4
\symAMSb=\mathgroup5
LaTeX Font Info:    Redeclaring math symbol \hbar on input line 98.
LaTeX Font Info:    Overwriting math alphabet `\mathfrak' in version `bold'
(Font)                  U/euf/m/n --> U/euf/b/n on input line 106.
))
(/usr/share/texlive/texmf-dist/tex/latex/geometry/geometry.sty
Package: geometry 2020/01/02 v5.9 Page Geometry

(/usr/share/texlive/texmf-dist/tex/generic/iftex/ifvtex.sty
Package: ifvtex 2019/10/25 v1.7 ifvtex legacy package. Use iftex instead.

(/usr/share/texlive/texmf-dist/tex/generic/iftex/iftex.sty
Package: iftex 2024/12/12 v1.0g TeX engine tests
))
\Gm@cnth=\count290
\Gm@cntv=\count291
\c@Gm@tempcnt=\count292
\Gm@bindingoffset=\dimen153
\Gm@wd@mp=\dimen154
\Gm@odd@mp=\dimen155
\Gm@even@mp=\dimen156
\Gm@layoutwidth=\dimen157
\Gm@layoutheight=\dimen158
\Gm@layouthoffset=\dimen159
\Gm@layoutvoffset=\dimen160
\Gm@dimlist=\toks27
)
(/usr/share/texlive/texmf-dist/tex/latex/hyperref/hyperref.sty
Package: hyperref 2024-11-05 v7.01l Hypertext links for LaTeX

(/usr/share/texlive/texmf-dist/tex/latex/kvsetkeys/kvsetkeys.sty
Package: kvsetkeys 2022-10-05 v1.19 Key value parser (HO)
)
(/usr/share/texlive/texmf-dist/tex/generic/kvdefinekeys/kvdefinekeys.sty
Package: kvdefinekeys 2019-12-19 v1.6 Define keys (HO)
)
(/usr/share/texlive/texmf-dist/tex/generic/pdfescape/pdfescape.sty
Package: pdfescape 2019/12/09 v1.15 Implements pdfTeX's escape features (HO)

(/usr/share/texlive/texmf-dist/tex/generic/ltxcmds/ltxcmds.sty
Package: ltxcmds 2023-12-04 v1.26 LaTeX kernel commands for general use (HO)
)
(/usr/share/texlive/texmf-dist/tex/generic/pdftexcmds/pdftexcmds.sty
Package: pdftexcmds 2020-06-27 v0.33 Utility functions of pdfTeX for LuaTeX (HO
)

(/usr/share/texlive/texmf-dist/tex/generic/infwarerr/infwarerr.sty
Package: infwarerr 2019/12/03 v1.5 Providing info/warning/error messages (HO)
)
Package pdftexcmds Info: \pdf@primitive is available.
Package pdftexcmds Info: \pdf@ifprimitive is available.
Package pdftexcmds Info: \pdfdraftmode found.
))
(/usr/share/texlive/texmf-dist/tex/latex/hycolor/hycolor.sty
Package: hycolor 2020-01-27 v1.10 Color options for hyperref/bookmark (HO)
)
(/usr/share/texlive/texmf-dist/tex/latex/hyperref/nameref.sty
Package: nameref 2023-11-26 v2.56 Cross-referencing by name of section

(/usr/share/texlive/texmf-dist/tex/latex/refcount/refcount.sty
Package: refcount 2019/12/15 v3.6 Data extraction from label references (HO)
)
(/usr/share/texlive/texmf-dist/tex/generic/gettitlestring/gettitlestring.sty
Package: gettitlestring 2019/12/15 v1.6 Cleanup title references (HO)

(/usr/share/texlive/texmf-dist/tex/latex/kvoptions/kvoptions.sty
Package: kvoptions 2022-06-15 v3.15 Key value format for package options (HO)
))
\c@section@level=\count293
)
(/usr/share/texlive/texmf-dist/tex/generic/stringenc/stringenc.sty
Package: stringenc 2019/11/29 v1.12 Convert strings between diff. encodings (HO
)
)
\@linkdim=\dimen161
\Hy@linkcounter=\count294
\Hy@pagecounter=\count295

(/usr/share/texlive/texmf-dist/tex/latex/hyperref/pd1enc.def
File: pd1enc.def 2024-11-05 v7.01l Hyperref: PDFDocEncoding definition (HO)
Now handling font encoding PD1 ...
... no UTF-8 mapping file for font encoding PD1
)
(/usr/share/texlive/texmf-dist/tex/generic/intcalc/intcalc.sty
Package: intcalc 2019/12/15 v1.3 Expandable calculations with integers (HO)
)
\Hy@SavedSpaceFactor=\count296

(/usr/share/texlive/texmf-dist/tex/latex/hyperref/puenc.def
File: puenc.def 2024-11-05 v7.01l Hyperref: PDF Unicode definition (HO)
Now handling font encoding PU ...
... no UTF-8 mapping file for font encoding PU
)
Package hyperref Info: Hyper figures OFF on input line 4157.
Package hyperref Info: Link nesting OFF on input line 4162.
Package hyperref Info: Hyper index ON on input line 4165.
Package hyperref Info: Plain pages OFF on input line 4172.
Package hyperref Info: Backreferencing OFF on input line 4177.
Package hyperref Info: Implicit mode ON; LaTeX internals redefined.
Package hyperref Info: Bookmarks ON on input line 4424.
\c@Hy@tempcnt=\count297

(/usr/share/texlive/texmf-dist/tex/latex/url/url.sty
\Urlmuskip=\muskip18
Package: url 2013/09/16  ver 3.4  Verb mode for urls, etc.
)
LaTeX Info: Redefining \url on input line 4763.
\XeTeXLinkMargin=\dimen162

(/usr/share/texlive/texmf-dist/tex/generic/bitset/bitset.sty
Package: bitset 2019/12/09 v1.3 Handle bit-vector datatype (HO)

(/usr/share/texlive/texmf-dist/tex/generic/bigintcalc/bigintcalc.sty
Package: bigintcalc 2019/12/15 v1.5 Expandable calculations on big integers (HO
)
))
\Fld@menulength=\count298
\Field@Width=\dimen163
\Fld@charsize=\dimen164
Package hyperref Info: Hyper figures OFF on input line 6042.
Package hyperref Info: Link nesting OFF on input line 6047.
Package hyperref Info: Hyper index ON on input line 6050.
Package hyperref Info: backreferencing OFF on input line 6057.
Package hyperref Info: Link coloring OFF on input line 6062.
Package hyperref Info: Link coloring with OCG OFF on input line 6067.
Package hyperref Info: PDF/A mode OFF on input line 6072.

(/usr/share/texlive/texmf-dist/tex/latex/base/atbegshi-ltx.sty
Package: atbegshi-ltx 2021/01/10 v1.0c Emulation of the original atbegshi
package with kernel methods
)
\Hy@abspage=\count299
\c@Item=\count300
\c@Hfootnote=\count301
)
Package hyperref Info: Driver (autodetected): hpdftex.

(/usr/share/texlive/texmf-dist/tex/latex/hyperref/hpdftex.def
File: hpdftex.def 2024-11-05 v7.01l Hyperref driver for pdfTeX

(/usr/share/texlive/texmf-dist/tex/latex/base/atveryend-ltx.sty
Package: atveryend-ltx 2020/08/19 v1.0a Emulation of the original atveryend pac
kage
with kernel methods
)
\Fld@listcount=\count302
\c@bookmark@seq@number=\count303

(/usr/share/texlive/texmf-dist/tex/latex/rerunfilecheck/rerunfilecheck.sty
Package: rerunfilecheck 2022-07-10 v1.10 Rerun checks for auxiliary files (HO)

(/usr/share/texlive/texmf-dist/tex/generic/uniquecounter/uniquecounter.sty
Package: uniquecounter 2019/12/15 v1.4 Provide unlimited unique counter (HO)
)
Package uniquecounter Info: New unique counter `rerunfilecheck' on input line 2
85.
)
\Hy@SectionHShift=\skip55
)
(/usr/share/texlive/texmf-dist/tex/latex/parskip/parskip.sty
Package: parskip 2021-03-14 v2.0h non-zero parskip adjustments
)
(/usr/share/texmf/tex/latex/lm/lmodern.sty
Package: lmodern 2015/05/01 v1.6.1 Latin Modern Fonts
LaTeX Font Info:    Overwriting symbol font `operators' in version `normal'
(Font)                  OT1/cmr/m/n --> OT1/lmr/m/n on input line 22.
LaTeX Font Info:    Overwriting symbol font `letters' in version `normal'
(Font)                  OML/cmm/m/it --> OML/lmm/m/it on input line 23.
LaTeX Font Info:    Overwriting symbol font `symbols' in version `normal'
(Font)                  OMS/cmsy/m/n --> OMS/lmsy/m/n on input line 24.
LaTeX Font Info:    Overwriting symbol font `largesymbols' in version `normal'
(Font)                  OMX/cmex/m/n --> OMX/lmex/m/n on input line 25.
LaTeX Font Info:    Overwriting symbol font `operators' in version `bold'
(Font)                  OT1/cmr/bx/n --> OT1/lmr/bx/n on input line 26.
LaTeX Font Info:    Overwriting symbol font `letters' in version `bold'
(Font)                  OML/cmm/b/it --> OML/lmm/b/it on input line 27.
LaTeX Font Info:    Overwriting symbol font `symbols' in version `bold'
(Font)                  OMS/cmsy/b/n --> OMS/lmsy/b/n on input line 28.
LaTeX Font Info:    Overwriting symbol font `largesymbols' in version `bold'
(Font)                  OMX/cmex/m/n --> OMX/lmex/m/n on input line 29.
LaTeX Font Info:    Overwriting math alphabet `\mathbf' in version `normal'
(Font)                  OT1/cmr/bx/n --> OT1/lmr/bx/n on input line 31.
LaTeX Font Info:    Overwriting math alphabet `\mathsf' in version `normal'
(Font)                  OT1/cmss/m/n --> OT1/lmss/m/n on input line 32.
LaTeX Font Info:    Overwriting math alphabet `\mathit' in version `normal'
(Font)                  OT1/cmr/m/it --> OT1/lmr/m/it on input line 33.
LaTeX Font Info:    Overwriting math alphabet `\mathtt' in version `normal'
(Font)                  OT1/cmtt/m/n --> OT1/lmtt/m/n on input line 34.
LaTeX Font Info:    Overwriting math alphabet `\mathbf' in version `bold'
(Font)                  OT1/cmr/bx/n --> OT1/lmr/bx/n on input line 35.
LaTeX Font Info:    Overwriting math alphabet `\mathsf' in version `bold'
(Font)                  OT1/cmss/bx/n --> OT1/lmss/bx/n on input line 36.
LaTeX Font Info:    Overwriting math alphabet `\mathit' in version `bold'
(Font)                  OT1/cmr/bx/it --> OT1/lmr/bx/it on input line 37.
LaTeX Font Info:    Overwriting math alphabet `\mathtt' in version `bold'
(Font)                  OT1/cmtt/m/n --> OT1/lmtt/m/n on input line 38.
)
(/usr/share/texlive/texmf-dist/tex/latex/listings/listings.sty
\lst@mode=\count304
\lst@gtempboxa=\box55
\lst@token=\toks28
\lst@length=\count305
\lst@currlwidth=\dimen165
\lst@column=\count306
\lst@pos=\count307
\lst@lostspace=\dimen166
\lst@width=\dimen167
\lst@newlines=\count308
\lst@lineno=\count309
\lst@maxwidth=\dimen168

(/usr/share/texlive/texmf-dist/tex/latex/listings/lstpatch.sty
File: lstpatch.sty 2024/09/23 1.10c (Carsten Heinz)
)
(/usr/share/texlive/texmf-dist/tex/latex/listings/lstmisc.sty
File: lstmisc.sty 2024/09/23 1.10c (Carsten Heinz)
\c@lstnumber=\count310
\lst@skipnumbers=\count311
\lst@framebox=\box56
)
(/usr/share/texlive/texmf-dist/tex/latex/listings/listings.cfg
File: listings.cfg 2024/09/23 1.10c listings configuration
))
Package: listings 2024/09/23 1.10c (Carsten Heinz)

(/usr/share/texlive/texmf-dist/tex/latex/xcolor/xcolor.sty
Package: xcolor 2024/09/29 v3.02 LaTeX color extensions (UK)

(/usr/share/texlive/texmf-dist/tex/latex/graphics-cfg/color.cfg
File: color.cfg 2016/01/02 v1.6 sample color configuration
)
Package xcolor Info: Driver file: pdftex.def on input line 274.

(/usr/share/texlive/texmf-dist/tex/latex/graphics-def/pdftex.def
File: pdftex.def 2024/04/13 v1.2c Graphics/color driver for pdftex
)
(/usr/share/texlive/texmf-dist/tex/latex/graphics/mathcolor.ltx)
Package xcolor Info: Model `cmy' substituted by `cmy0' on input line 1349.
Package xcolor Info: Model `hsb' substituted by `rgb' on input line 1353.
Package xcolor Info: Model `RGB' extended on input line 1365.
Package xcolor Info: Model `HTML' substituted by `rgb' on input line 1367.
Package xcolor Info: Model `Hsb' substituted by `hsb' on input line 1368.
Package xcolor Info: Model `tHsb' substituted by `hsb' on input line 1369.
Package xcolor Info: Model `HSB' substituted by `hsb' on input line 1370.
Package xcolor Info: Model `Gray' substituted by `gray' on input line 1371.
Package xcolor Info: Model `wave' substituted by `hsb' on input line 1372.
)
(/usr/share/texlive/texmf-dist/tex/latex/graphics/graphicx.sty
Package: graphicx 2021/09/16 v1.2d Enhanced LaTeX Graphics (DPC,SPQR)

(/usr/share/texlive/texmf-dist/tex/latex/graphics/graphics.sty
Package: graphics 2024/08/06 v1.4g Standard LaTeX Graphics (DPC,SPQR)

(/usr/share/texlive/texmf-dist/tex/latex/graphics/trig.sty
Package: trig 2023/12/02 v1.11 sin cos tan (DPC)
)
(/usr/share/texlive/texmf-dist/tex/latex/graphics-cfg/graphics.cfg
File: graphics.cfg 2016/06/04 v1.11 sample graphics configuration
)
Package graphics Info: Driver file: pdftex.def on input line 106.
)
\Gin@req@height=\dimen169
\Gin@req@width=\dimen170
)
(/usr/share/texlive/texmf-dist/tex/latex/float/float.sty
Package: float 2001/11/08 v1.3d Float enhancements (AL)
\c@float@type=\count312
\float@exts=\toks29
\float@box=\box57
\@float@everytoks=\toks30
\@floatcapt=\box58
)
(/usr/share/texlive/texmf-dist/tex/latex/booktabs/booktabs.sty
Package: booktabs 2020/01/12 v1.61803398 Publication quality tables
\heavyrulewidth=\dimen171
\lightrulewidth=\dimen172
\cmidrulewidth=\dimen173
\belowrulesep=\dimen174
\belowbottomsep=\dimen175
\aboverulesep=\dimen176
\abovetopsep=\dimen177
\cmidrulesep=\dimen178
\cmidrulekern=\dimen179
\defaultaddspace=\dimen180
\@cmidla=\count313
\@cmidlb=\count314
\@aboverulesep=\dimen181
\@belowrulesep=\dimen182
\@thisruleclass=\count315
\@lastruleclass=\count316
\@thisrulewidth=\dimen183
)
(/usr/share/texlive/texmf-dist/tex/latex/tools/tabularx.sty
Package: tabularx 2023/12/11 v2.12a `tabularx' package (DPC)

(/usr/share/texlive/texmf-dist/tex/latex/tools/array.sty
Package: array 2024/10/17 v2.6g Tabular extension package (FMi)
\col@sep=\dimen184
\ar@mcellbox=\box59
\extrarowheight=\dimen185
\NC@list=\toks31
\extratabsurround=\skip56
\backup@length=\skip57
\ar@cellbox=\box60
)
\TX@col@width=\dimen186
\TX@old@table=\dimen187
\TX@old@col=\dimen188
\TX@target=\dimen189
\TX@delta=\dimen190
\TX@cols=\count317
\TX@ftn=\toks32
)
(/usr/share/texlive/texmf-dist/tex/latex/tools/longtable.sty
Package: longtable 2024-10-27 v4.22 Multi-page Table package (DPC)
\LTleft=\skip58
\LTright=\skip59
\LTpre=\skip60
\LTpost=\skip61
\LTchunksize=\count318
\LTcapwidth=\dimen191
\LT@head=\box61
\LT@firsthead=\box62
\LT@foot=\box63
\LT@lastfoot=\box64
\LT@gbox=\box65
\LT@cols=\count319
\LT@rows=\count320
\c@LT@tables=\count321
\c@LT@chunks=\count322
\LT@p@ftn=\toks33
)
(/usr/share/texlive/texmf-dist/tex/latex/makecell/makecell.sty
Package: makecell 2009/08/03 V0.1e Managing of Tab Column Heads and Cells
\rotheadsize=\dimen192
\c@nlinenum=\count323
\TeXr@lab=\toks34
)
(/usr/share/texlive/texmf-dist/tex/latex/caption/caption.sty
Package: caption 2023/08/05 v3.6o Customizing captions (AR)

(/usr/share/texlive/texmf-dist/tex/latex/caption/caption3.sty
Package: caption3 2023/07/31 v2.4d caption3 kernel (AR)
\caption@tempdima=\dimen193
\captionmargin=\dimen194
\caption@leftmargin=\dimen195
\caption@rightmargin=\dimen196
\caption@width=\dimen197
\caption@indent=\dimen198
\caption@parindent=\dimen199
\caption@hangindent=\dimen256
Package caption Info: Standard document class detected.
)
\c@caption@flags=\count324
\c@continuedfloat=\count325
Package caption Info: float package is loaded.
Package caption Info: hyperref package is loaded.
Package caption Info: listings package is loaded.
Package caption Info: longtable package is loaded.

(/usr/share/texlive/texmf-dist/tex/latex/caption/ltcaption.sty
Package: ltcaption 2021/01/08 v1.4c longtable captions (AR)
))
LaTeX Font Info:    Trying to load font information for T1+lmr on input line 42
.

(/usr/share/texmf/tex/latex/lm/t1lmr.fd
File: t1lmr.fd 2015/05/01 v1.6.1 Font defs for Latin Modern
)
(/usr/share/texlive/texmf-dist/tex/latex/l3backend/l3backend-pdftex.def
File: l3backend-pdftex.def 2024-05-08 L3 backend support: PDF output (pdfTeX)
\l__color_backend_stack_int=\count326
\l__pdf_internal_box=\box66
)
(/home/leonardo/uni/Appunti-Magistrale/Appunti_NSD/out/main.aux
(/home/leonardo/uni/Appunti-Magistrale/Appunti_NSD/out/sezioni/net01.aux)
(/home/leonardo/uni/Appunti-Magistrale/Appunti_NSD/out/sezioni/net02.aux)
(/home/leonardo/uni/Appunti-Magistrale/Appunti_NSD/out/sezioni/net03.aux)
(/home/leonardo/uni/Appunti-Magistrale/Appunti_NSD/out/sezioni/net04.aux)
(/home/leonardo/uni/Appunti-Magistrale/Appunti_NSD/out/sezioni/net05.aux)
(/home/leonardo/uni/Appunti-Magistrale/Appunti_NSD/out/sezioni/net06.aux)
(/home/leonardo/uni/Appunti-Magistrale/Appunti_NSD/out/sezioni/sys01.aux)
(/home/leonardo/uni/Appunti-Magistrale/Appunti_NSD/out/sezioni/sys02.aux)
(/home/leonardo/uni/Appunti-Magistrale/Appunti_NSD/out/sezioni/sys04.aux)
(/home/leonardo/uni/Appunti-Magistrale/Appunti_NSD/out/sezioni/sys05.aux)
(/home/leonardo/uni/Appunti-Magistrale/Appunti_NSD/out/sezioni/sys06.aux))
\openout1 = `main.aux'.

LaTeX Font Info:    Checking defaults for OML/cmm/m/it on input line 42.
LaTeX Font Info:    ... okay on input line 42.
LaTeX Font Info:    Checking defaults for OMS/cmsy/m/n on input line 42.
LaTeX Font Info:    ... okay on input line 42.
LaTeX Font Info:    Checking defaults for OT1/cmr/m/n on input line 42.
LaTeX Font Info:    ... okay on input line 42.
LaTeX Font Info:    Checking defaults for T1/cmr/m/n on input line 42.
LaTeX Font Info:    ... okay on input line 42.
LaTeX Font Info:    Checking defaults for TS1/cmr/m/n on input line 42.
LaTeX Font Info:    ... okay on input line 42.
LaTeX Font Info:    Checking defaults for OMX/cmex/m/n on input line 42.
LaTeX Font Info:    ... okay on input line 42.
LaTeX Font Info:    Checking defaults for U/cmr/m/n on input line 42.
LaTeX Font Info:    ... okay on input line 42.
LaTeX Font Info:    Checking defaults for PD1/pdf/m/n on input line 42.
LaTeX Font Info:    ... okay on input line 42.
LaTeX Font Info:    Checking defaults for PU/pdf/m/n on input line 42.
LaTeX Font Info:    ... okay on input line 42.
LaTeX Info: Redefining \it@ocap on input line 42.
LaTeX Info: Redefining \it@ccap on input line 42.
LaTeX Info: Redefining \microtypecontext on input line 42.
Package microtype Info: Applying patch `item' on input line 42.
Package microtype Info: Applying patch `toc' on input line 42.
Package microtype Info: Applying patch `eqnum' on input line 42.
Package microtype Info: Applying patch `footnote' on input line 42.
Package microtype Info: Applying patch `verbatim' on input line 42.
LaTeX Info: Redefining \microtypesetup on input line 42.
Package microtype Info: Generating PDF output.
Package microtype Info: Character protrusion enabled (level 2).
Package microtype Info: Using default protrusion set `alltext'.
Package microtype Info: Automatic font expansion enabled (level 2),
(microtype)             stretch: 20, shrink: 20, step: 1, non-selected.
Package microtype Info: Using default expansion set `alltext-nott'.
LaTeX Info: Redefining \showhyphens on input line 42.
Package microtype Info: No adjustment of tracking.
Package microtype Info: No adjustment of interword spacing.
Package microtype Info: No adjustment of character kerning.

(/usr/share/texlive/texmf-dist/tex/latex/microtype/mt-cmr.cfg
File: mt-cmr.cfg 2013/05/19 v2.2 microtype config. file: Computer Modern Roman 
(RS)
)
*geometry* driver: auto-detecting
*geometry* detected driver: pdftex
*geometry* verbose mode - [ preamble ] result:
* driver: pdftex
* paper: a4paper
* layout: <same size as paper>
* layoutoffset:(h,v)=(0.0pt,0.0pt)
* modes: 
* h-part:(L,W,R)=(71.13188pt, 455.24411pt, 71.13188pt)
* v-part:(T,H,B)=(71.13188pt, 702.78308pt, 71.13188pt)
* \paperwidth=597.50787pt
* \paperheight=845.04684pt
* \textwidth=455.24411pt
* \textheight=702.78308pt
* \oddsidemargin=-1.1381pt
* \evensidemargin=-1.1381pt
* \topmargin=-38.1381pt
* \headheight=12.0pt
* \headsep=25.0pt
* \topskip=11.0pt
* \footskip=30.0pt
* \marginparwidth=50.0pt
* \marginparsep=10.0pt
* \columnsep=10.0pt
* \skip\footins=10.0pt plus 4.0pt minus 2.0pt
* \hoffset=0.0pt
* \voffset=0.0pt
* \mag=1000
* \@twocolumnfalse
* \@twosidefalse
* \@mparswitchfalse
* \@reversemarginfalse
* (1in=72.27pt=25.4mm, 1cm=28.453pt)

Package hyperref Info: Link coloring OFF on input line 42.
(/home/leonardo/uni/Appunti-Magistrale/Appunti_NSD/out/main.out)
(/home/leonardo/uni/Appunti-Magistrale/Appunti_NSD/out/main.out)
\@outlinefile=\write3
\openout3 = `main.out'.

\c@lstlisting=\count327

(/usr/share/texlive/texmf-dist/tex/context/base/mkii/supp-pdf.mkii
[Loading MPS to PDF converter (version 2006.09.02).]
\scratchcounter=\count328
\scratchdimen=\dimen257
\scratchbox=\box67
\nofMPsegments=\count329
\nofMParguments=\count330
\everyMPshowfont=\toks35
\MPscratchCnt=\count331
\MPscratchDim=\dimen258
\MPnumerator=\count332
\makeMPintoPDFobject=\count333
\everyMPtoPDFconversion=\toks36
) (/usr/share/texlive/texmf-dist/tex/latex/epstopdf-pkg/epstopdf-base.sty
Package: epstopdf-base 2020-01-24 v2.11 Base part for package epstopdf
Package epstopdf-base Info: Redefining graphics rule for `.eps' on input line 4
85.

(/usr/share/texlive/texmf-dist/tex/latex/latexconfig/epstopdf-sys.cfg
File: epstopdf-sys.cfg 2010/07/13 v1.3 Configuration of (r)epstopdf for TeX Liv
e
))
Package caption Info: Begin \AtBeginDocument code.
Package caption Info: End \AtBeginDocument code.
LaTeX Font Info:    Trying to load font information for OT1+lmr on input line 4
4.

(/usr/share/texmf/tex/latex/lm/ot1lmr.fd
File: ot1lmr.fd 2015/05/01 v1.6.1 Font defs for Latin Modern
)
LaTeX Font Info:    Trying to load font information for OML+lmm on input line 4
4.

(/usr/share/texmf/tex/latex/lm/omllmm.fd
File: omllmm.fd 2015/05/01 v1.6.1 Font defs for Latin Modern
)
LaTeX Font Info:    Trying to load font information for OMS+lmsy on input line 
44.

(/usr/share/texmf/tex/latex/lm/omslmsy.fd
File: omslmsy.fd 2015/05/01 v1.6.1 Font defs for Latin Modern
)
LaTeX Font Info:    Trying to load font information for OMX+lmex on input line 
44.

(/usr/share/texmf/tex/latex/lm/omxlmex.fd
File: omxlmex.fd 2015/05/01 v1.6.1 Font defs for Latin Modern
)
LaTeX Font Info:    External font `lmex10' loaded for size
(Font)              <12> on input line 44.
LaTeX Font Info:    External font `lmex10' loaded for size
(Font)              <8> on input line 44.
LaTeX Font Info:    External font `lmex10' loaded for size
(Font)              <6> on input line 44.
LaTeX Font Info:    Trying to load font information for U+msa on input line 44.


(/usr/share/texlive/texmf-dist/tex/latex/amsfonts/umsa.fd
File: umsa.fd 2013/01/14 v3.01 AMS symbols A
)
(/usr/share/texlive/texmf-dist/tex/latex/microtype/mt-msa.cfg
File: mt-msa.cfg 2006/02/04 v1.1 microtype config. file: AMS symbols (a) (RS)
)
LaTeX Font Info:    Trying to load font information for U+msb on input line 44.


(/usr/share/texlive/texmf-dist/tex/latex/amsfonts/umsb.fd
File: umsb.fd 2013/01/14 v3.01 AMS symbols B
)
(/usr/share/texlive/texmf-dist/tex/latex/microtype/mt-msb.cfg
File: mt-msb.cfg 2005/06/01 v1.0 microtype config. file: AMS symbols (b) (RS)
)
(/home/leonardo/uni/Appunti-Magistrale/Appunti_NSD/out/main.toc
LaTeX Font Info:    External font `lmex10' loaded for size
(Font)              <10.95> on input line 4.


[1

{/var/lib/texmf/fonts/map/pdftex/updmap/pdftex.map}{/usr/share/texmf/fonts/enc/
dvips/lm/lm-ec.enc}]
LaTeX Font Info:    Trying to load font information for T1+lmtt on input line 5
7.
 (/usr/share/texmf/tex/latex/lm/t1lmtt.fd
File: t1lmtt.fd 2015/05/01 v1.6.1 Font defs for Latin Modern
)
Package microtype Info: Loading generic protrusion settings for font family
(microtype)             `lmtt' (encoding: T1).
(microtype)             For optimal results, create family-specific settings.
(microtype)             See the microtype manual for details.
LaTeX Font Info:    Trying to load font information for TS1+lmr on input line 5
7.

(/usr/share/texmf/tex/latex/lm/ts1lmr.fd
File: ts1lmr.fd 2015/05/01 v1.6.1 Font defs for Latin Modern
)

[2{/usr/share/texmf/fonts/enc/dvips/lm/lm-ts1.enc}]

[3]

[4]

[5]

[6]

[7]
/home/leonardo/uni/Appunti-Magistrale/Appunti_NSD/out/main.toc:398: Missing $ i
nserted.
<inserted text> 
                $
l.398 ... {11}SYS_06 - Antivirus}{134}{section.11}
                                                  %
I've inserted a begin-math/end-math symbol since I think
you left one out. Proceed, with fingers crossed.

/home/leonardo/uni/Appunti-Magistrale/Appunti_NSD/out/main.toc:398: Extra }, or
 forgotten $.
<argument> ...{\numberline {11}SYS_06 - Antivirus}
                                                  \Hy@toclinkend 
l.398 ... {11}SYS_06 - Antivirus}{134}{section.11}
                                                  %
I've deleted a group-closing symbol because it seems to be
spurious, as in `$x}$'. But perhaps the } is legitimate and
you forgot something else, as in `\hbox{$x}'. In such cases
the way to recover is to insert both the forgotten and the
deleted material, e.g., by typing `I$}'.

/home/leonardo/uni/Appunti-Magistrale/Appunti_NSD/out/main.toc:398: Missing $ i
nserted.
<inserted text> 
                $
l.398 ... {11}SYS_06 - Antivirus}{134}{section.11}
                                                  %
I've inserted something that you may have forgotten.
(See the <inserted text> above.)
With luck, this will get me unwedged. But if you
really didn't forget anything, try typing `2' now; then
my insertion and my current dilemma will both disappear.

/home/leonardo/uni/Appunti-Magistrale/Appunti_NSD/out/main.toc:398: Missing } i
nserted.
<inserted text> 
                }
l.398 ... {11}SYS_06 - Antivirus}{134}{section.11}
                                                  %
I've inserted something that you may have forgotten.
(See the <inserted text> above.)
With luck, this will get me unwedged. But if you
really didn't forget anything, try typing `2' now; then
my insertion and my current dilemma will both disappear.



[8{/usr/share/texmf/fonts/enc/dvips/lm/lm-rm.enc}{/usr/share/texmf/fonts/enc/dv
ips/lm/lm-mathsy.enc}{/usr/share/texmf/fonts/enc/dvips/lm/lm-mathit.enc}])
\tf@toc=\write4
\openout4 = `main.toc'.



[9]
\openout2 = `sezioni/net01.aux'.

 (./sezioni/net01.tex
<immagini/slide1/stessa_rete.png, id=2113, 585.18625pt x 214.8025pt>
File: immagini/slide1/stessa_rete.png Graphic file (type png)
<use immagini/slide1/stessa_rete.png>
Package pdftex.def Info: immagini/slide1/stessa_rete.png  used on input line 18
.
(pdftex.def)             Requested size: 386.96027pt x 142.0454pt.
<immagini/slide1/esempio_mask.png, id=2115, 805.0075pt x 172.645pt>
File: immagini/slide1/esempio_mask.png Graphic file (type png)
<use immagini/slide1/esempio_mask.png>
Package pdftex.def Info: immagini/slide1/esempio_mask.png  used on input line 3
0.
(pdftex.def)             Requested size: 386.96027pt x 82.98718pt.


[10


 <./immagini/slide1/stessa_rete.png>]
<immagini/slide1/esempio_ip.png, id=2122, 748.7975pt x 272.01625pt>
File: immagini/slide1/esempio_ip.png Graphic file (type png)
<use immagini/slide1/esempio_ip.png>
Package pdftex.def Info: immagini/slide1/esempio_ip.png  used on input line 44.

(pdftex.def)             Requested size: 386.96027pt x 140.57347pt.
LaTeX Font Info:    Font shape `T1/lmtt/bx/n' in size <10.95> not available
(Font)              Font shape `T1/lmtt/b/n' tried instead on input line 49.

Overfull \hbox (5.25912pt too wide) in paragraph at lines 62--64
 \T1/lmr/bx/n/10.95 (-20) 1.1.3.2 2) Per-ché ba-sta guar-da-re l'ul-ti-mo ot-te
t-to[][] \T1/lmr/m/n/10.95 (-20) Con /27 i pri-mi tre ot-tet-ti (\T1/lmtt/m/n/1
0.95 209.85.129\T1/lmr/m/n/10.95 (-20) )
 []



[11{/usr/share/texmf/fonts/enc/dvips/lm/lm-mathex.enc} <./immagini/slide1/esemp
io_mask.png> <./immagini/slide1/esempio_ip.png>]
<immagini/slide1/dns.png, id=2136, 1072.005pt x 447.6725pt>
File: immagini/slide1/dns.png Graphic file (type png)
<use immagini/slide1/dns.png>
Package pdftex.def Info: immagini/slide1/dns.png  used on input line 116.
(pdftex.def)             Requested size: 386.96027pt x 161.59232pt.


[12]
<immagini/slide1/dns2.png, id=2147, 1014.79124pt x 421.575pt>
File: immagini/slide1/dns2.png Graphic file (type png)
<use immagini/slide1/dns2.png>
Package pdftex.def Info: immagini/slide1/dns2.png  used on input line 137.
(pdftex.def)             Requested size: 386.96027pt x 160.75337pt.


[13 <./immagini/slide1/dns.png> <./immagini/slide1/dns2.png>]

[14]
Underfull \hbox (badness 10000) in paragraph at lines 167--168

 []

<immagini/slide1/lab1.png, id=2162, 984.67876pt x 417.56pt>
File: immagini/slide1/lab1.png Graphic file (type png)
<use immagini/slide1/lab1.png>
Package pdftex.def Info: immagini/slide1/lab1.png  used on input line 180.
(pdftex.def)             Requested size: 386.96027pt x 164.09654pt.

Overfull \hbox (41.25984pt too wide) in paragraph at lines 197--198
\T1/lmr/m/n/10.95 (-20) af-fer-man-do che l'IP del rou-ter (\T1/lmtt/m/n/10.95 
10.0.0.1\T1/lmr/m/n/10.95 (-20) ) cor-ri-spon-de al MAC del-l'at-tac-can-te (\T
1/lmtt/m/n/10.95 aa:aa:aa:aa:aa:aa\T1/lmr/m/n/10.95 (-20) ); 
 []



[15 <./immagini/slide1/lab1.png>]
(/usr/share/texlive/texmf-dist/tex/latex/listings/lstlang1.sty
File: lstlang1.sty 2024/09/23 1.10c listings language file
)
(/usr/share/texlive/texmf-dist/tex/latex/listings/lstlang1.sty
File: lstlang1.sty 2024/09/23 1.10c listings language file
)
Package hyperref Info: bookmark level for unknown lstlisting defaults to 0 on i
nput line 205.
)

[16]
\openout2 = `sezioni/net02.aux'.

 (./sezioni/net02.tex
Underfull \hbox (badness 10000) in paragraph at lines 16--18

 []

LaTeX Font Info:    Trying to load font information for TS1+lmtt on input line 
25.
(/usr/share/texmf/tex/latex/lm/ts1lmtt.fd
File: ts1lmtt.fd 2015/05/01 v1.6.1 Font defs for Latin Modern
)
Package microtype Info: Loading generic protrusion settings for font family
(microtype)             `lmtt' (encoding: TS1).
(microtype)             For optimal results, create family-specific settings.
(microtype)             See the microtype manual for details.
Package microtype Info: Character `texttrademark ' is missing
(microtype)             in font `TS1/lmtt/m/n/10.95'.
(microtype)             Ignoring protrusion settings for this character.
<immagini/NET_02/adress_learning_1.png, id=2192, 598.48593pt x 280.79906pt>
File: immagini/NET_02/adress_learning_1.png Graphic file (type png)
<use immagini/NET_02/adress_learning_1.png>
Package pdftex.def Info: immagini/NET_02/adress_learning_1.png  used on input l
ine 31.
(pdftex.def)             Requested size: 386.96027pt x 181.55746pt.


[17



]
<immagini/NET_02/address_learning_2.png, id=2198, 640.64343pt x 291.33844pt>
File: immagini/NET_02/address_learning_2.png Graphic file (type png)
<use immagini/NET_02/address_learning_2.png>
Package pdftex.def Info: immagini/NET_02/address_learning_2.png  used on input 
line 39.
(pdftex.def)             Requested size: 386.96027pt x 175.97801pt.


[18 <./immagini/NET_02/adress_learning_1.png> <./immagini/NET_02/address_learni
ng_2.png>]
<immagini//NET_02/DHCP.png, id=2207, 599.99156pt x 398.99063pt>
File: immagini//NET_02/DHCP.png Graphic file (type png)
<use immagini//NET_02/DHCP.png>
Package pdftex.def Info: immagini//NET_02/DHCP.png  used on input line 84.
(pdftex.def)             Requested size: 227.62206pt x 151.3684pt.


[19 <./immagini//NET_02/DHCP.png>]
<immagini//NET_02/ARP.png, id=2219, 569.12625pt x 312.41719pt>
File: immagini//NET_02/ARP.png Graphic file (type png)
<use immagini//NET_02/ARP.png>
Package pdftex.def Info: immagini//NET_02/ARP.png  used on input line 98.
(pdftex.def)             Requested size: 227.62206pt x 124.95035pt.

Underfull \hbox (badness 10000) in paragraph at lines 118--119

 []



[20 <./immagini//NET_02/ARP.png>]

[21]
Underfull \hbox (badness 10000) in paragraph at lines 169--170

 []


Underfull \hbox (badness 10000) in paragraph at lines 187--188

 []

<immagini//NET_02/MITM.png, id=2230, 514.92375pt x 255.20343pt>
File: immagini//NET_02/MITM.png Graphic file (type png)
<use immagini//NET_02/MITM.png>
Package pdftex.def Info: immagini//NET_02/MITM.png  used on input line 199.
(pdftex.def)             Requested size: 227.62206pt x 112.81166pt.


[22 <./immagini//NET_02/MITM.png>]

[23]
LaTeX Font Info:    Font shape `T1/lmtt/bx/n' in size <10> not available
(Font)              Font shape `T1/lmtt/b/n' tried instead on input line 275.


[24]
Underfull \hbox (badness 10000) in paragraph at lines 286--287

 []

LaTeX Font Info:    Font shape `T1/lmtt/bx/n' in size <12> not available
(Font)              Font shape `T1/lmtt/b/n' tried instead on input line 289.

Overfull \hbox (18.86992pt too wide) in paragraph at lines 289--289
[]\T1/lmr/bx/n/12 (-20) Laboratorio 2A: ACL L2 con Li-nux Brid-ge ed \T1/lmtt/b
/n/12 ebtables \T1/lmr/bx/n/12 (-20) (bin-ding MAC\TS1/lmr/bx/n/12 (-20) ^^Y\T1
/lmr/bx/n/12 (-20) porta) 
 []


Package hyperref Warning: Difference (2) between bookmark levels is greater 
(hyperref)                than one, level fixed on input line 308.


Underfull \hbox (badness 10000) in paragraph at lines 324--325

 []


Underfull \hbox (badness 10000) in paragraph at lines 335--336

 []



[25]

Package hyperref Warning: Difference (2) between bookmark levels is greater 
(hyperref)                than one, level fixed on input line 380.


Underfull \hbox (badness 10000) in paragraph at lines 380--381

 []



[26]
Underfull \hbox (badness 10000) in paragraph at lines 391--392

 []


Underfull \hbox (badness 10000) in paragraph at lines 402--403

 []



[27])

[28]
\openout2 = `sezioni/net03.aux'.

 (./sezioni/net03.tex

Package hyperref Warning: Difference (2) between bookmark levels is greater 
(hyperref)                than one, level fixed on input line 6.

<immagini/NET_03/ip_subnet.png, id=2357, 754.82pt x 472.76625pt>
File: immagini/NET_03/ip_subnet.png Graphic file (type png)
<use immagini/NET_03/ip_subnet.png>
Package pdftex.def Info: immagini/NET_03/ip_subnet.png  used on input line 23.
(pdftex.def)             Requested size: 386.96027pt x 242.3628pt.


[29



 <./immagini/NET_03/ip_subnet.png>]
<immagini/NET_03/vlan.png, id=2364, 707.64375pt x 322.20375pt>
File: immagini/NET_03/vlan.png Graphic file (type png)
<use immagini/NET_03/vlan.png>
Package pdftex.def Info: immagini/NET_03/vlan.png  used on input line 41.
(pdftex.def)             Requested size: 386.96027pt x 176.18999pt.
<immagini/NET_03/vlan2.png, id=2366, 703.62875pt x 426.59375pt>
File: immagini/NET_03/vlan2.png Graphic file (type png)
<use immagini/NET_03/vlan2.png>
Package pdftex.def Info: immagini/NET_03/vlan2.png  used on input line 65.
(pdftex.def)             Requested size: 386.96027pt x 234.60124pt.


[30 <./immagini/NET_03/vlan.png>]
<immagini/NET_03/vlan3.png, id=2374, 610.28pt x 453.695pt>
File: immagini/NET_03/vlan3.png Graphic file (type png)
<use immagini/NET_03/vlan3.png>
Package pdftex.def Info: immagini/NET_03/vlan3.png  used on input line 76.
(pdftex.def)             Requested size: 295.90588pt x 219.98642pt.


[31 <./immagini/NET_03/vlan2.png> <./immagini/NET_03/vlan3.png>]
<immagini/NET_03/access_link.png, id=2388, 211.79124pt x 301.125pt>
File: immagini/NET_03/access_link.png Graphic file (type png)
<use immagini/NET_03/access_link.png>
Package pdftex.def Info: immagini/NET_03/access_link.png  used on input line 14
1.
(pdftex.def)             Requested size: 113.81102pt x 161.81476pt.


[32]
<immagini/NET_03/access_link_legacy.png, id=2393, 755.82375pt x 392.46625pt>
File: immagini/NET_03/access_link_legacy.png Graphic file (type png)
<use immagini/NET_03/access_link_legacy.png>
Package pdftex.def Info: immagini/NET_03/access_link_legacy.png  used on input 
line 159.
(pdftex.def)             Requested size: 386.96027pt x 200.93364pt.


[33 <./immagini/NET_03/access_link.png> <./immagini/NET_03/access_link_legacy.p
ng>]
<immagini/NET_03/trunk_link.png, id=2402, 713.66624pt x 342.27875pt>
File: immagini/NET_03/trunk_link.png Graphic file (type png)
<use immagini/NET_03/trunk_link.png>
Package pdftex.def Info: immagini/NET_03/trunk_link.png  used on input line 186
.
(pdftex.def)             Requested size: 273.14923pt x 131.00214pt.
<immagini/NET_03/hybrid_link.png, id=2403, 550.055pt x 379.4175pt>
File: immagini/NET_03/hybrid_link.png Graphic file (type png)
<use immagini/NET_03/hybrid_link.png>
Package pdftex.def Info: immagini/NET_03/hybrid_link.png  used on input line 21
2.
(pdftex.def)             Requested size: 341.43307pt x 235.5201pt.


[34 <./immagini/NET_03/trunk_link.png>]
<immagini/NET_03/multivlan_station.png, id=2410, 727.71875pt x 470.75874pt>
File: immagini/NET_03/multivlan_station.png Graphic file (type png)
<use immagini/NET_03/multivlan_station.png>
Package pdftex.def Info: immagini/NET_03/multivlan_station.png  used on input l
ine 239.
(pdftex.def)             Requested size: 341.43307pt x 220.87593pt.


[35 <./immagini/NET_03/hybrid_link.png>]

[36 <./immagini/NET_03/multivlan_station.png>]
Underfull \hbox (badness 10000) in paragraph at lines 250--251

 []

<immagini/NET_03/lab3_topology.png, id=2423, 1085.05376pt x 650.43pt>
File: immagini/NET_03/lab3_topology.png Graphic file (type png)
<use immagini/NET_03/lab3_topology.png>
Package pdftex.def Info: immagini/NET_03/lab3_topology.png  used on input line 
270.
(pdftex.def)             Requested size: 341.43307pt x 204.66818pt.


[37 <./immagini/NET_03/lab3_topology.png>]

Package hyperref Warning: Difference (2) between bookmark levels is greater 
(hyperref)                than one, level fixed on input line 317.

<immagini/NET_03/example.png, id=2445, 1112.155pt x 662.475pt>
File: immagini/NET_03/example.png Graphic file (type png)
<use immagini/NET_03/example.png>
Package pdftex.def Info: immagini/NET_03/example.png  used on input line 343.
(pdftex.def)             Requested size: 386.96027pt x 230.50507pt.


[38]

[39 <./immagini/NET_03/example.png>]
<immagini/NET_03/mac_attack.png, id=2480, 483.8075pt x 482.80376pt>
File: immagini/NET_03/mac_attack.png Graphic file (type png)
<use immagini/NET_03/mac_attack.png>
Package pdftex.def Info: immagini/NET_03/mac_attack.png  used on input line 387
.
(pdftex.def)             Requested size: 341.43307pt x 340.73769pt.


[40 <./immagini/NET_03/mac_attack.png>]
<immagini/NET_03/basic_vlan_hopping.png, id=2487, 507.8975pt x 310.15875pt>
File: immagini/NET_03/basic_vlan_hopping.png Graphic file (type png)
<use immagini/NET_03/basic_vlan_hopping.png>
Package pdftex.def Info: immagini/NET_03/basic_vlan_hopping.png  used on input 
line 413.
(pdftex.def)             Requested size: 227.62206pt x 139.00223pt.
<immagini/NET_03/double_tagging.png, id=2488, 589.20125pt x 312.16624pt>
File: immagini/NET_03/double_tagging.png Graphic file (type png)
<use immagini/NET_03/double_tagging.png>
Package pdftex.def Info: immagini/NET_03/double_tagging.png  used on input line
 422.
(pdftex.def)             Requested size: 227.62206pt x 120.59639pt.


[41 <./immagini/NET_03/basic_vlan_hopping.png> <./immagini/NET_03/double_taggin
g.png>]

[42]
Underfull \hbox (badness 10000) in paragraph at lines 472--473

 []

File: immagini/NET_03/double_tagging.png Graphic file (type png)
<use immagini/NET_03/double_tagging.png>
Package pdftex.def Info: immagini/NET_03/double_tagging.png  used on input line
 480.
(pdftex.def)             Requested size: 364.19667pt x 192.95995pt.
<immagini/NET_03/lab4_topology.png, id=2505, 1135.24126pt x 615.29875pt>
File: immagini/NET_03/lab4_topology.png Graphic file (type png)
<use immagini/NET_03/lab4_topology.png>
Package pdftex.def Info: immagini/NET_03/lab4_topology.png  used on input line 
490.
(pdftex.def)             Requested size: 341.43307pt x 185.05109pt.


[43 <./immagini/NET_03/lab4_topology.png>]

[44])

[45]
\openout2 = `sezioni/net04.aux'.

 (./sezioni/net04.tex
<immagini/NET_04/architettura.png, id=2536, 930.47626pt x 582.175pt>
File: immagini/NET_04/architettura.png Graphic file (type png)
<use immagini/NET_04/architettura.png>
Package pdftex.def Info: immagini/NET_04/architettura.png  used on input line 1
9.
(pdftex.def)             Requested size: 386.96027pt x 242.10446pt.


Package hyperref Warning: Difference (2) between bookmark levels is greater 
(hyperref)                than one, level fixed on input line 29.



[46



 <./immagini/NET_04/architettura.png>]

Package hyperref Warning: Difference (2) between bookmark levels is greater 
(hyperref)                than one, level fixed on input line 55.


Overfull \hbox (12.64726pt too wide) in paragraph at lines 55--57
\T1/lmr/m/n/10.95 (-20) EAP e par-la con il ser-ver usan-do i mes-sag-gi RA-DIU
S tra-di-zio-na-li (\T1/lmtt/m/n/10.95 Access-Request/Accept/Reject\T1/lmr/m/n/
10.95 (-20) )
 []

<immagini/NET_04/eapor.png, id=2543, 1225.57875pt x 430.60875pt>
File: immagini/NET_04/eapor.png Graphic file (type png)
<use immagini/NET_04/eapor.png>
Package pdftex.def Info: immagini/NET_04/eapor.png  used on input line 89.
(pdftex.def)             Requested size: 364.19667pt x 127.96149pt.


[47]

Package hyperref Warning: Difference (2) between bookmark levels is greater 
(hyperref)                than one, level fixed on input line 99.


Overfull \hbox (33.38443pt too wide) in paragraph at lines 106--109
\T1/lmr/m/n/10.95 (-20) ter-mi-na EAP e dia-lo-ga con il ser-ver usan-do mes-sa
g-gi \T1/lmtt/m/n/10.95 Access-Request/Challenge/Accept/Reject
 []

<immagini/NET_04/msg.png, id=2548, 597.23125pt x 501.875pt>
File: immagini/NET_04/msg.png Graphic file (type png)
<use immagini/NET_04/msg.png>
Package pdftex.def Info: immagini/NET_04/msg.png  used on input line 118.
(pdftex.def)             Requested size: 295.90588pt x 248.66245pt.


[48 <./immagini/NET_04/eapor.png> <./immagini/NET_04/msg.png>]
<immagini/NET_04/msg2.png, id=2561, 730.73pt x 801.99625pt>
File: immagini/NET_04/msg2.png Graphic file (type png)
<use immagini/NET_04/msg2.png>
Package pdftex.def Info: immagini/NET_04/msg2.png  used on input line 148.
(pdftex.def)             Requested size: 295.90588pt x 324.75775pt.


[49 <./immagini/NET_04/msg2.png>]

Package hyperref Warning: Difference (2) between bookmark levels is greater 
(hyperref)                than one, level fixed on input line 194.



[50]

[51]
Underfull \hbox (badness 10000) in paragraph at lines 255--256

 []


Package hyperref Warning: Difference (2) between bookmark levels is greater 
(hyperref)                than one, level fixed on input line 259.

<immagini/NET_04/topologia.png, id=2587, 984.67876pt x 696.6025pt>
File: immagini/NET_04/topologia.png Graphic file (type png)
<use immagini/NET_04/topologia.png>
Package pdftex.def Info: immagini/NET_04/topologia.png  used on input line 280.

(pdftex.def)             Requested size: 386.96027pt x 273.75722pt.

Overfull \hbox (41.93944pt too wide) in paragraph at lines 293--295
[]\T1/lmr/m/n/10.95 (-20) abilitazione del-l'i-nol-tro EA-PoL con: [][]\T1/lmtt
/m/n/10.95 echo 8 > /sys/class/net/bridge/bridge/group_fwd_mask[]\T1/lmr/m/n/10
.95 (-20) ; 
 []



[52 <./immagini/NET_04/topologia.png>]
Overfull \hbox (19.08252pt too wide) in paragraph at lines 296--299
[]\T1/lmr/m/n/10.95 (-20) configurazione \T1/lmtt/m/n/10.95 hostapd.conf \T1/lm
r/m/n/10.95 (-20) con: \T1/lmtt/m/n/10.95 ieee8021x=1\T1/lmr/m/n/10.95 (-20) , 
\T1/lmtt/m/n/10.95 use_pae_group_addr=1\T1/lmr/m/n/10.95 (-20) , \T1/lmtt/m/n/1
0.95 auth_server_addr\T1/lmr/m/n/10.95 (-20) ,
 []


Overfull \hbox (3.4267pt too wide) in paragraph at lines 347--348
[]\T1/lmr/m/n/10.95 (-20) rimuove la re-go-la quan-do l'u-ten-te si di-scon-net
-te (\T1/lmtt/m/n/10.95 EAPoL-Logoff\T1/lmr/m/n/10.95 (-20) ) o fal-li-sce la r
i-autenticazione. 
 []



[53]
Overfull \hbox (18.18065pt too wide) in paragraph at lines 356--357
[]\T1/lmr/m/n/10.95 (-20) Il ser-ver RA-DIUS va-lu-ta le cre-den-zia-li e re-st
i-tui-sce \T1/lmtt/m/n/10.95 Access-Challenge \T1/lmr/m/n/10.95 (-20) (MD5) o \
T1/lmtt/m/n/10.95 Access-Accept\T1/lmr/m/n/10.95 (-20) . 
 []



[54]
<immagini/NET_04/mka.png, id=2608, 1129.21875pt x 649.42625pt>
File: immagini/NET_04/mka.png Graphic file (type png)
<use immagini/NET_04/mka.png>
Package pdftex.def Info: immagini/NET_04/mka.png  used on input line 391.
(pdftex.def)             Requested size: 341.43307pt x 196.36534pt.


[55 <./immagini/NET_04/mka.png>]

[56]

[57]
Underfull \hbox (badness 10000) in paragraph at lines 473--474

 []

<immagini/NET_04/mka_topology.png, id=2631, 1129.21875pt x 649.42625pt>
File: immagini/NET_04/mka_topology.png Graphic file (type png)
<use immagini/NET_04/mka_topology.png>
Package pdftex.def Info: immagini/NET_04/mka_topology.png  used on input line 4
91.
(pdftex.def)             Requested size: 386.96027pt x 222.54607pt.


[58 <./immagini/NET_04/mka_topology.png>]
Overfull \hbox (1.87363pt too wide) in paragraph at lines 554--555
[]\T1/lmr/bx/n/10.95 (-20) Interfaccia \T1/lmtt/b/n/10.95 macsec0 \T1/lmr/bx/n/
10.95 (-20) as-sen-te\T1/lmr/m/n/10.95 (-20) : ve-ri-fi-ca-re \T1/lmtt/m/n/10.9
5 -D macsec_linux\T1/lmr/m/n/10.95 (-20) , \T1/lmtt/m/n/10.95 ap_scan=0\T1/lmr/
m/n/10.95 (-20) , \T1/lmtt/m/n/10.95 eapol_version=3\T1/lmr/m/n/10.95 (-20) . 
 []

)

[59]
\openout2 = `sezioni/net05.aux'.

 (./sezioni/net05.tex
<immagini/NET_05/base.png, id=2644, 760.34062pt x 246.9225pt>
File: immagini/NET_05/base.png Graphic file (type png)
<use immagini/NET_05/base.png>
Package pdftex.def Info: immagini/NET_05/base.png  used on input line 8.
(pdftex.def)             Requested size: 273.14923pt x 88.7074pt.


[60



 <./immagini/NET_05/base.png>]
<immagini/NET_05/firewall_charateristics.png, id=2651, 743.02594pt x 419.31656p
t>
File: immagini/NET_05/firewall_charateristics.png Graphic file (type png)
<use immagini/NET_05/firewall_charateristics.png>
Package pdftex.def Info: immagini/NET_05/firewall_charateristics.png  used on i
nput line 39.
(pdftex.def)             Requested size: 386.96027pt x 218.37857pt.


[61 <./immagini/NET_05/firewall_charateristics.png>]
<immagini/NET_05/filtering.png, id=2659, 292.84406pt x 251.43938pt>
File: immagini/NET_05/filtering.png Graphic file (type png)
<use immagini/NET_05/filtering.png>
Package pdftex.def Info: immagini/NET_05/filtering.png  used on input line 62.
(pdftex.def)             Requested size: 273.14923pt x 234.55365pt.
<immagini/NET_05/ex1.png, id=2660, 1054.6903pt x 307.1475pt>
File: immagini/NET_05/ex1.png Graphic file (type png)
<use immagini/NET_05/ex1.png>
Package pdftex.def Info: immagini/NET_05/ex1.png  used on input line 74.
(pdftex.def)             Requested size: 273.14923pt x 79.54245pt.


[62 <./immagini/NET_05/filtering.png> <./immagini/NET_05/ex1.png>]
<immagini/NET_05/stateful_inspection_firewall.png, id=2669, 285.31593pt x 237.8
8875pt>
File: immagini/NET_05/stateful_inspection_firewall.png Graphic file (type png)
<use immagini/NET_05/stateful_inspection_firewall.png>
Package pdftex.def Info: immagini/NET_05/stateful_inspection_firewall.png  used
 on input line 90.
(pdftex.def)             Requested size: 273.14923pt x 227.74625pt.


[63 <./immagini/NET_05/stateful_inspection_firewall.png>]

[64]

[65]
<immagini/NET_05/from_in_to_out.png, id=2684, 914.66719pt x 533.74406pt>
File: immagini/NET_05/from_in_to_out.png Graphic file (type png)
<use immagini/NET_05/from_in_to_out.png>
Package pdftex.def Info: immagini/NET_05/from_in_to_out.png  used on input line
 188.
(pdftex.def)             Requested size: 318.66948pt x 185.94992pt.
<immagini/NET_05/from_out_to_in.png, id=2685, 919.18407pt x 532.23843pt>
File: immagini/NET_05/from_out_to_in.png Graphic file (type png)
<use immagini/NET_05/from_out_to_in.png>
Package pdftex.def Info: immagini/NET_05/from_out_to_in.png  used on input line
 193.
(pdftex.def)             Requested size: 318.66948pt x 184.52391pt.
<immagini/NET_05/from_out_to_out.png, id=2686, 922.19531pt x 523.9575pt>
File: immagini/NET_05/from_out_to_out.png Graphic file (type png)
<use immagini/NET_05/from_out_to_out.png>
Package pdftex.def Info: immagini/NET_05/from_out_to_out.png  used on input lin
e 198.
(pdftex.def)             Requested size: 318.66948pt x 181.05334pt.


[66 <./immagini/NET_05/from_in_to_out.png>]

[67 <./immagini/NET_05/from_out_to_in.png> <./immagini/NET_05/from_out_to_out.p
ng>]

[68]

[69]
Underfull \hbox (badness 10000) in paragraph at lines 270--271

 []


Package hyperref Warning: Difference (2) between bookmark levels is greater 
(hyperref)                than one, level fixed on input line 274.

<immagini/NET_05/topologia.png, id=2710, 826.58812pt x 504.38437pt>
File: immagini/NET_05/topologia.png Graphic file (type png)
<use immagini/NET_05/topologia.png>
Package pdftex.def Info: immagini/NET_05/topologia.png  used on input line 287.

(pdftex.def)             Requested size: 318.66948pt x 194.4541pt.


[70 <./immagini/NET_05/topologia.png>]

[71]
Underfull \hbox (badness 10000) in paragraph at lines 353--354

 []



[72]

[73]

[74])

[75]
\openout2 = `sezioni/net06.aux'.

 (./sezioni/net06.tex

Package hyperref Warning: Difference (2) between bookmark levels is greater 
(hyperref)                than one, level fixed on input line 21.



[76



]
<immagini/NET_06/handshake.png, id=2743, 1476.51625pt x 813.0375pt>
File: immagini/NET_06/handshake.png Graphic file (type png)
<use immagini/NET_06/handshake.png>
Package pdftex.def Info: immagini/NET_06/handshake.png  used on input line 49.
(pdftex.def)             Requested size: 409.71692pt x 225.60196pt.
<immagini/NET_06/dh.png, id=2744, 1273.75874pt x 710.655pt>
File: immagini/NET_06/dh.png Graphic file (type png)
<use immagini/NET_06/dh.png>
Package pdftex.def Info: immagini/NET_06/dh.png  used on input line 57.
(pdftex.def)             Requested size: 318.66948pt x 177.7826pt.
<immagini/NET_06/sshlogin.png, id=2745, 1384.17125pt x 710.655pt>
File: immagini/NET_06/sshlogin.png Graphic file (type png)
<use immagini/NET_06/sshlogin.png>
Package pdftex.def Info: immagini/NET_06/sshlogin.png  used on input line 70.
(pdftex.def)             Requested size: 409.71692pt x 210.34624pt.


[77 <./immagini/NET_06/handshake.png> <./immagini/NET_06/dh.png>]
Overfull \hbox (40.05025pt too wide) in paragraph at lines 83--85
\T1/lmr/m/n/10.95 (-20) La chia-ve pub-bli-ca del client (\T1/lmtt/m/n/10.95 id
_rsa.pub\T1/lmr/m/n/10.95 (-20) ) de-ve es-se-re ag-giun-ta sul ser-ver al fi-l
e \T1/lmtt/m/n/10.95 ^^C/.ssh/authorized_keys\T1/lmr/m/n/10.95 (-20) .
 []



[78 <./immagini/NET_06/sshlogin.png>]
<immagini/NET_06/sec.png, id=2761, 1205.50375pt x 676.5275pt>
File: immagini/NET_06/sec.png Graphic file (type png)
<use immagini/NET_06/sec.png>
Package pdftex.def Info: immagini/NET_06/sec.png  used on input line 136.
(pdftex.def)             Requested size: 318.66948pt x 178.83504pt.


Package hyperref Warning: Difference (2) between bookmark levels is greater 
(hyperref)                than one, level fixed on input line 149.



[79 <./immagini/NET_06/sec.png>]
<immagini/NET_06/tls.png, id=2769, 604.2575pt x 691.58376pt>
File: immagini/NET_06/tls.png Graphic file (type png)
<use immagini/NET_06/tls.png>
Package pdftex.def Info: immagini/NET_06/tls.png  used on input line 180.
(pdftex.def)             Requested size: 227.62206pt x 260.51462pt.


[80]
<immagini/NET_06/tls23.png, id=2774, 1553.805pt x 784.9325pt>
File: immagini/NET_06/tls23.png Graphic file (type png)
<use immagini/NET_06/tls23.png>
Package pdftex.def Info: immagini/NET_06/tls23.png  used on input line 206.
(pdftex.def)             Requested size: 318.66948pt x 160.97208pt.


[81 <./immagini/NET_06/tls.png>]

[82 <./immagini/NET_06/tls23.png>]
Underfull \hbox (badness 10000) in paragraph at lines 229--230

 []


Package hyperref Warning: Difference (2) between bookmark levels is greater 
(hyperref)                than one, level fixed on input line 235.


Overfull \hbox (35.3342pt too wide) in paragraph at lines 257--258
 \T1/lmr/bx/n/10.95 (-20) 6.3.0.2 2. Con-fi-gu-ra-zio-ne di Apa-che2.[][] \T1/l
mr/m/n/10.95 (-20) Nel fi-le \T1/lmtt/m/n/10.95 /etc/apache2/sites-available/te
stssl.conf\T1/lmr/m/n/10.95 (-20) : 
 []



[83]

Package hyperref Warning: Difference (2) between bookmark levels is greater 
(hyperref)                than one, level fixed on input line 293.


Package hyperref Warning: Difference (2) between bookmark levels is greater 
(hyperref)                than one, level fixed on input line 310.



[84])

[85]
\openout2 = `sezioni/sys01.aux'.

 (./sezioni/sys01.tex

Package hyperref Warning: Difference (2) between bookmark levels is greater 
(hyperref)                than one, level fixed on input line 16.



[86



]

[87]

[88])

[89]
\openout2 = `sezioni/sys02.aux'.

 (./sezioni/sys02.tex
<immagini/SYS_02/pipeline.png, id=2828, 539.01375pt x 308.15125pt>
File: immagini/SYS_02/pipeline.png Graphic file (type png)
<use immagini/SYS_02/pipeline.png>
Package pdftex.def Info: immagini/SYS_02/pipeline.png  used on input line 26.
(pdftex.def)             Requested size: 218.51521pt x 124.92282pt.
<immagini/SYS_02/pipeline2.png, id=2829, 538.01pt x 316.18124pt>
File: immagini/SYS_02/pipeline2.png Graphic file (type png)
<use immagini/SYS_02/pipeline2.png>
Package pdftex.def Info: immagini/SYS_02/pipeline2.png  used on input line 32.
(pdftex.def)             Requested size: 218.51521pt x 128.41936pt.


[90



 <./immagini/SYS_02/pipeline.png> <./immagini/SYS_02/pipeline2.png>]

Package hyperref Warning: Difference (2) between bookmark levels is greater 
(hyperref)                than one, level fixed on input line 46.

<immagini/SYS_02/twobit.png, id=2838, 578.16pt x 357.335pt>
File: immagini/SYS_02/twobit.png Graphic file (type png)
<use immagini/SYS_02/twobit.png>
Package pdftex.def Info: immagini/SYS_02/twobit.png  used on input line 66.
(pdftex.def)             Requested size: 364.19667pt x 225.08952pt.
<immagini/SYS_02/pht.png, id=2839, 578.16pt x 357.335pt>
File: immagini/SYS_02/pht.png Graphic file (type png)
<use immagini/SYS_02/pht.png>
Package pdftex.def Info: immagini/SYS_02/pht.png  used on input line 79.
(pdftex.def)             Requested size: 227.62206pt x 140.67958pt.


[91 <./immagini/SYS_02/twobit.png>]

[92 <./immagini/SYS_02/pht.png>]
<immagini/SYS_02/ooo.png, id=2854, 567.11874pt x 370.38374pt>
File: immagini/SYS_02/ooo.png Graphic file (type png)
<use immagini/SYS_02/ooo.png>
Package pdftex.def Info: immagini/SYS_02/ooo.png  used on input line 124.
(pdftex.def)             Requested size: 364.19667pt x 237.86426pt.


[93 <./immagini/SYS_02/ooo.png>]
<immagini/SYS_02/cachemiss.png, id=2862, 578.16pt x 357.335pt>
File: immagini/SYS_02/cachemiss.png Graphic file (type png)
<use immagini/SYS_02/cachemiss.png>
Package pdftex.def Info: immagini/SYS_02/cachemiss.png  used on input line 136.

(pdftex.def)             Requested size: 341.43307pt x 211.02211pt.
<immagini/SYS_02/memory_piramide.png, id=2863, 578.16pt x 357.335pt>
File: immagini/SYS_02/memory_piramide.png Graphic file (type png)
<use immagini/SYS_02/memory_piramide.png>
Package pdftex.def Info: immagini/SYS_02/memory_piramide.png  used on input lin
e 149.
(pdftex.def)             Requested size: 318.66948pt x 196.9547pt.


Package hyperref Warning: Difference (2) between bookmark levels is greater 
(hyperref)                than one, level fixed on input line 156.



[94 <./immagini/SYS_02/cachemiss.png> <./immagini/SYS_02/memory_piramide.png>]
<immagini/SYS_02/direct_mapped.png, id=2872, 1145.27875pt x 634.37pt>
File: immagini/SYS_02/direct_mapped.png Graphic file (type png)
<use immagini/SYS_02/direct_mapped.png>
Package pdftex.def Info: immagini/SYS_02/direct_mapped.png  used on input line 
186.
(pdftex.def)             Requested size: 295.90588pt x 163.89658pt.
<immagini/SYS_02/fullyasso.png, id=2873, 1145.27875pt x 634.37pt>
File: immagini/SYS_02/fullyasso.png Graphic file (type png)
<use immagini/SYS_02/fullyasso.png>
Package pdftex.def Info: immagini/SYS_02/fullyasso.png  used on input line 203.

(pdftex.def)             Requested size: 295.90588pt x 163.89658pt.


[95 <./immagini/SYS_02/direct_mapped.png>]
<immagini/SYS_02/4way.png, id=2880, 1145.27875pt x 634.37pt>
File: immagini/SYS_02/4way.png Graphic file (type png)
<use immagini/SYS_02/4way.png>
Package pdftex.def Info: immagini/SYS_02/4way.png  used on input line 220.
(pdftex.def)             Requested size: 295.90588pt x 163.89658pt.


[96 <./immagini/SYS_02/fullyasso.png> <./immagini/SYS_02/4way.png>]
Underfull \hbox (badness 10000) in paragraph at lines 260--263

 []



[97]

Package hyperref Warning: Difference (2) between bookmark levels is greater 
(hyperref)                than one, level fixed on input line 272.

<immagini/SYS_02/snooping.png, id=2896, 626.34pt x 483.8075pt>
File: immagini/SYS_02/snooping.png Graphic file (type png)
<use immagini/SYS_02/snooping.png>
Package pdftex.def Info: immagini/SYS_02/snooping.png  used on input line 305.
(pdftex.def)             Requested size: 295.90588pt x 228.57072pt.


[98]
<immagini/SYS_02/vi.png, id=2901, 740.7675pt x 484.81125pt>
File: immagini/SYS_02/vi.png Graphic file (type png)
<use immagini/SYS_02/vi.png>
Package pdftex.def Info: immagini/SYS_02/vi.png  used on input line 333.
(pdftex.def)             Requested size: 273.14923pt x 178.77074pt.


[99 <./immagini/SYS_02/snooping.png>]

Package hyperref Warning: Difference (2) between bookmark levels is greater 
(hyperref)                than one, level fixed on input line 350.

<immagini/SYS_02/cache.png, id=2908, 334.24875pt x 173.64874pt>
File: immagini/SYS_02/cache.png Graphic file (type png)
<use immagini/SYS_02/cache.png>
Package pdftex.def Info: immagini/SYS_02/cache.png  used on input line 372.
(pdftex.def)             Requested size: 295.90588pt x 153.7414pt.


[100 <./immagini/SYS_02/vi.png>]
<immagini/SYS_02/tsx_c.png, id=2915, 758.835pt x 507.8975pt>
File: immagini/SYS_02/tsx_c.png Graphic file (type png)
<use immagini/SYS_02/tsx_c.png>
Package pdftex.def Info: immagini/SYS_02/tsx_c.png  used on input line 387.
(pdftex.def)             Requested size: 213.96529pt x 143.21007pt.
<immagini/SYS_02/tsx_asm.png, id=2916, 644.4075pt x 523.9575pt>
File: immagini/SYS_02/tsx_asm.png Graphic file (type png)
<use immagini/SYS_02/tsx_asm.png>
Package pdftex.def Info: immagini/SYS_02/tsx_asm.png  used on input line 394.
(pdftex.def)             Requested size: 213.96529pt x 173.96983pt.


Package hyperref Warning: Difference (2) between bookmark levels is greater 
(hyperref)                than one, level fixed on input line 402.



[101 <./immagini/SYS_02/cache.png> <./immagini/SYS_02/tsx_c.png> <./immagini/SY
S_02/tsx_asm.png>]

Package hyperref Warning: Difference (2) between bookmark levels is greater 
(hyperref)                than one, level fixed on input line 454.



[102])

[103]
\openout2 = `sezioni/sys04.aux'.

 (./sezioni/sys04.tex

Package hyperref Warning: Difference (2) between bookmark levels is greater 
(hyperref)                than one, level fixed on input line 18.

<immagini/SYS_04/strcmp.png, id=2938, 395.22656pt x 173.14688pt>
File: immagini/SYS_04/strcmp.png Graphic file (type png)
<use immagini/SYS_04/strcmp.png>
Package pdftex.def Info: immagini/SYS_04/strcmp.png  used on input line 21.
(pdftex.def)             Requested size: 227.62206pt x 99.71983pt.


[104



 <./immagini/SYS_04/strcmp.png>]
<immagini/SYS_04/constTime.png, id=2945, 710.655pt x 194.22563pt>
File: immagini/SYS_04/constTime.png Graphic file (type png)
<use immagini/SYS_04/constTime.png>
Package pdftex.def Info: immagini/SYS_04/constTime.png  used on input line 38.
(pdftex.def)             Requested size: 386.96027pt x 105.76047pt.


Package hyperref Warning: Difference (2) between bookmark levels is greater 
(hyperref)                than one, level fixed on input line 47.



[105 <./immagini/SYS_04/constTime.png>]

[106]

[107]
<immagini/SYS_04/meltdown.png, id=2962, 449.68pt x 399.4925pt>
File: immagini/SYS_04/meltdown.png Graphic file (type png)
<use immagini/SYS_04/meltdown.png>
Package pdftex.def Info: immagini/SYS_04/meltdown.png  used on input line 118.
(pdftex.def)             Requested size: 227.62206pt x 202.22063pt.
<immagini/SYS_04/fool.png, id=2963, 480.79625pt x 268.00125pt>
File: immagini/SYS_04/fool.png Graphic file (type png)
<use immagini/SYS_04/fool.png>
Package pdftex.def Info: immagini/SYS_04/fool.png  used on input line 133.
(pdftex.def)             Requested size: 227.62206pt x 126.88069pt.


[108 <./immagini/SYS_04/meltdown.png>]
<immagini/SYS_04/spectre.png, id=2974, 646.415pt x 446.66875pt>
File: immagini/SYS_04/spectre.png Graphic file (type png)
<use immagini/SYS_04/spectre.png>
Package pdftex.def Info: immagini/SYS_04/spectre.png  used on input line 161.
(pdftex.def)             Requested size: 227.62206pt x 157.28377pt.


[109 <./immagini/SYS_04/fool.png> <./immagini/SYS_04/spectre.png>]
<immagini/SYS_04/checks.png, id=2984, 677.53125pt x 358.33875pt>
File: immagini/SYS_04/checks.png Graphic file (type png)
<use immagini/SYS_04/checks.png>
Package pdftex.def Info: immagini/SYS_04/checks.png  used on input line 181.
(pdftex.def)             Requested size: 227.62206pt x 120.3846pt.
<immagini/SYS_04/vm.png, id=2985, 625.33624pt x 433.62pt>
File: immagini/SYS_04/vm.png Graphic file (type png)
<use immagini/SYS_04/vm.png>
Package pdftex.def Info: immagini/SYS_04/vm.png  used on input line 195.
(pdftex.def)             Requested size: 227.62206pt x 157.8366pt.


[110 <./immagini/SYS_04/checks.png>]

[111 <./immagini/SYS_04/vm.png>]
<immagini/SYS_04/detection.png, id=3001, 1295.84125pt x 627.34375pt>
File: immagini/SYS_04/detection.png Graphic file (type png)
<use immagini/SYS_04/detection.png>
Package pdftex.def Info: immagini/SYS_04/detection.png  used on input line 227.

(pdftex.def)             Requested size: 227.62206pt x 110.18884pt.
<immagini/SYS_04/isolation.png, id=3002, 671.50874pt x 513.92pt>
File: immagini/SYS_04/isolation.png Graphic file (type png)
<use immagini/SYS_04/isolation.png>
Package pdftex.def Info: immagini/SYS_04/isolation.png  used on input line 235.

(pdftex.def)             Requested size: 227.62206pt x 174.20508pt.


[112 <./immagini/SYS_04/detection.png> <./immagini/SYS_04/isolation.png>]
<immagini/SYS_04/cr3.png, id=3011, 747.79375pt x 345.29pt>
File: immagini/SYS_04/cr3.png Graphic file (type png)
<use immagini/SYS_04/cr3.png>
Package pdftex.def Info: immagini/SYS_04/cr3.png  used on input line 253.
(pdftex.def)             Requested size: 227.62206pt x 105.0999pt.
<immagini/SYS_04/thunks.png, id=3012, 1279.78125pt x 431.6125pt>
File: immagini/SYS_04/thunks.png Graphic file (type png)
<use immagini/SYS_04/thunks.png>
Package pdftex.def Info: immagini/SYS_04/thunks.png  used on input line 263.
(pdftex.def)             Requested size: 227.62206pt x 76.76486pt.


[113 <./immagini/SYS_04/cr3.png> <./immagini/SYS_04/thunks.png>]
<immagini/SYS_04/rowhammer.png, id=3022, 520.94624pt x 591.20876pt>
File: immagini/SYS_04/rowhammer.png Graphic file (type png)
<use immagini/SYS_04/rowhammer.png>
Package pdftex.def Info: immagini/SYS_04/rowhammer.png  used on input line 282.

(pdftex.def)             Requested size: 227.62206pt x 258.31941pt.


[114 <./immagini/SYS_04/rowhammer.png>]

Package hyperref Warning: Difference (2) between bookmark levels is greater 
(hyperref)                than one, level fixed on input line 312.



[115])

[116]
\openout2 = `sezioni/sys05.aux'.

 (./sezioni/sys05.tex

Package hyperref Warning: Difference (2) between bookmark levels is greater 
(hyperref)                than one, level fixed on input line 18.



[117



]

Package hyperref Warning: Difference (2) between bookmark levels is greater 
(hyperref)                than one, level fixed on input line 64.

<immagini/SYS_05/accessi.png, id=3042, 1203.49625pt x 418.56375pt>
File: immagini/SYS_05/accessi.png Graphic file (type png)
<use immagini/SYS_05/accessi.png>
Package pdftex.def Info: immagini/SYS_05/accessi.png  used on input line 81.
(pdftex.def)             Requested size: 295.90588pt x 102.90987pt.


[118]

[119 <./immagini/SYS_05/accessi.png>]

[120]

Package hyperref Warning: Difference (2) between bookmark levels is greater 
(hyperref)                than one, level fixed on input line 160.


Overfull \hbox (202.93684pt too wide) in paragraph at lines 162--175
 [] 
 []



[121]

Package hyperref Warning: Difference (2) between bookmark levels is greater 
(hyperref)                than one, level fixed on input line 233.



[122]
<immagini/SYS_05/rmonitor.png, id=3074, 701.62125pt x 510.90875pt>
File: immagini/SYS_05/rmonitor.png Graphic file (type png)
<use immagini/SYS_05/rmonitor.png>
Package pdftex.def Info: immagini/SYS_05/rmonitor.png  used on input line 249.
(pdftex.def)             Requested size: 364.19667pt x 265.20633pt.


[123 <./immagini/SYS_05/rmonitor.png>]

[124]

[125]
<immagini/SYS_05/domainacl.png, id=3093, 825.0825pt x 447.6725pt>
File: immagini/SYS_05/domainacl.png Graphic file (type png)
<use immagini/SYS_05/domainacl.png>
Package pdftex.def Info: immagini/SYS_05/domainacl.png  used on input line 389.

(pdftex.def)             Requested size: 318.66948pt x 172.90433pt.


[126 <./immagini/SYS_05/domainacl.png>]
<immagini/SYS_05/selinux.png, id=3100, 928.46875pt x 540.0175pt>
File: immagini/SYS_05/selinux.png Graphic file (type png)
<use immagini/SYS_05/selinux.png>
Package pdftex.def Info: immagini/SYS_05/selinux.png  used on input line 409.
(pdftex.def)             Requested size: 318.66948pt x 185.35039pt.

Overfull \hbox (12.18233pt too wide) in paragraph at lines 418--419
[]\T1/lmr/m/n/10.95 (-20) Il \T1/lmr/bx/n/10.95 (-20) sog-get-to \T1/lmr/m/n/10
.95 (-20) (pro-ces-so) che ef-fet-tua la ri-chie-sta, as-so-cia-to a un ti-po d
i si-cu-rez-za (\T1/lmtt/m/n/10.95 subject_type\T1/lmr/m/n/10.95 (-20) ); 
 []

<immagini/SYS_05/fase1.png, id=3101, 549.05125pt x 405.515pt>
File: immagini/SYS_05/fase1.png Graphic file (type png)
<use immagini/SYS_05/fase1.png>
Package pdftex.def Info: immagini/SYS_05/fase1.png  used on input line 426.
(pdftex.def)             Requested size: 227.62206pt x 168.11232pt.


[127 <./immagini/SYS_05/selinux.png>]

[128 <./immagini/SYS_05/fase1.png>]
<immagini/SYS_05/boot.png, id=3116, 953.5625pt x 491.8375pt>
File: immagini/SYS_05/boot.png Graphic file (type png)
<use immagini/SYS_05/boot.png>
Package pdftex.def Info: immagini/SYS_05/boot.png  used on input line 496.
(pdftex.def)             Requested size: 273.14923pt x 140.88809pt.


Package hyperref Warning: Difference (2) between bookmark levels is greater 
(hyperref)                than one, level fixed on input line 502.



[129 <./immagini/SYS_05/boot.png>]
Overfull \hbox (14.8554pt too wide) in paragraph at lines 537--538
[]\T1/lmr/bx/n/10.95 (-20) Creare nuo-vi na-me-spa-ce e PID na-me-spa-ces \T1/l
mr/m/n/10.95 (-20) usan-do chia-ma-te co-me \T1/lmtt/m/n/10.95 clone(CLONE_NEWP
ID,
 []



[130]
<immagini/SYS_05/horse.png, id=3135, 444.66125pt x 378.41376pt>
File: immagini/SYS_05/horse.png Graphic file (type png)
<use immagini/SYS_05/horse.png>
Package pdftex.def Info: immagini/SYS_05/horse.png  used on input line 547.
(pdftex.def)             Requested size: 227.62206pt x 193.71022pt.


./sezioni/sys05.tex:559: LaTeX Error: Unicode character â  (U+2260)
               not set up for use with LaTeX.

See the LaTeX manual or LaTeX Companion for explanation.
Type  H <return>  for immediate help.
 ...                                              
                                                  
l.559 ...izzare i processi con \texttt{ppid â  0}
                                                   che potrebbero mascherars...

You may provide a definition with
\DeclareUnicodeCharacter 



[131 <./immagini/SYS_05/horse.png>]

Package hyperref Warning: Difference (2) between bookmark levels is greater 
(hyperref)                than one, level fixed on input line 583.



[132]
Overfull \hbox (2.16998pt too wide) in paragraph at lines 629--632
 \T1/lmr/bx/n/10.95 (-20) 10.9.0.6 Re-ver-se DNS Tam-pe-ring: il pro-ble-ma[][]
 \T1/lmr/m/n/10.95 (-20) Mol-te vo-ci in \T1/lmtt/m/n/10.95 hosts.allow \T1/lmr
/m/n/10.95 (-20) e \T1/lmtt/m/n/10.95 hosts.deny
 []



[133]
<immagini/SYS_05/so.png, id=3156, 1298.8525pt x 629.35126pt>
File: immagini/SYS_05/so.png Graphic file (type png)
<use immagini/SYS_05/so.png>
Package pdftex.def Info: immagini/SYS_05/so.png  used on input line 665.
(pdftex.def)             Requested size: 318.66948pt x 154.40848pt.
)

[134 <./immagini/SYS_05/so.png>]
\openout2 = `sezioni/sys06.aux'.

 (./sezioni/sys06.tex
./sezioni/sys06.tex:4: Missing $ inserted.
<inserted text> 
                $
l.4 \section{SYS_06 - Antivirus}
                                
I've inserted a begin-math/end-math symbol since I think
you left one out. Proceed, with fingers crossed.

LaTeX Font Info:    External font `lmex10' loaded for size
(Font)              <14.4> on input line 4.
LaTeX Font Info:    External font `lmex10' loaded for size
(Font)              <10> on input line 4.
LaTeX Font Info:    External font `lmex10' loaded for size
(Font)              <7> on input line 4.
./sezioni/sys06.tex:4: Missing $ inserted.
<inserted text> 
                $
l.4 \section{SYS_06 - Antivirus}
                                
I've inserted a begin-math/end-math symbol since I think
you left one out. Proceed, with fingers crossed.


Package hyperref Warning: Token not allowed in a PDF string (Unicode):
(hyperref)                removing `subscript' on input line 4.



[135



]

Package hyperref Warning: Difference (2) between bookmark levels is greater 
(hyperref)                than one, level fixed on input line 43.



[136]
<immagini/SYS_06/unpack.png, id=3173, 634.37pt x 413.545pt>
File: immagini/SYS_06/unpack.png Graphic file (type png)
<use immagini/SYS_06/unpack.png>
Package pdftex.def Info: immagini/SYS_06/unpack.png  used on input line 101.
(pdftex.def)             Requested size: 318.66948pt x 207.74374pt.


[137]
<immagini/SYS_06/poli.png, id=3182, 1280.785pt x 513.92pt>
File: immagini/SYS_06/poli.png Graphic file (type png)
<use immagini/SYS_06/poli.png>
Package pdftex.def Info: immagini/SYS_06/poli.png  used on input line 118.
(pdftex.def)             Requested size: 218.51521pt x 87.67891pt.
<immagini/SYS_06/spaghetti.png, id=3183, 825.0825pt x 602.25pt>
File: immagini/SYS_06/spaghetti.png Graphic file (type png)
<use immagini/SYS_06/spaghetti.png>
Package pdftex.def Info: immagini/SYS_06/spaghetti.png  used on input line 124.

(pdftex.def)             Requested size: 218.51521pt x 159.4944pt.


Package hyperref Warning: Difference (2) between bookmark levels is greater 
(hyperref)                than one, level fixed on input line 137.



[138 <./immagini/SYS_06/unpack.png> <./immagini/SYS_06/poli.png> <./immagini/SY
S_06/spaghetti.png>]
<immagini/SYS_06/euristic.png, id=3193, 1110.1475pt x 673.51625pt>
File: immagini/SYS_06/euristic.png Graphic file (type png)
<use immagini/SYS_06/euristic.png>
Package pdftex.def Info: immagini/SYS_06/euristic.png  used on input line 179.
(pdftex.def)             Requested size: 318.66948pt x 193.33124pt.


[139]
<immagini/SYS_06/cow.png, id=3199, 1024.82875pt x 242.9075pt>
File: immagini/SYS_06/cow.png Graphic file (type png)
<use immagini/SYS_06/cow.png>
Package pdftex.def Info: immagini/SYS_06/cow.png  used on input line 191.
(pdftex.def)             Requested size: 273.14923pt x 64.74081pt.
<immagini/SYS_06/byteplots.png, id=3200, 1618.045pt x 572.1375pt>
File: immagini/SYS_06/byteplots.png Graphic file (type png)
<use immagini/SYS_06/byteplots.png>
Package pdftex.def Info: immagini/SYS_06/byteplots.png  used on input line 201.

(pdftex.def)             Requested size: 364.19667pt x 128.77776pt.


[140 <./immagini/SYS_06/euristic.png> <./immagini/SYS_06/cow.png> <./immagini/S
YS_06/byteplots.png>]

Package hyperref Warning: Difference (2) between bookmark levels is greater 
(hyperref)                than one, level fixed on input line 219.



[141])

[142] (/home/leonardo/uni/Appunti-Magistrale/Appunti_NSD/out/main.aux
(/home/leonardo/uni/Appunti-Magistrale/Appunti_NSD/out/sezioni/net01.aux)
(/home/leonardo/uni/Appunti-Magistrale/Appunti_NSD/out/sezioni/net02.aux)
(/home/leonardo/uni/Appunti-Magistrale/Appunti_NSD/out/sezioni/net03.aux)
(/home/leonardo/uni/Appunti-Magistrale/Appunti_NSD/out/sezioni/net04.aux)
(/home/leonardo/uni/Appunti-Magistrale/Appunti_NSD/out/sezioni/net05.aux)
(/home/leonardo/uni/Appunti-Magistrale/Appunti_NSD/out/sezioni/net06.aux)
(/home/leonardo/uni/Appunti-Magistrale/Appunti_NSD/out/sezioni/sys01.aux)
(/home/leonardo/uni/Appunti-Magistrale/Appunti_NSD/out/sezioni/sys02.aux)
(/home/leonardo/uni/Appunti-Magistrale/Appunti_NSD/out/sezioni/sys04.aux)
(/home/leonardo/uni/Appunti-Magistrale/Appunti_NSD/out/sezioni/sys05.aux)
(/home/leonardo/uni/Appunti-Magistrale/Appunti_NSD/out/sezioni/sys06.aux))
 ***********
LaTeX2e <2024-11-01> patch level 2
L3 programming layer <2025-01-18>
 ***********


LaTeX Warning: Label(s) may have changed. Rerun to get cross-references right.

Package rerunfilecheck Info: File `main.out' has not changed.
(rerunfilecheck)             Checksum: 8F7F3FA1F5663D4542C315D2955B230B;92699.
 ) 
Here is how much of TeX's memory you used:
 20761 strings out of 473197
 344005 string characters out of 5718604
 1162766 words of memory out of 5000000
 42425 multiletter control sequences out of 15000+600000
 654050 words of font info for 274 fonts, out of 8000000 for 9000
 1141 hyphenation exceptions out of 8191
 75i,10n,79p,1049b,2032s stack positions out of 10000i,1000n,20000p,200000b,200000s
</usr/share/texmf/fonts/type1/public/lm/lmbx10.pfb></usr/share/texmf/fonts/ty
pe1/public/lm/lmbx12.pfb></usr/share/texmf/fonts/type1/public/lm/lmbxi10.pfb></
usr/share/texmf/fonts/type1/public/lm/lmex10.pfb></usr/share/texmf/fonts/type1/
public/lm/lmmi10.pfb></usr/share/texmf/fonts/type1/public/lm/lmmi12.pfb></usr/s
hare/texmf/fonts/type1/public/lm/lmmi8.pfb></usr/share/texmf/fonts/type1/public
/lm/lmr10.pfb></usr/share/texmf/fonts/type1/public/lm/lmr12.pfb></usr/share/tex
mf/fonts/type1/public/lm/lmr17.pfb></usr/share/texmf/fonts/type1/public/lm/lmr8
.pfb></usr/share/texmf/fonts/type1/public/lm/lmri10.pfb></usr/share/texmf/fonts
/type1/public/lm/lmsy10.pfb></usr/share/texmf/fonts/type1/public/lm/lmtk10.pfb>
</usr/share/texmf/fonts/type1/public/lm/lmtt10.pfb></usr/share/texmf/fonts/type
1/public/lm/lmtt8.pfb></usr/share/texmf/fonts/type1/public/lm/lmtti10.pfb>
Output written on /home/leonardo/uni/Appunti-Magistrale/Appunti_NSD/out/main.pd
f (142 pages, 14520473 bytes).
PDF statistics:
 3507 PDF objects out of 3580 (max. 8388607)
 3111 compressed objects within 32 object streams
 897 named destinations out of 1000 (max. 500000)
 59526 words of extra memory for PDF output out of 61914 (max. 10000000)

