\BOOKMARK [1][-]{section.1}{\376\377\000N\000E\000T\000\137\0000\0001}{}% 1
\BOOKMARK [2][-]{subsection.1.1}{\376\377\000A\000r\000c\000h\000i\000t\000e\000t\000t\000u\000r\000a\000\040\000d\000i\000\040\000b\000a\000s\000e\000\040\000e\000\040\000p\000r\000i\000n\000c\000i\000p\000i\000\040\000d\000i\000\040\000r\000e\000t\000e}{section.1}% 2
\BOOKMARK [3][-]{subsubsection.1.1.1}{\376\377\000D\000e\000f\000i\000n\000i\000z\000i\000o\000n\000e\000\040\000e\000\040\000i\000n\000t\000e\000r\000c\000o\000n\000n\000e\000s\000s\000i\000o\000n\000e}{subsection.1.1}% 3
\BOOKMARK [3][-]{subsubsection.1.1.2}{\376\377\000I\000n\000d\000i\000r\000i\000z\000z\000a\000m\000e\000n\000t\000o\000\040\000e\000\040\000i\000n\000s\000t\000r\000a\000d\000a\000m\000e\000n\000t\000o}{subsection.1.1}% 4
\BOOKMARK [3][-]{subsubsection.1.1.3}{\376\377\000A\000n\000a\000t\000o\000m\000i\000a\000\040\000d\000e\000l\000l\000'\000i\000n\000d\000i\000r\000i\000z\000z\000o\000\040\000I\000P\000\040\000e\000\040\000s\000u\000b\000n\000e\000t\000t\000i\000n\000g}{subsection.1.1}% 5
\BOOKMARK [4][-]{paragraph.1.1.3.1}{\376\377\0001\000\051\000\040\000C\000o\000s\000a\000\040\000s\000i\000g\000n\000i\000f\000i\000c\000a\000\040\000`\000`\000/\0002\0007\000'\000'}{subsubsection.1.1.3}% 6
\BOOKMARK [4][-]{paragraph.1.1.3.2}{\376\377\0002\000\051\000\040\000P\000e\000r\000c\000h\000\351\000\040\000b\000a\000s\000t\000a\000\040\000g\000u\000a\000r\000d\000a\000r\000e\000\040\000l\000'\000u\000l\000t\000i\000m\000o\000\040\000o\000t\000t\000e\000t\000t\000o}{subsubsection.1.1.3}% 7
\BOOKMARK [4][-]{paragraph.1.1.3.3}{\376\377\0003\000\051\000\040\000T\000r\000o\000v\000a\000\040\000i\000l\000\040\000b\000l\000o\000c\000c\000o\000\040\000i\000n\000\040\000c\000u\000i\000\040\000c\000a\000d\000e\000\040\0009\0009}{subsubsection.1.1.3}% 8
\BOOKMARK [4][-]{paragraph.1.1.3.4}{\376\377\0004\000\051\000\040\000V\000e\000r\000i\000f\000i\000c\000a\000\040\000c\000o\000n\000\040\000l\000'\000A\000N\000D\000\040\000\050\000u\000l\000t\000i\000m\000o\000\040\000o\000t\000t\000e\000t\000t\000o\000\051}{subsubsection.1.1.3}% 9
\BOOKMARK [4][-]{paragraph.1.1.3.5}{\376\377\0005\000\051\000\040\000B\000r\000o\000a\000d\000c\000a\000s\000t\000:\000\040\000t\000u\000t\000t\000i\000\040\000i\000\040\000b\000i\000t\000\040\000h\000o\000s\000t\000\040\000a\000\040\0001}{subsubsection.1.1.3}% 10
\BOOKMARK [4][-]{paragraph.1.1.3.6}{\376\377\0006\000\051\000\040\000I\000n\000t\000e\000r\000v\000a\000l\000l\000o\000\040\000h\000o\000s\000t\000\040\000e\000\040\000c\000o\000n\000t\000e\000g\000g\000i\000o}{subsubsection.1.1.3}% 11
\BOOKMARK [3][-]{subsubsection.1.1.4}{\376\377\000S\000i\000s\000t\000e\000m\000i\000\040\000a\000u\000t\000o\000n\000o\000m\000i\000\040\000\050\000A\000S\000\051\000\040\000e\000\040\000r\000o\000u\000t\000i\000n\000g\000\040\000g\000l\000o\000b\000a\000l\000e}{subsection.1.1}% 12
\BOOKMARK [3][-]{subsubsection.1.1.5}{\376\377\000L\000a\000\040\000r\000o\000u\000t\000i\000n\000g\000\040\000t\000a\000b\000l\000e\000\040\000e\000\040\000l\000'\000a\000l\000g\000o\000r\000i\000t\000m\000o\000\040\000d\000i\000\040\000l\000o\000o\000k\000u\000p}{subsection.1.1}% 13
\BOOKMARK [2][-]{subsection.1.2}{\376\377\000I\000I\000.\000\040\000I\000l\000\040\000v\000i\000a\000g\000g\000i\000o\000\040\000d\000e\000l\000\040\000p\000a\000c\000c\000h\000e\000t\000t\000o\000:\000\040\000e\000s\000e\000m\000p\000i\000o\000\040\000d\000i\000\040\000r\000i\000c\000h\000i\000e\000s\000t\000a\000\040\000D\000N\000S}{section.1}% 14
\BOOKMARK [3][-]{subsubsection.1.2.1}{\376\377\000T\000o\000p\000o\000l\000o\000g\000i\000a\000\040\000e\000\040\000h\000o\000p}{subsection.1.2}% 15
\BOOKMARK [3][-]{subsubsection.1.2.2}{\376\377\000S\000t\000a\000c\000k\000\040\000p\000r\000o\000t\000o\000c\000o\000l\000l\000a\000r\000e\000\040\000e\000\040\000i\000n\000c\000a\000p\000s\000u\000l\000a\000m\000e\000n\000t\000o}{subsection.1.2}% 16
\BOOKMARK [2][-]{subsection.1.3}{\376\377\000I\000I\000I\000.\000\040\000V\000u\000l\000n\000e\000r\000a\000b\000i\000l\000i\000t\000\340\000\040\000i\000n\000t\000r\000i\000n\000s\000e\000c\000h\000e\000\040\000d\000i\000\040\000I\000P\000\040\000e\000\040\000T\000C\000P}{section.1}% 17
\BOOKMARK [3][-]{subsubsection.1.3.1}{\376\377\000I\000d\000e\000n\000t\000i\000f\000i\000c\000a\000z\000i\000o\000n\000e\000,\000\040\000s\000p\000o\000o\000f\000i\000n\000g\000\040\000e\000\040\000n\000o\000n\000-\000r\000i\000p\000u\000d\000i\000o}{subsection.1.3}% 18
\BOOKMARK [3][-]{subsubsection.1.3.2}{\376\377\000C\000o\000n\000f\000i\000d\000e\000n\000z\000i\000a\000l\000i\000t\000\340}{subsection.1.3}% 19
\BOOKMARK [3][-]{subsubsection.1.3.3}{\376\377\000I\000n\000t\000e\000g\000r\000i\000t\000\340\000\040\000d\000e\000i\000\040\000d\000a\000t\000i}{subsection.1.3}% 20
\BOOKMARK [3][-]{subsubsection.1.3.4}{\376\377\000P\000a\000c\000k\000e\000t\000\040\000r\000e\000p\000l\000i\000c\000a\000t\000i\000o\000n\000\040\000e\000\040\000a\000n\000t\000i\000-\000r\000e\000p\000l\000a\000y}{subsection.1.3}% 21
\BOOKMARK [3][-]{subsubsection.1.3.5}{\376\377\000I\000n\000s\000i\000c\000u\000r\000e\000z\000z\000a\000\040\000d\000e\000l\000l\000e\000\040\000m\000a\000p\000p\000a\000t\000u\000r\000e\000\040\000d\000i\000n\000a\000m\000i\000c\000h\000e}{subsection.1.3}% 22
\BOOKMARK [2][-]{subsection.1.4}{\376\377\000L\000a\000b\000o\000r\000a\000t\000o\000r\000i\000o\000\040\0001\000:\000\040\000M\000i\000T\000M\000\040\000e\000\040\000D\000N\000S\000\040\000s\000p\000o\000o\000f\000i\000n\000g}{section.1}% 23
\BOOKMARK [3][-]{subsubsection.1.4.1}{\376\377\000O\000b\000i\000e\000t\000t\000i\000v\000o\000\040\000e\000\040\000s\000c\000e\000n\000a\000r\000i\000o}{subsection.1.4}% 24
\BOOKMARK [3][-]{subsubsection.1.4.2}{\376\377\000F\000a\000s\000i\000\040\000d\000e\000l\000l\000'\000a\000t\000t\000a\000c\000c\000o}{subsection.1.4}% 25
\BOOKMARK [3][-]{subsubsection.1.4.3}{\376\377\000S\000T\000E\000P\000\040\0001\000:\000\040\000A\000R\000P\000\040\000s\000p\000o\000o\000f\000i\000n\000g\000\040\000\050\000M\000i\000T\000M\000\051}{subsection.1.4}% 26
\BOOKMARK [3][-]{subsubsection.1.4.4}{\376\377\000S\000T\000E\000P\000\040\0002\000\040\000\046\000\040\0003\000:\000\040\000i\000n\000t\000e\000r\000c\000e\000t\000t\000a\000z\000i\000o\000n\000e\000\040\000e\000\040\000D\000N\000S\000\040\000s\000p\000o\000o\000f\000i\000n\000g}{subsection.1.4}% 27
\BOOKMARK [3][-]{subsubsection.1.4.5}{\376\377\000S\000T\000E\000P\000\040\0004\000:\000\040\000i\000m\000p\000e\000r\000s\000o\000n\000i\000f\000i\000c\000a\000z\000i\000o\000n\000e\000\040\000d\000e\000l\000\040\000s\000i\000t\000o\000\040\000w\000e\000b}{subsection.1.4}% 28
\BOOKMARK [1][-]{section.2}{\376\377\000N\000E\000T\000\137\0000\0002}{}% 29
\BOOKMARK [2][-]{subsection.2.1}{\376\377\000S\000i\000c\000u\000r\000e\000z\000z\000a\000\040\000d\000e\000l\000l\000e\000\040\000R\000e\000t\000i\000\040\000E\000t\000h\000e\000r\000n\000e\000t\000\040\000L\000A\000N\000\040\000\050\000L\000i\000v\000e\000l\000l\000o\000\040\0002\000\051}{section.2}% 30
\BOOKMARK [2][-]{subsection.2.2}{\376\377\000P\000e\000r\000c\000h\000\351\000\040\000l\000a\000\040\000L\000A\000N\000\040\000E\000t\000h\000e\000r\000n\000e\000t\000\040\000\350\000\040\000f\000r\000a\000g\000i\000l\000e\000\040\000p\000e\000r\000\040\000n\000a\000t\000u\000r\000a}{section.2}% 31
\BOOKMARK [3][-]{subsubsection.2.2.1}{\376\377\000F\000r\000a\000m\000e\000,\000\040\000i\000n\000d\000i\000r\000i\000z\000z\000a\000m\000e\000n\000t\000o\000\040\000e\000\040\000f\000o\000r\000w\000a\000r\000d\000i\000n\000g}{subsection.2.2}% 32
\BOOKMARK [4][-]{paragraph.2.2.1.1}{\376\377\000M\000u\000l\000t\000i\000p\000o\000r\000t\000\040\000R\000e\000p\000e\000a\000t\000e\000r\000s\000\040\000\050\000H\000u\000b\000\051}{subsubsection.2.2.1}% 33
\BOOKMARK [4][-]{paragraph.2.2.1.2}{\376\377\000B\000r\000i\000d\000g\000e\000/\000S\000w\000i\000t\000c\000h\000e\000s}{subsubsection.2.2.1}% 34
\BOOKMARK [4][-]{paragraph.2.2.1.3}{\376\377\000A\000d\000d\000r\000e\000s\000s\000\040\000L\000e\000a\000r\000n\000i\000n\000g}{subsubsection.2.2.1}% 35
\BOOKMARK [3][-]{subsubsection.2.2.2}{\376\377\000T\000o\000p\000o\000l\000o\000g\000i\000e\000\040\000e\000\040\000c\000o\000n\000t\000r\000o\000l\000l\000o\000\040\000d\000e\000i\000\040\000l\000o\000o\000p\000:\000\040\000S\000T\000P}{subsection.2.2}% 36
\BOOKMARK [3][-]{subsubsection.2.2.3}{\376\377\000A\000d\000a\000t\000t\000a\000m\000e\000n\000t\000o\000\040\000d\000e\000l\000\040\000L\000i\000v\000e\000l\000l\000o\000\040\0003\000\040\000s\000u\000\040\000L\000i\000v\000e\000l\000l\000o\000\040\0002\000:\000\040\000D\000H\000C\000P\000,\000\040\000A\000R\000P\000\040\000e\000\040\000N\000D\000P}{subsection.2.2}% 37
\BOOKMARK [4][-]{paragraph.2.2.3.1}{\376\377\000D\000H\000C\000P\000\040\040\024\000\040\000D\000y\000n\000a\000m\000i\000c\000\040\000H\000o\000s\000t\000\040\000C\000o\000n\000f\000i\000g\000u\000r\000a\000t\000i\000o\000n\000\040\000P\000r\000o\000t\000o\000c\000o\000l\000\040\000\050\000I\000P\000v\0004\000\051\000.}{subsubsection.2.2.3}% 38
\BOOKMARK [4][-]{paragraph.2.2.3.2}{\376\377\000A\000R\000P\000\040\040\024\000\040\000A\000d\000d\000r\000e\000s\000s\000\040\000R\000e\000s\000o\000l\000u\000t\000i\000o\000n\000\040\000P\000r\000o\000t\000o\000c\000o\000l\000\040\000\050\000I\000P\000v\0004\000\051\000.}{subsubsection.2.2.3}% 39
\BOOKMARK [4][-]{paragraph.2.2.3.3}{\376\377\000N\000D\000P\000\040\040\024\000\040\000N\000e\000i\000g\000h\000b\000o\000r\000\040\000D\000i\000s\000c\000o\000v\000e\000r\000y\000\040\000P\000r\000o\000t\000o\000c\000o\000l\000\040\000\050\000I\000P\000v\0006\000\051\000.}{subsubsection.2.2.3}% 40
\BOOKMARK [3][-]{subsubsection.2.2.4}{\376\377\000V\000u\000l\000n\000e\000r\000a\000b\000i\000l\000i\000t\000\340\000\040\000e\000\040\000m\000i\000n\000a\000c\000c\000e\000\040\000p\000r\000i\000n\000c\000i\000p\000a\000l\000i}{subsection.2.2}% 41
\BOOKMARK [4][-]{paragraph.2.2.4.1}{\376\377\000A\000c\000c\000e\000s\000s\000o\000\040\000a\000l\000l\000a\000\040\000r\000e\000t\000e}{subsubsection.2.2.4}% 42
\BOOKMARK [4][-]{paragraph.2.2.4.2}{\376\377\000C\000o\000m\000p\000r\000o\000m\000i\000s\000s\000i\000o\000n\000e\000\040\000e\000\040\000c\000o\000n\000t\000r\000o\000l\000l\000o\000\040\000d\000e\000l\000l\000o\000\040\000s\000w\000i\000t\000c\000h\000.}{subsubsection.2.2.4}% 43
\BOOKMARK [4][-]{paragraph.2.2.4.3}{\376\377\000R\000i\000s\000e\000r\000v\000a\000t\000e\000z\000z\000a\000\040\000e\000\040\000i\000n\000t\000e\000r\000c\000e\000t\000t\000a\000z\000i\000o\000n\000e\000.}{subsubsection.2.2.4}% 44
\BOOKMARK [4][-]{paragraph.2.2.4.4}{\376\377\000I\000n\000t\000e\000g\000r\000i\000t\000\340\000\040\000d\000e\000l\000\040\000t\000r\000a\000f\000f\000i\000c\000o\000\040\000e\000\040\000a\000t\000t\000a\000c\000c\000h\000i\000\040\000M\000a\000n\000-\000i\000n\000-\000t\000h\000e\000-\000M\000i\000d\000d\000l\000e\000\040\000\050\000M\000I\000T\000M\000\051}{subsubsection.2.2.4}% 45
\BOOKMARK [4][-]{paragraph.2.2.4.5}{\376\377\000D\000i\000s\000p\000o\000n\000i\000b\000i\000l\000i\000t\000\340\000\040\000e\000\040\000a\000t\000t\000a\000c\000c\000h\000i\000\040\000d\000i\000\040\000D\000e\000n\000i\000a\000l\000\040\000o\000f\000\040\000S\000e\000r\000v\000i\000c\000e\000\040\000\050\000D\000o\000S\000\051}{subsubsection.2.2.4}% 46
\BOOKMARK [3][-]{subsubsection.2.2.5}{\376\377\000C\000o\000n\000t\000r\000o\000m\000i\000s\000u\000r\000e\000:\000\040\000d\000a\000l\000\040\000m\000i\000n\000i\000m\000o\000\040\000s\000i\000n\000d\000a\000c\000a\000l\000e\000\040\000a\000l\000\040\000r\000o\000b\000u\000s\000t\000o}{subsection.2.2}% 47
\BOOKMARK [4][-]{paragraph.2.2.5.1}{\376\377\000R\000o\000u\000t\000e\000r\000-\000b\000a\000s\000e\000d\000\040\000s\000e\000c\000u\000r\000i\000t\000y\000\040\000\050\000s\000e\000g\000m\000e\000n\000t\000a\000z\000i\000o\000n\000e\000\040\000L\0003\000\051\000.}{subsubsection.2.2.5}% 48
\BOOKMARK [3][-]{subsubsection.2.2.6}{\376\377\000C\000o\000n\000t\000r\000o\000l\000l\000o\000\040\000d\040\031\000a\000c\000c\000e\000s\000s\000o\000\040\000\050\000A\000c\000c\000e\000s\000s\000\040\000C\000o\000n\000t\000r\000o\000l\000\051}{subsection.2.2}% 49
\BOOKMARK [4][-]{paragraph.2.2.6.1}{\376\377\000O\000b\000i\000e\000t\000t\000i\000v\000o\000.}{subsubsection.2.2.6}% 50
\BOOKMARK [4][-]{paragraph.2.2.6.2}{\376\377\0008\0000\0002\000.\0001\000X\000\040\000\050\000p\000o\000r\000t\000-\000b\000a\000s\000e\000d\000\040\000N\000A\000C\000\051\000.}{subsubsection.2.2.6}% 51
\BOOKMARK [4][-]{paragraph.2.2.6.3}{\376\377\000A\000u\000t\000o\000r\000i\000z\000z\000a\000z\000i\000o\000n\000e\000\040\000d\000i\000n\000a\000m\000i\000c\000a\000\040\000c\000o\000n\000\040\0008\0000\0002\000.\0001\000X\000.}{subsubsection.2.2.6}% 52
\BOOKMARK [4][-]{paragraph.2.2.6.4}{\376\377\000P\000o\000r\000t\000\040\000S\000e\000c\000u\000r\000i\000t\000y\000\040\000\046\000\040\000A\000C\000L\000\040\000s\000u\000g\000l\000i\000\040\000s\000w\000i\000t\000c\000h\000.}{subsubsection.2.2.6}% 53
\BOOKMARK [4][-]{paragraph.2.2.6.5}{\376\377\000S\000e\000g\000m\000e\000n\000t\000a\000z\000i\000o\000n\000e\000\040\000c\000o\000n\000\040\000V\000L\000A\000N\000\040\000\050\000c\000o\000m\000p\000l\000e\000m\000e\000n\000t\000o\000\051\000.}{subsubsection.2.2.6}% 54
\BOOKMARK [2][-]{subsection.2.3}{\376\377\000L\000a\000b\000o\000r\000a\000t\000o\000r\000i\000o\000\040\0002\000A\000:\000\040\000A\000C\000L\000\040\000L\0002\000\040\000c\000o\000n\000\040\000L\000i\000n\000u\000x\000\040\000B\000r\000i\000d\000g\000e\000\040\000e\000d\000\040\000e\000b\000t\000a\000b\000l\000e\000s\000\040\000\050\000b\000i\000n\000d\000i\000n\000g\000\040\000M\000A\000C\041\222\000p\000o\000r\000t\000a\000\051}{section.2}% 55
\BOOKMARK [3][-]{paragraph.2.3.0.1}{\376\377\0001\000\051\000\040\000P\000r\000e\000p\000a\000r\000a\000z\000i\000o\000n\000e\000\040\000h\000o\000s\000t\000\040\000\050\000M\000A\000C\000/\000I\000P\000\040\000d\000e\000i\000\040\000c\000l\000i\000e\000n\000t\000\051\000.}{subsection.2.3}% 56
\BOOKMARK [4][-]{paragraph.2.3.0.2}{\376\377\0002\000\051\000\040\000C\000r\000e\000a\000z\000i\000o\000n\000e\000\040\000d\000e\000l\000\040\000b\000r\000i\000d\000g\000e\000\040\000L\0002\000\040\000\050\000l\000a\000t\000o\000\040\040\034\000s\000w\000i\000t\000c\000h\040\035\000\040\000L\000i\000n\000u\000x\000\051\000.}{paragraph.2.3.0.1}% 57
\BOOKMARK [4][-]{paragraph.2.3.0.3}{\376\377\0003\000\051\000\040\000A\000C\000L\000\040\000L\0002\000\040\000c\000o\000n\000\040\000e\000b\000t\000a\000b\000l\000e\000s\000\040\000\050\000N\000E\000T\000F\000I\000L\000T\000E\000R\000\051\000.}{paragraph.2.3.0.1}% 58
\BOOKMARK [2][-]{subsection.2.4}{\376\377\000L\000a\000b\000o\000r\000a\000t\000o\000r\000i\000o\000\040\0002\000B\000:\000\040\000M\000A\000C\000s\000e\000c\000\040\000s\000u\000\040\000L\000i\000n\000u\000x\000\040\000\050\000c\000o\000n\000f\000i\000d\000e\000n\000z\000i\000a\000l\000i\000t\000\340\000,\000\040\000i\000n\000t\000e\000g\000r\000i\000t\000\340\000\040\000e\000\040\000a\000n\000t\000i\000-\000r\000e\000p\000l\000a\000y\000\040\000a\000\040\000L\0002\000\051}{section.2}% 59
\BOOKMARK [3][-]{paragraph.2.4.0.1}{\376\377\000H\000o\000s\000t\000\040\000A\000\040\000\050\000c\000l\000i\000e\000n\000t\0001\000\051\000.}{subsection.2.4}% 60
\BOOKMARK [4][-]{paragraph.2.4.0.2}{\376\377\000H\000o\000s\000t\000\040\000B\000\040\000\050\000c\000l\000i\000e\000n\000t\0002\000\051\000.}{paragraph.2.4.0.1}% 61
\BOOKMARK [4][-]{paragraph.2.4.0.3}{\376\377\000O\000p\000z\000i\000o\000n\000i\000\040\000d\000i\000\040\000s\000i\000c\000u\000r\000e\000z\000z\000a\000\040\000e\000\040\000t\000e\000s\000t\000.}{paragraph.2.4.0.1}% 62
\BOOKMARK [3][-]{subsubsection.2.4.1}{\376\377\000S\000e\000c\000u\000r\000e\000\040\000A\000d\000d\000r\000e\000s\000s\000\040\000R\000e\000s\000o\000l\000u\000t\000i\000o\000n\000\040\000\050\000I\000P\000v\0004\000/\000I\000P\000v\0006\000\051}{subsection.2.4}% 63
\BOOKMARK [4][-]{paragraph.2.4.1.1}{\376\377\000I\000P\000v\0004\000:\000\040\000d\000a\000l\000\040\000p\000i\000a\000n\000o\000\040\000d\000i\000\040\000s\000w\000i\000t\000c\000h\000i\000n\000g\000\040\000a\000i\000\040\000v\000i\000n\000c\000o\000l\000i\000\040\000p\000e\000r\000-\000p\000r\000e\000s\000a\000.}{subsubsection.2.4.1}% 64
\BOOKMARK [4][-]{paragraph.2.4.1.2}{\376\377\000I\000P\000v\0004\000:\000\040\000p\000r\000o\000p\000o\000s\000t\000e\000\040\000c\000r\000i\000t\000t\000o\000g\000r\000a\000f\000i\000c\000h\000e\000.}{subsubsection.2.4.1}% 65
\BOOKMARK [4][-]{paragraph.2.4.1.3}{\376\377\000I\000P\000v\0006\000:\000\040\000N\000D\000P\000\040\000s\000i\000c\000u\000r\000o\000.}{subsubsection.2.4.1}% 66
\BOOKMARK [3][-]{subsubsection.2.4.2}{\376\377\000S\000e\000c\000u\000r\000i\000t\000y\000\040\000M\000o\000n\000i\000t\000o\000r\000i\000n\000g}{subsection.2.4}% 67
\BOOKMARK [4][-]{paragraph.2.4.2.1}{\376\377\000F\000i\000r\000e\000w\000a\000l\000l\000\040\000\046\000\040\000D\000P\000I\000.}{subsubsection.2.4.2}% 68
\BOOKMARK [4][-]{paragraph.2.4.2.2}{\376\377\000I\000D\000S\000/\000I\000P\000S\000\040\000e\000\040\000a\000c\000c\000e\000s\000s\000o\000\040\000a\000l\000\040\000t\000r\000a\000f\000f\000i\000c\000o\000.}{subsubsection.2.4.2}% 69
\BOOKMARK [4][-]{paragraph.2.4.2.3}{\376\377\000D\000o\000v\000e\000\040\000i\000l\000\040\000m\000o\000n\000i\000t\000o\000r\000i\000n\000g\000\040\000a\000i\000u\000t\000a\000\040\000d\000a\000v\000v\000e\000r\000o\000.}{subsubsection.2.4.2}% 70
\BOOKMARK [4][-]{paragraph.2.4.2.4}{\376\377\000M\000e\000s\000s\000a\000g\000g\000i\000o\000\040\000c\000h\000i\000a\000v\000e\000\040\000\050\000d\000a\000l\000l\000e\000\040\000s\000l\000i\000d\000e\000\051\000.}{subsubsection.2.4.2}% 71
\BOOKMARK [1][-]{section.3}{\376\377\000N\000E\000T\000\137\0000\0003\000\040\040\024\000\040\000V\000i\000r\000t\000u\000a\000l\000\040\000L\000A\000N\000s\000\040\000\050\000V\000L\000A\000N\000\051}{}% 72
\BOOKMARK [2][-]{subsubsection.3.0.1}{\376\377\000D\000e\000f\000i\000n\000i\000z\000i\000o\000n\000e\000\040\000e\000\040\000m\000o\000t\000i\000v\000a\000z\000i\000o\000n\000e}{section.3}% 73
\BOOKMARK [3][-]{subsubsection.3.0.2}{\376\377\000L\000i\000m\000i\000t\000i\000\040\000d\000e\000l\000l\000e\000\040\000r\000e\000t\000i\000\040\000f\000i\000s\000i\000c\000a\000m\000e\000n\000t\000e\000\040\000s\000e\000p\000a\000r\000a\000t\000e}{subsubsection.3.0.1}% 74
\BOOKMARK [4][-]{paragraph.3.0.2.1}{\376\377\000B\000e\000n\000e\000f\000i\000c\000i\000\040\000p\000r\000i\000n\000c\000i\000p\000a\000l\000i\000\040\000d\000e\000l\000l\000e\000\040\000V\000L\000A\000N}{subsubsection.3.0.2}% 75
\BOOKMARK [2][-]{subsection.3.1}{\376\377\000A\000s\000s\000e\000g\000n\000a\000z\000i\000o\000n\000e\000\040\000e\000\040\000m\000e\000m\000b\000e\000r\000s\000h\000i\000p\000\040\000d\000e\000l\000l\000e\000\040\000V\000L\000A\000N}{section.3}% 76
\BOOKMARK [3][-]{subsubsection.3.1.1}{\376\377\000C\000r\000i\000t\000e\000r\000i\000\040\000d\000i\000\040\000a\000s\000s\000e\000g\000n\000a\000z\000i\000o\000n\000e}{subsection.3.1}% 77
\BOOKMARK [3][-]{subsubsection.3.1.2}{\376\377\000V\000i\000s\000t\000a\000\040\000l\000o\000g\000i\000c\000a}{subsection.3.1}% 78
\BOOKMARK [4][-]{paragraph.3.1.2.1}{\376\377\000R\000o\000u\000t\000e\000r\000\040\040\034\000o\000n\000e\000-\000a\000r\000m\000e\000d\040\035}{subsubsection.3.1.2}% 79
\BOOKMARK [2][-]{subsection.3.2}{\376\377\000T\000r\000a\000s\000p\000o\000r\000t\000o\000\040\000d\000e\000i\000\040\000f\000r\000a\000m\000e\000:\000\040\000T\000a\000g\000g\000i\000n\000g\000\040\000I\000E\000E\000E\000\040\0008\0000\0002\000.\0001\000Q}{section.3}% 80
\BOOKMARK [3][-]{subsubsection.3.2.1}{\376\377\000P\000o\000r\000t\000e\000\040\000d\000i\000\040\000t\000i\000p\000o\000\040\000A\000c\000c\000e\000s\000s\000,\000\040\000T\000r\000u\000n\000k\000\040\000e\000\040\000H\000y\000b\000r\000i\000d}{subsection.3.2}% 81
\BOOKMARK [3][-]{subsubsection.3.2.2}{\376\377\000A\000c\000c\000e\000s\000s\000\040\000l\000i\000n\000k\000s}{subsection.3.2}% 82
\BOOKMARK [3][-]{subsubsection.3.2.3}{\376\377\000A\000c\000c\000e\000s\000s\000\040\000l\000i\000n\000k\000s\000\040\000n\000e\000l\000l\000e\000\040\000r\000e\000g\000i\000o\000n\000i\000\040\000l\000e\000g\000a\000c\000y}{subsection.3.2}% 83
\BOOKMARK [3][-]{subsubsection.3.2.4}{\376\377\000T\000r\000u\000n\000k\000\040\000l\000i\000n\000k\000s}{subsection.3.2}% 84
\BOOKMARK [3][-]{subsubsection.3.2.5}{\376\377\000H\000y\000b\000r\000i\000d\000\040\000l\000i\000n\000k\000s}{subsection.3.2}% 85
\BOOKMARK [3][-]{subsubsection.3.2.6}{\376\377\000U\000n\000a\000\040\000s\000t\000a\000z\000i\000o\000n\000e\000\040\000p\000u\000\362\000\040\000a\000p\000p\000a\000r\000t\000e\000n\000e\000r\000e\000\040\000a\000\040\000p\000i\000\371\000\040\000V\000L\000A\000N\000?}{subsection.3.2}% 86
\BOOKMARK [2][-]{subsection.3.3}{\376\377\000L\000a\000b\000o\000r\000a\000t\000o\000r\000i\000o\000\040\0003\000:\000\040\000C\000o\000n\000f\000i\000g\000u\000r\000a\000z\000i\000o\000n\000e\000\040\000V\000L\000A\000N\000\040\000e\000\040\000r\000o\000u\000t\000e\000r\000\040\000o\000n\000e\000-\000a\000r\000m\000e\000d}{section.3}% 87
\BOOKMARK [3][-]{paragraph.3.3.0.1}{\376\377\000I\000s\000o\000l\000a\000m\000e\000n\000t\000o\000\040\000d\000e\000l\000\040\000t\000r\000a\000f\000f\000i\000c\000o}{subsection.3.3}% 88
\BOOKMARK [4][-]{paragraph.3.3.0.2}{\376\377\000R\000o\000u\000t\000i\000n\000g\000\040\000i\000n\000t\000e\000r\000-\000V\000L\000A\000N}{paragraph.3.3.0.1}% 89
\BOOKMARK [4][-]{paragraph.3.3.0.3}{\376\377\000V\000e\000r\000i\000f\000i\000c\000a\000\040\000d\000e\000l\000\040\000c\000o\000m\000p\000o\000r\000t\000a\000m\000e\000n\000t\000o}{paragraph.3.3.0.1}% 90
\BOOKMARK [4][-]{paragraph.3.3.0.4}{\376\377\000O\000s\000s\000e\000r\000v\000a\000z\000i\000o\000n\000e\000\040\000p\000r\000a\000t\000i\000c\000a}{paragraph.3.3.0.1}% 91
\BOOKMARK [2][-]{subsection.3.4}{\376\377\000S\000i\000c\000u\000r\000e\000z\000z\000a\000\040\000d\000e\000l\000l\000e\000\040\000V\000L\000A\000N\000\040\000e\000\040\000v\000u\000l\000n\000e\000r\000a\000b\000i\000l\000i\000t\000\340\000\040\000d\000i\000\040\000l\000i\000v\000e\000l\000l\000o\000\040\0002}{section.3}% 92
\BOOKMARK [3][-]{subsubsection.3.4.1}{\376\377\000M\000i\000n\000a\000c\000c\000e\000\040\000p\000r\000i\000n\000c\000i\000p\000a\000l\000i}{subsection.3.4}% 93
\BOOKMARK [4][-]{paragraph.3.4.1.1}{\376\377\0001\000\051\000\040\000M\000A\000C\000\040\000F\000l\000o\000o\000d\000i\000n\000g\000\040\000\050\000C\000A\000M\000\040\000O\000v\000e\000r\000f\000l\000o\000w\000\051}{subsubsection.3.4.1}% 94
\BOOKMARK [4][-]{paragraph.3.4.1.2}{\376\377\0002\000\051\000\040\000A\000R\000P\000\040\000S\000p\000o\000o\000f\000i\000n\000g\000\040\000/\000\040\000P\000o\000i\000s\000o\000n\000i\000n\000g}{subsubsection.3.4.1}% 95
\BOOKMARK [4][-]{paragraph.3.4.1.3}{\376\377\0003\000\051\000\040\000V\000L\000A\000N\000\040\000H\000o\000p\000p\000i\000n\000g}{subsubsection.3.4.1}% 96
\BOOKMARK [4][-]{paragraph.3.4.1.4}{\376\377\0004\000\051\000\040\000A\000t\000t\000a\000c\000c\000h\000i\000\040\000a\000i\000\040\000p\000r\000o\000t\000o\000c\000o\000l\000l\000i\000\040\000d\000i\000\040\000c\000o\000n\000t\000r\000o\000l\000l\000o}{subsubsection.3.4.1}% 97
\BOOKMARK [2][-]{subsection.3.5}{\376\377\000L\000a\000b\000o\000r\000a\000t\000o\000r\000i\000o\000\040\0004\000:\000\040\000V\000L\000A\000N\000\040\000H\000o\000p\000p\000i\000n\000g\000\040\000e\000\040\000D\000o\000u\000b\000l\000e\000\040\000T\000a\000g\000g\000i\000n\000g}{section.3}% 98
\BOOKMARK [3][-]{subsubsection.3.5.1}{\376\377\000S\000c\000e\000n\000a\000r\000i\000o}{subsection.3.5}% 99
\BOOKMARK [3][-]{subsubsection.3.5.2}{\376\377\000T\000o\000p\000o\000l\000o\000g\000i\000a\000\040\000d\000e\000l\000\040\000l\000a\000b\000o\000r\000a\000t\000o\000r\000i\000o}{subsection.3.5}% 100
\BOOKMARK [3][-]{subsubsection.3.5.3}{\376\377\000P\000r\000e\000r\000e\000q\000u\000i\000s\000i\000t\000i\000\040\000p\000e\000r\000c\000h\000\351\000\040\000l\040\031\000a\000t\000t\000a\000c\000c\000o\000\040\000r\000i\000e\000s\000c\000a}{subsection.3.5}% 101
\BOOKMARK [3][-]{subsubsection.3.5.4}{\376\377\000F\000u\000n\000z\000i\000o\000n\000a\000m\000e\000n\000t\000o\000\040\000d\000e\000l\000l\040\031\000a\000t\000t\000a\000c\000c\000o\000\040\000\050\000p\000a\000s\000s\000o\040\023\000p\000a\000s\000s\000o\000\051}{subsection.3.5}% 102
\BOOKMARK [3][-]{subsubsection.3.5.5}{\376\377\000E\000s\000e\000c\000u\000z\000i\000o\000n\000e\000\040\000p\000r\000a\000t\000i\000c\000a\000\040\000\050\000L\000i\000n\000u\000x\000\051}{subsection.3.5}% 103
\BOOKMARK [4][-]{paragraph.3.5.5.1}{\376\377\000C\000o\000s\000a\000\040\000o\000s\000s\000e\000r\000v\000a\000r\000e\000\040\000c\000o\000n\000\040\000l\000o\000\040\000s\000n\000i\000f\000f\000e\000r}{subsubsection.3.5.5}% 104
\BOOKMARK [4][-]{paragraph.3.5.5.2}{\376\377\000L\000i\000m\000i\000t\000a\000z\000i\000o\000n\000i\000\040\000p\000r\000a\000t\000i\000c\000h\000e}{subsubsection.3.5.5}% 105
\BOOKMARK [4][-]{paragraph.3.5.5.3}{\376\377\000M\000i\000t\000i\000g\000a\000z\000i\000o\000n\000i}{subsubsection.3.5.5}% 106
\BOOKMARK [1][-]{section.4}{\376\377\000N\000E\000T\000\137\0000\0004\000\040\040\024\000\040\0008\0000\0002\000.\0001\000x}{}% 107
\BOOKMARK [2][-]{subsection.4.1}{\376\377\000Q\000u\000a\000d\000r\000o\000\040\000g\000e\000n\000e\000r\000a\000l\000e\000\040\000e\000\040\000o\000b\000i\000e\000t\000t\000i\000v\000o}{section.4}% 108
\BOOKMARK [2][-]{subsection.4.2}{\376\377\000A\000t\000t\000o\000r\000i\000\040\000d\000e\000l\000l\040\031\000a\000r\000c\000h\000i\000t\000e\000t\000t\000u\000r\000a\000\040\000\050\000v\000i\000s\000t\000a\000\040\000d\000i\000\040\000a\000l\000t\000o\000\040\000l\000i\000v\000e\000l\000l\000o\000\051}{section.4}% 109
\BOOKMARK [2][-]{subsection.4.3}{\376\377\000E\000A\000P\000\040\000e\000d\000\040\000E\000A\000P\000o\000L\000:\000\040\000f\000o\000n\000d\000a\000m\000e\000n\000t\000i}{section.4}% 110
\BOOKMARK [3][-]{paragraph.4.3.0.1}{\376\377\000E\000A\000P\000\040\000\050\000E\000x\000t\000e\000n\000s\000i\000b\000l\000e\000\040\000A\000u\000t\000h\000e\000n\000t\000i\000c\000a\000t\000i\000o\000n\000\040\000P\000r\000o\000t\000o\000c\000o\000l\000\051\000.}{subsection.4.3}% 111
\BOOKMARK [2][-]{subsection.4.4}{\376\377\000E\000A\000P\000\040\000t\000e\000r\000m\000i\000n\000a\000t\000i\000o\000n\000\040\000v\000s\000\040\000E\000A\000P\000\040\000r\000e\000l\000a\000y\000\040\000\050\000E\000A\000P\000o\000R\000\051}{section.4}% 112
\BOOKMARK [3][-]{paragraph.4.4.0.1}{\376\377\000\040\000E\000A\000P\000\040\000t\000e\000r\000m\000i\000n\000a\000t\000i\000o\000n\000\040\000m\000o\000d\000e\000\040\000\050\000t\000e\000r\000m\000i\000n\000a\000z\000i\000o\000n\000e\000\040\000l\000o\000c\000a\000l\000e\000\051\000.}{subsection.4.4}% 113
\BOOKMARK [4][-]{paragraph.4.4.0.2}{\376\377\000\040\000E\000A\000P\000\040\000r\000e\000l\000a\000y\000\040\000m\000o\000d\000e\000\040\000\050\000E\000A\000P\000\040\000o\000v\000e\000r\000\040\000R\000A\000D\000I\000U\000S\000,\000\040\000E\000A\000P\000o\000R\000\051\000.}{paragraph.4.4.0.1}% 114
\BOOKMARK [2][-]{subsection.4.5}{\376\377\000P\000r\000o\000c\000e\000s\000s\000i\000\040\000d\000i\000\040\000a\000u\000t\000e\000n\000t\000i\000c\000a\000z\000i\000o\000n\000e\000:\000\040\000d\000a\000i\000\040\000d\000i\000a\000g\000r\000a\000m\000m\000i\000\040\000a\000l\000l\000e\000\040\000i\000m\000p\000l\000i\000c\000a\000z\000i\000o\000n\000i\000\040\000o\000p\000e\000r\000a\000t\000i\000v\000e}{section.4}% 115
\BOOKMARK [3][-]{paragraph.4.5.0.1}{\376\377\000M\000e\000s\000s\000a\000g\000e\000\040\000e\000x\000c\000h\000a\000n\000g\000e\000\040\000\050\000v\000i\000s\000i\000o\000n\000e\000\040\000d\000i\000\040\000a\000l\000t\000o\000\040\000l\000i\000v\000e\000l\000l\000o\000\051\000.}{subsection.4.5}% 116
\BOOKMARK [4][-]{paragraph.4.5.0.2}{\376\377\000R\000e\000l\000a\000y\000\040\000M\000o\000d\000e\000\040\000\050\000E\000A\000P\000-\000M\000D\0005\000\051\000\040\040\024\000\040\000s\000e\000q\000u\000e\000n\000z\000a\000\040\000d\000e\000t\000t\000a\000g\000l\000i\000a\000t\000a\000.}{paragraph.4.5.0.1}% 117
\BOOKMARK [4][-]{paragraph.4.5.0.3}{\376\377\000E\000A\000P\000-\000T\000L\000S\000:\000\040\000e\000s\000e\000m\000p\000i\000o\000\040\000p\000i\000\371\000\040\000c\000o\000m\000p\000l\000e\000s\000s\000o\000.}{paragraph.4.5.0.1}% 118
\BOOKMARK [2][-]{subsection.4.6}{\376\377\000O\000p\000e\000r\000a\000z\000i\000o\000n\000i\000\040\000a\000g\000g\000i\000u\000n\000t\000i\000v\000e\000:\000\040\000r\000i\000-\000a\000u\000t\000e\000n\000t\000i\000c\000a\000z\000i\000o\000n\000e\000,\000\040\000l\000o\000g\000o\000u\000t\000,\000\040\000t\000i\000m\000e\000r}{section.4}% 119
\BOOKMARK [2][-]{subsection.4.7}{\376\377\000A\000u\000t\000o\000r\000i\000z\000z\000a\000z\000i\000o\000n\000e\000\040\000p\000o\000s\000t\000-\000a\000u\000t\000e\000n\000t\000i\000c\000a\000z\000i\000o\000n\000e\000:\000\040\000V\000L\000A\000N\000,\000\040\000A\000C\000L\000,\000\040\000U\000C\000L}{section.4}% 120
\BOOKMARK [3][-]{paragraph.4.7.0.1}{\376\377\000V\000L\000A\000N\000\040\000d\000i\000n\000a\000m\000i\000c\000h\000e\000.}{subsection.4.7}% 121
\BOOKMARK [4][-]{paragraph.4.7.0.2}{\376\377\000A\000C\000L\000\040\000p\000e\000r\000-\000u\000t\000e\000n\000t\000e\000.}{paragraph.4.7.0.1}% 122
\BOOKMARK [4][-]{paragraph.4.7.0.3}{\376\377\000U\000C\000L\000\040\000\050\000U\000s\000e\000r\000\040\000C\000o\000n\000t\000r\000o\000l\000\040\000L\000i\000s\000t\000\051\000.}{paragraph.4.7.0.1}% 123
\BOOKMARK [2][-]{subsection.4.8}{\376\377\000V\000u\000l\000n\000e\000r\000a\000b\000i\000l\000i\000t\000\340\000\040\000s\000t\000o\000r\000i\000c\000h\000e\000\040\000e\000\040\000m\000o\000t\000i\000v\000a\000z\000i\000o\000n\000e\000\040\000p\000e\000r\000\040\000M\000A\000C\000s\000e\000c}{section.4}% 124
\BOOKMARK [2][-]{subsection.4.9}{\376\377\000L\000a\000b\000\040\0005\000\040\040\024\000\040\0008\0000\0002\000.\0001\000X\000\040\000P\000o\000r\000t\000-\000B\000a\000s\000e\000d\000\040\000A\000u\000t\000h\000e\000n\000t\000i\000c\000a\000t\000i\000o\000n\000\040\000\046\000\040\000V\000L\000A\000N\000\040\000a\000s\000s\000i\000g\000n\000m\000e\000n\000t}{section.4}% 125
\BOOKMARK [3][-]{paragraph.4.9.0.1}{\376\377\000O\000b\000i\000e\000t\000t\000i\000v\000o\000.}{subsection.4.9}% 126
\BOOKMARK [4][-]{paragraph.4.9.0.2}{\376\377\000T\000o\000p\000o\000l\000o\000g\000i\000a\000\040\000d\000i\000\040\000r\000e\000t\000e\000.}{paragraph.4.9.0.1}% 127
\BOOKMARK [4][-]{paragraph.4.9.0.3}{\376\377\000C\000o\000n\000f\000i\000g\000u\000r\000a\000z\000i\000o\000n\000e\000\040\000d\000e\000l\000l\000o\000\040\000s\000w\000i\000t\000c\000h\000\040\000\050\000A\000u\000t\000h\000e\000n\000t\000i\000c\000a\000t\000o\000r\000\051\000.}{paragraph.4.9.0.1}% 128
\BOOKMARK [4][-]{paragraph.4.9.0.4}{\376\377\000S\000e\000r\000v\000e\000r\000\040\000d\000i\000\040\000a\000u\000t\000e\000n\000t\000i\000c\000a\000z\000i\000o\000n\000e\000\040\000\050\000F\000r\000e\000e\000R\000A\000D\000I\000U\000S\000\051\000.}{paragraph.4.9.0.1}% 129
\BOOKMARK [4][-]{paragraph.4.9.0.5}{\376\377\000C\000o\000n\000f\000i\000g\000u\000r\000a\000z\000i\000o\000n\000e\000\040\000d\000e\000i\000\040\000c\000l\000i\000e\000n\000t\000\040\000\050\000S\000u\000p\000p\000l\000i\000c\000a\000n\000t\000\051\000.}{paragraph.4.9.0.1}% 130
\BOOKMARK [4][-]{paragraph.4.9.0.6}{\376\377\000C\000o\000n\000t\000r\000o\000l\000l\000o\000\040\000d\000e\000l\000\040\000t\000r\000a\000f\000f\000i\000c\000o\000\040\000L\0002\000.}{paragraph.4.9.0.1}% 131
\BOOKMARK [4][-]{paragraph.4.9.0.7}{\376\377\000S\000e\000q\000u\000e\000n\000z\000a\000\040\000o\000p\000e\000r\000a\000t\000i\000v\000a\000.}{paragraph.4.9.0.1}% 132
\BOOKMARK [4][-]{paragraph.4.9.0.8}{\376\377\000O\000s\000s\000e\000r\000v\000a\000z\000i\000o\000n\000i\000\040\000e\000\040\000r\000i\000s\000u\000l\000t\000a\000t\000i\000.}{paragraph.4.9.0.1}% 133
\BOOKMARK [4][-]{paragraph.4.9.0.9}{\376\377\000C\000o\000n\000c\000l\000u\000s\000i\000o\000n\000i\000.}{paragraph.4.9.0.1}% 134
\BOOKMARK [2][-]{subsection.4.10}{\376\377\000M\000A\000C\000s\000e\000c\000\040\000e\000\040\000M\000K\000A\000\040\000\050\0008\0000\0002\000.\0001\000A\000E\000\040\000+\000\040\0008\0000\0002\000.\0001\000X\000-\0002\0000\0001\0000\000\051}{section.4}% 135
\BOOKMARK [3][-]{subsubsection.4.10.1}{\376\377\000P\000e\000r\000c\000h\000\351\000\040\000M\000K\000A\000:\000\040\000i\000l\000\040\000t\000a\000s\000s\000e\000l\000l\000o\000\040\000m\000a\000n\000c\000a\000n\000t\000e\000\040\000d\000o\000p\000o\000\040\0008\0000\0002\000.\0001\000X}{subsection.4.10}% 136
\BOOKMARK [3][-]{subsubsection.4.10.2}{\376\377\000L\000e\000\040\000c\000h\000i\000a\000v\000i\000\040\000i\000n\000\040\000g\000i\000o\000c\000o\000\040\000e\000\040\000c\000o\000m\000e\000\040\000s\000i\000\040\000o\000t\000t\000e\000n\000g\000o\000n\000o}{subsection.4.10}% 137
\BOOKMARK [4][-]{paragraph.4.10.2.1}{\376\377\000C\000A\000K\000\040\000e\000\040\000C\000K\000N}{subsubsection.4.10.2}% 138
\BOOKMARK [4][-]{paragraph.4.10.2.2}{\376\377\000I\000C\000K\000\040\000e\000\040\000K\000E\000K}{subsubsection.4.10.2}% 139
\BOOKMARK [4][-]{paragraph.4.10.2.3}{\376\377\000S\000A\000K}{subsubsection.4.10.2}% 140
\BOOKMARK [3][-]{subsubsection.4.10.3}{\376\377\000D\000u\000e\000\040\000m\000o\000d\000a\000l\000i\000t\000\340\000\040\000d\000'\000u\000s\000o\000\040\000d\000e\000l\000\040\000C\000A\000K}{subsection.4.10}% 141
\BOOKMARK [4][-]{paragraph.4.10.3.1}{\376\377\000S\000t\000a\000t\000i\000c\000\040\000C\000A\000K}{subsubsection.4.10.3}% 142
\BOOKMARK [4][-]{paragraph.4.10.3.2}{\376\377\000D\000y\000n\000a\000m\000i\000c\000\040\000C\000A\000K}{subsubsection.4.10.3}% 143
\BOOKMARK [3][-]{subsubsection.4.10.4}{\376\377\000C\000o\000s\000a\000\040\000s\000i\000\040\000s\000c\000a\000m\000b\000i\000a\000n\000o\000\040\000i\000\040\000p\000e\000e\000r\000:\000\040\000i\000l\000\040\000c\000i\000c\000l\000o\000\040\000M\000K\000A}{subsection.4.10}% 144
\BOOKMARK [4][-]{paragraph.4.10.4.1}{\376\377\000A\000n\000n\000u\000n\000c\000i\000o\000,\000\040\000s\000t\000a\000t\000o\000\040\000e\000\040\000p\000r\000i\000o\000r\000i\000t\000\340}{subsubsection.4.10.4}% 145
\BOOKMARK [4][-]{paragraph.4.10.4.2}{\376\377\000E\000l\000e\000z\000i\000o\000n\000e\000\040\000d\000e\000l\000\040\000K\000e\000y\000\040\000S\000e\000r\000v\000e\000r}{subsubsection.4.10.4}% 146
\BOOKMARK [4][-]{paragraph.4.10.4.3}{\376\377\000A\000p\000e\000r\000t\000u\000r\000a\000\040\000d\000e\000i\000\040\000S\000e\000c\000u\000r\000e\000\040\000C\000h\000a\000n\000n\000e\000l}{subsubsection.4.10.4}% 147
\BOOKMARK [4][-]{paragraph.4.10.4.4}{\376\377\000V\000i\000t\000a\000\040\000d\000e\000l\000l\000a\000\040\000s\000e\000s\000s\000i\000o\000n\000e}{subsubsection.4.10.4}% 148
\BOOKMARK [3][-]{subsubsection.4.10.5}{\376\377\000C\000o\000l\000l\000e\000g\000a\000m\000e\000n\000t\000o\000\040\000c\000o\000n\000\040\000l\000e\000\040\000p\000o\000l\000i\000c\000y\000\040\0008\0000\0002\000.\0001\000X\000/\000N\000A\000C}{subsection.4.10}% 149
\BOOKMARK [2][-]{subsection.4.11}{\376\377\000S\000i\000m\000p\000l\000e\000\040\000M\000K\000A\000\040\000l\000a\000b\000\040\000w\000i\000t\000h\000\040\000L\000i\000n\000u\000x}{section.4}% 150
\BOOKMARK [2][-]{subsection.4.12}{\376\377\000L\000a\000b\000o\000r\000a\000t\000o\000r\000i\000o\000:\000\040\000M\000K\000A\000/\000M\000A\000C\000s\000e\000c\000\040\000s\000u\000\040\000L\000i\000n\000u\000x\000\040\000\050\000S\000t\000a\000t\000i\000c\000\040\000C\000A\000K\000\051}{section.4}% 151
\BOOKMARK [3][-]{subsubsection.4.12.1}{\376\377\000S\000c\000o\000p\000o}{subsection.4.12}% 152
\BOOKMARK [3][-]{subsubsection.4.12.2}{\376\377\000T\000o\000p\000o\000l\000o\000g\000i\000a}{subsection.4.12}% 153
\BOOKMARK [3][-]{subsubsection.4.12.3}{\376\377\000P\000r\000o\000c\000e\000d\000u\000r\000a}{subsection.4.12}% 154
\BOOKMARK [4][-]{paragraph.4.12.3.1}{\376\377\000G\000e\000n\000e\000r\000a\000z\000i\000o\000n\000e\000\040\000d\000e\000l\000l\000e\000\040\000c\000h\000i\000a\000v\000i\000\040\000\050\000u\000g\000u\000a\000l\000i\000\040\000s\000u\000\040\000t\000u\000t\000t\000i\000\040\000i\000\040\000p\000e\000e\000r\000\051}{subsubsection.4.12.3}% 155
\BOOKMARK [4][-]{paragraph.4.12.3.2}{\376\377\000C\000o\000n\000f\000i\000g\000u\000r\000a\000z\000i\000o\000n\000e\000\040\000M\000K\000A\000\040\000s\000u\000\040\000c\000i\000a\000s\000c\000u\000n\000\040\000h\000o\000s\000t}{subsubsection.4.12.3}% 156
\BOOKMARK [4][-]{paragraph.4.12.3.3}{\376\377\000A\000v\000v\000i\000o\000\040\000d\000i\000\040\000M\000K\000A\000\040\000e\000\040\000c\000r\000e\000a\000z\000i\000o\000n\000e\000\040\000d\000e\000l\000l\000'\000i\000n\000t\000e\000r\000f\000a\000c\000c\000i\000a\000\040\000m\000a\000c\000s\000e\000c\0000}{subsubsection.4.12.3}% 157
\BOOKMARK [4][-]{paragraph.4.12.3.4}{\376\377\000I\000n\000d\000i\000r\000i\000z\000z\000a\000m\000e\000n\000t\000o\000\040\000I\000P\000\040\000s\000u\000l\000l\000a\000\040\000m\000a\000c\000s\000e\000c\0000}{subsubsection.4.12.3}% 158
\BOOKMARK [4][-]{paragraph.4.12.3.5}{\376\377\000T\000e\000s\000t\000\040\000b\000a\000s\000e\000\040\000d\000i\000\040\000c\000o\000n\000n\000e\000t\000t\000i\000v\000i\000t\000\340}{subsubsection.4.12.3}% 159
\BOOKMARK [3][-]{subsubsection.4.12.4}{\376\377\000V\000e\000r\000i\000f\000i\000c\000h\000e}{subsection.4.12}% 160
\BOOKMARK [4][-]{paragraph.4.12.4.1}{\376\377\000L\000o\000g\000\040\000M\000K\000A}{subsubsection.4.12.4}% 161
\BOOKMARK [4][-]{paragraph.4.12.4.2}{\376\377\000S\000t\000a\000t\000o\000\040\000i\000n\000t\000e\000r\000f\000a\000c\000c\000i\000a}{subsubsection.4.12.4}% 162
\BOOKMARK [3][-]{subsubsection.4.12.5}{\376\377\000T\000r\000o\000u\000b\000l\000e\000s\000h\000o\000o\000t\000i\000n\000g}{subsection.4.12}% 163
\BOOKMARK [3][-]{subsubsection.4.12.6}{\376\377\000P\000u\000l\000i\000z\000i\000a}{subsection.4.12}% 164
\BOOKMARK [3][-]{subsubsection.4.12.7}{\376\377\000E\000s\000t\000e\000n\000s\000i\000o\000n\000i\000\040\000\046\000\040\000d\000o\000m\000a\000n\000d\000e\000\040\000d\000'\000e\000s\000a\000m\000e}{subsection.4.12}% 165
\BOOKMARK [4][-]{paragraph.4.12.7.1}{\376\377\000D\000y\000n\000a\000m\000i\000c\000\040\000C\000A\000K\000\040\000\050\000a\000c\000c\000e\000n\000n\000o\000\051}{subsubsection.4.12.7}% 166
\BOOKMARK [1][-]{section.5}{\376\377\000N\000E\000T\000\137\0000\0005\000\040\040\024\000\040\000F\000i\000r\000e\000w\000a\000l\000l\000\040\000e\000\040\000A\000l\000g\000o\000r\000i\000t\000m\000i\000\040\000d\000i\000\040\000C\000l\000a\000s\000s\000i\000f\000i\000c\000a\000z\000i\000o\000n\000e\000\040\000d\000e\000i\000\040\000P\000a\000c\000c\000h\000e\000t\000t\000i}{}% 167
\BOOKMARK [2][-]{subsection.5.1}{\376\377\000P\000a\000n\000o\000r\000a\000m\000i\000c\000a\000\040\000s\000u\000i\000\040\000F\000i\000r\000e\000w\000a\000l\000l}{section.5}% 168
\BOOKMARK [3][-]{subsubsection.5.1.1}{\376\377\000O\000b\000i\000e\000t\000t\000i\000v\000i\000\040\000d\000i\000\040\000P\000r\000o\000g\000e\000t\000t\000a\000z\000i\000o\000n\000e\000\040\000d\000e\000i\000\040\000F\000i\000r\000e\000w\000a\000l\000l}{subsection.5.1}% 169
\BOOKMARK [3][-]{subsubsection.5.1.2}{\376\377\000P\000o\000l\000i\000t\000i\000c\000a\000\040\000d\000i\000\040\000A\000c\000c\000e\000s\000s\000o\000\040\000d\000e\000l\000\040\000F\000i\000r\000e\000w\000a\000l\000l}{subsection.5.1}% 170
\BOOKMARK [3][-]{subsubsection.5.1.3}{\376\377\000C\000a\000r\000a\000t\000t\000e\000r\000i\000s\000t\000i\000c\000h\000e\000\040\000d\000e\000i\000\040\000F\000i\000r\000e\000w\000a\000l\000l}{subsection.5.1}% 171
\BOOKMARK [2][-]{subsection.5.2}{\376\377\000F\000i\000r\000e\000w\000a\000l\000l\000\040\000d\000i\000\040\000F\000i\000l\000t\000r\000a\000g\000g\000i\000o\000\040\000d\000e\000i\000\040\000P\000a\000c\000c\000h\000e\000t\000t\000i}{section.5}% 172
\BOOKMARK [3][-]{subsubsection.5.2.1}{\376\377\000V\000a\000n\000t\000a\000g\000g\000i\000\040\000e\000\040\000S\000v\000a\000n\000t\000a\000g\000g\000i\000\040\000d\000e\000l\000\040\000F\000i\000l\000t\000r\000a\000g\000g\000i\000o\000\040\000d\000e\000i\000\040\000P\000a\000c\000c\000h\000e\000t\000t\000i}{subsection.5.2}% 173
\BOOKMARK [2][-]{subsection.5.3}{\376\377\000F\000i\000r\000e\000w\000a\000l\000l\000\040\000d\000i\000\040\000I\000s\000p\000e\000z\000i\000o\000n\000e\000\040\000S\000t\000a\000t\000e\000f\000u\000l}{section.5}% 174
\BOOKMARK [3][-]{subsubsection.5.3.1}{\376\377\000T\000a\000b\000e\000l\000l\000a\000\040\000d\000e\000l\000l\000o\000\040\000S\000t\000a\000t\000o\000\040\000d\000e\000l\000l\000e\000\040\000C\000o\000n\000n\000e\000s\000s\000i\000o\000n\000i}{subsection.5.3}% 175
\BOOKMARK [2][-]{subsection.5.4}{\376\377\000G\000a\000t\000e\000w\000a\000y\000\040\000e\000\040\000F\000u\000n\000z\000i\000o\000n\000e\000\040\000d\000e\000l\000\040\000D\000e\000f\000a\000u\000l\000t\000\040\000G\000a\000t\000e\000w\000a\000y}{section.5}% 176
\BOOKMARK [3][-]{subsubsection.5.4.1}{\376\377\000F\000u\000n\000z\000i\000o\000n\000i\000\040\000d\000i\000\040\000u\000n\000\040\000G\000a\000t\000e\000w\000a\000y}{subsection.5.4}% 177
\BOOKMARK [2][-]{subsection.5.5}{\376\377\000A\000p\000p\000l\000i\000c\000a\000t\000i\000o\000n\000-\000L\000e\000v\000e\000l\000\040\000G\000a\000t\000e\000w\000a\000y\000\040\000\050\000A\000L\000G\000\051}{section.5}% 178
\BOOKMARK [3][-]{subsubsection.5.5.1}{\376\377\000F\000u\000n\000z\000i\000o\000n\000a\000m\000e\000n\000t\000o\000\040\000d\000e\000l\000l\000'\000A\000L\000G}{subsection.5.5}% 179
\BOOKMARK [2][-]{subsection.5.6}{\376\377\000C\000i\000r\000c\000u\000i\000t\000-\000L\000e\000v\000e\000l\000\040\000G\000a\000t\000e\000w\000a\000y}{section.5}% 180
\BOOKMARK [3][-]{subsubsection.5.6.1}{\376\377\000F\000u\000n\000z\000i\000o\000n\000e\000\040\000d\000e\000l\000\040\000C\000i\000r\000c\000u\000i\000t\000-\000L\000e\000v\000e\000l\000\040\000G\000a\000t\000e\000w\000a\000y}{subsection.5.6}% 181
\BOOKMARK [2][-]{subsection.5.7}{\376\377\000H\000o\000s\000t\000-\000B\000a\000s\000e\000d\000\040\000F\000i\000r\000e\000w\000a\000l\000l\000\040\000e\000\040\000P\000e\000r\000s\000o\000n\000a\000l\000\040\000F\000i\000r\000e\000w\000a\000l\000l}{section.5}% 182
\BOOKMARK [2][-]{subsection.5.8}{\376\377\000N\000E\000T\000F\000I\000L\000T\000E\000R}{section.5}% 183
\BOOKMARK [3][-]{subsubsection.5.8.1}{\376\377\000F\000u\000n\000z\000i\000o\000n\000a\000m\000e\000n\000t\000o\000\040\000d\000i\000\040\000N\000E\000T\000F\000I\000L\000T\000E\000R}{subsection.5.8}% 184
\BOOKMARK [3][-]{subsubsection.5.8.2}{\376\377\000L\000e\000\040\000T\000a\000b\000e\000l\000l\000e\000\040\000d\000i\000\040\000N\000E\000T\000F\000I\000L\000T\000E\000R}{subsection.5.8}% 185
\BOOKMARK [3][-]{subsubsection.5.8.3}{\376\377\000I\000p\000t\000a\000b\000l\000e\000s\000:\000\040\000I\000l\000\040\000F\000r\000o\000n\000t\000e\000n\000d\000\040\000d\000i\000\040\000N\000E\000T\000F\000I\000L\000T\000E\000R}{subsection.5.8}% 186
\BOOKMARK [4][-]{paragraph.5.8.3.1}{\376\377\000C\000o\000m\000a\000n\000d\000i\000\040\000p\000r\000i\000n\000c\000i\000p\000a\000l\000i\000\040\000d\000i\000\040\000i\000p\000t\000a\000b\000l\000e\000s}{subsubsection.5.8.3}% 187
\BOOKMARK [3][-]{subsubsection.5.8.4}{\376\377\000N\000e\000t\000w\000o\000r\000k\000\040\000A\000d\000d\000r\000e\000s\000s\000\040\000T\000r\000a\000n\000s\000l\000a\000t\000i\000o\000n\000\040\000\050\000N\000A\000T\000\051}{subsection.5.8}% 188
\BOOKMARK [4][-]{paragraph.5.8.4.1}{\376\377\000T\000i\000p\000i\000\040\000d\000i\000\040\000N\000A\000T}{subsubsection.5.8.4}% 189
\BOOKMARK [3][-]{subsubsection.5.8.5}{\376\377\000C\000o\000n\000n\000e\000c\000t\000i\000o\000n\000\040\000T\000r\000a\000c\000k\000i\000n\000g}{subsection.5.8}% 190
\BOOKMARK [4][-]{paragraph.5.8.5.1}{\376\377\000E\000s\000e\000m\000p\000i\000\040\000d\000i\000\040\000s\000t\000a\000t\000o\000\040\000d\000e\000l\000l\000e\000\040\000c\000o\000n\000n\000e\000s\000s\000i\000o\000n\000i}{subsubsection.5.8.5}% 191
\BOOKMARK [3][-]{subsubsection.5.8.6}{\376\377\000V\000a\000n\000t\000a\000g\000g\000i\000\040\000e\000\040\000L\000i\000m\000i\000t\000a\000z\000i\000o\000n\000i\000\040\000d\000i\000\040\000N\000E\000T\000F\000I\000L\000T\000E\000R}{subsection.5.8}% 192
\BOOKMARK [2][-]{subsection.5.9}{\376\377\000L\000a\000b\000\040\0005\000\040\040\024\000\040\000F\000i\000r\000e\000w\000a\000l\000l\000\040\000c\000o\000n\000\040\000i\000p\000t\000a\000b\000l\000e\000s\000\040\000e\000\040\000p\000o\000l\000i\000c\000y\000\040\000d\000i\000\040\000s\000i\000c\000u\000r\000e\000z\000z\000a\000\040\000g\000a\000t\000e\000w\000a\000y\000/\000s\000e\000r\000v\000e\000r}{section.5}% 193
\BOOKMARK [3][-]{paragraph.5.9.0.1}{\376\377\000O\000b\000i\000e\000t\000t\000i\000v\000o\000\040\000e\000\040\000c\000o\000m\000p\000o\000n\000e\000n\000t\000i\000.}{subsection.5.9}% 194
\BOOKMARK [4][-]{paragraph.5.9.0.2}{\376\377\000S\000t\000r\000u\000t\000t\000u\000r\000a\000\040\000d\000e\000l\000\040\000l\000a\000b\000o\000r\000a\000t\000o\000r\000i\000o\000.}{paragraph.5.9.0.1}% 195
\BOOKMARK [4][-]{paragraph.5.9.0.3}{\376\377\000G\000a\000t\000e\000w\000a\000y\000\040\000\050\000f\000i\000r\000e\000w\000a\000l\000l\000\040\000p\000r\000i\000n\000c\000i\000p\000a\000l\000e\000\051\000.}{paragraph.5.9.0.1}% 196
\BOOKMARK [4][-]{paragraph.5.9.0.4}{\376\377\000S\000e\000r\000v\000e\000r\000\040\000D\000M\000Z\000.}{paragraph.5.9.0.1}% 197
\BOOKMARK [4][-]{paragraph.5.9.0.5}{\376\377\000T\000e\000s\000t\000i\000n\000g\000.}{paragraph.5.9.0.1}% 198
\BOOKMARK [2][-]{subsection.5.10}{\376\377\000C\000l\000a\000s\000s\000i\000f\000i\000c\000a\000z\000i\000o\000n\000e\000\040\000d\000e\000i\000\040\000P\000a\000c\000c\000h\000e\000t\000t\000i}{section.5}% 199
\BOOKMARK [3][-]{subsubsection.5.10.1}{\376\377\000P\000e\000r\000c\000h\000\351\000\040\000\350\000\040\000I\000m\000p\000o\000r\000t\000a\000n\000t\000e\000\040\000l\000a\000\040\000C\000l\000a\000s\000s\000i\000f\000i\000c\000a\000z\000i\000o\000n\000e\000\040\000d\000e\000i\000\040\000P\000a\000c\000c\000h\000e\000t\000t\000i\000?}{subsection.5.10}% 200
\BOOKMARK [3][-]{subsubsection.5.10.2}{\376\377\000A\000l\000g\000o\000r\000i\000t\000m\000i\000\040\000d\000i\000\040\000C\000l\000a\000s\000s\000i\000f\000i\000c\000a\000z\000i\000o\000n\000e\000\040\000d\000e\000i\000\040\000P\000a\000c\000c\000h\000e\000t\000t\000i}{subsection.5.10}% 201
\BOOKMARK [2][-]{subsection.5.11}{\376\377\000P\000r\000o\000b\000l\000e\000m\000a\000\040\000d\000e\000l\000l\000a\000\040\000C\000l\000a\000s\000s\000i\000f\000i\000c\000a\000z\000i\000o\000n\000e\000\040\000d\000e\000i\000\040\000P\000a\000c\000c\000h\000e\000t\000t\000i}{section.5}% 202
\BOOKMARK [3][-]{subsubsection.5.11.1}{\376\377\000S\000t\000r\000u\000t\000t\000u\000r\000a\000\040\000d\000e\000l\000l\000e\000\040\000R\000e\000g\000o\000l\000e\000\040\000d\000i\000\040\000C\000l\000a\000s\000s\000i\000f\000i\000c\000a\000z\000i\000o\000n\000e}{subsection.5.11}% 203
\BOOKMARK [3][-]{subsubsection.5.11.2}{\376\377\000C\000o\000m\000b\000i\000n\000a\000z\000i\000o\000n\000e\000\040\000d\000i\000\040\000R\000e\000g\000o\000l\000e\000\040\000c\000o\000n\000\040\000M\000a\000t\000c\000h\000\040\000M\000u\000l\000t\000i\000p\000l\000i}{subsection.5.11}% 204
\BOOKMARK [3][-]{subsubsection.5.11.3}{\376\377\000A\000l\000g\000o\000r\000i\000t\000m\000i\000\040\000d\000i\000\040\000M\000a\000t\000c\000h\000i\000n\000g}{subsection.5.11}% 205
\BOOKMARK [2][-]{subsection.5.12}{\376\377\000A\000p\000p\000r\000o\000c\000c\000i\000o\000\040\000B\000i\000t\000\040\000V\000e\000c\000t\000o\000r\000\040\000L\000i\000n\000e\000a\000r\000\040\000S\000e\000a\000r\000c\000h}{section.5}% 206
\BOOKMARK [3][-]{subsubsection.5.12.1}{\376\377\000F\000u\000n\000z\000i\000o\000n\000a\000m\000e\000n\000t\000o\000\040\000d\000e\000l\000\040\000B\000i\000t\000\040\000V\000e\000c\000t\000o\000r\000\040\000L\000i\000n\000e\000a\000r\000\040\000S\000e\000a\000r\000c\000h}{subsection.5.12}% 207
\BOOKMARK [3][-]{subsubsection.5.12.2}{\376\377\000V\000a\000n\000t\000a\000g\000g\000i\000\040\000e\000\040\000L\000i\000m\000i\000t\000i\000\040\000d\000e\000l\000\040\000B\000i\000t\000\040\000V\000e\000c\000t\000o\000r\000\040\000L\000i\000n\000e\000a\000r\000\040\000S\000e\000a\000r\000c\000h}{subsection.5.12}% 208
\BOOKMARK [2][-]{subsection.5.13}{\376\377\000C\000o\000n\000t\000e\000n\000u\000t\000o\000\040\000e\000\040\000P\000r\000e\000s\000t\000a\000z\000i\000o\000n\000i\000\040\000d\000e\000l\000l\000a\000\040\000C\000l\000a\000s\000s\000i\000f\000i\000c\000a\000z\000i\000o\000n\000e\000\040\000d\000e\000i\000\040\000P\000a\000c\000c\000h\000e\000t\000t\000i}{section.5}% 209
\BOOKMARK [1][-]{section.6}{\376\377\000S\000e\000c\000u\000r\000e\000\040\000P\000r\000o\000t\000o\000c\000o\000l\000s\000\040\000a\000n\000d\000\040\000O\000v\000e\000r\000l\000a\000y\000\040\000V\000P\000N\000s}{}% 210
\BOOKMARK [2][-]{subsection.6.1}{\376\377\000S\000i\000c\000u\000r\000e\000z\000z\000a\000\040\000a\000\040\000l\000i\000v\000e\000l\000l\000o\000\040\000a\000p\000p\000l\000i\000c\000a\000t\000i\000v\000o\000:\000\040\000S\000e\000c\000u\000r\000e\000\040\000S\000h\000e\000l\000l\000\040\000\050\000S\000S\000H\000\051}{section.6}% 211
\BOOKMARK [3][-]{paragraph.6.1.0.1}{\376\377\000A\000r\000c\000h\000i\000t\000e\000t\000t\000u\000r\000a\000\040\000e\000\040\000R\000F\000C\000.}{subsection.6.1}% 212
\BOOKMARK [4][-]{paragraph.6.1.0.2}{\376\377\000O\000b\000i\000e\000t\000t\000i\000v\000i\000\040\000d\000i\000\040\000s\000i\000c\000u\000r\000e\000z\000z\000a\000.}{paragraph.6.1.0.1}% 213
\BOOKMARK [4][-]{paragraph.6.1.0.3}{\376\377\000C\000i\000f\000r\000a\000t\000u\000r\000a\000\040\000e\000\040\000h\000a\000n\000d\000s\000h\000a\000k\000e\000.}{paragraph.6.1.0.1}% 214
\BOOKMARK [4][-]{paragraph.6.1.0.4}{\376\377\000A\000u\000t\000e\000n\000t\000i\000c\000a\000z\000i\000o\000n\000e\000\040\000d\000e\000l\000\040\000s\000e\000r\000v\000e\000r\000.}{paragraph.6.1.0.1}% 215
\BOOKMARK [4][-]{paragraph.6.1.0.5}{\376\377\000A\000u\000t\000e\000n\000t\000i\000c\000a\000z\000i\000o\000n\000e\000\040\000d\000e\000l\000\040\000c\000l\000i\000e\000n\000t\000.}{paragraph.6.1.0.1}% 216
\BOOKMARK [4][-]{paragraph.6.1.0.6}{\376\377\000S\000e\000r\000v\000i\000z\000i\000\040\000a\000g\000g\000i\000u\000n\000t\000i\000v\000i\000.}{paragraph.6.1.0.1}% 217
\BOOKMARK [4][-]{paragraph.6.1.0.7}{\376\377\000C\000o\000n\000c\000l\000u\000s\000i\000o\000n\000e\000.}{paragraph.6.1.0.1}% 218
\BOOKMARK [2][-]{subsection.6.2}{\376\377\000S\000i\000c\000u\000r\000e\000z\000z\000a\000\040\000a\000\040\000l\000i\000v\000e\000l\000l\000o\000\040\000d\000i\000\040\000t\000r\000a\000s\000p\000o\000r\000t\000o\000:\000\040\000T\000r\000a\000n\000s\000p\000o\000r\000t\000\040\000L\000a\000y\000e\000r\000\040\000S\000e\000c\000u\000r\000i\000t\000y\000\040\000\050\000T\000L\000S\000\051}{section.6}% 219
\BOOKMARK [3][-]{paragraph.6.2.0.1}{\376\377\000O\000b\000i\000e\000t\000t\000i\000v\000i\000\040\000d\000i\000\040\000T\000L\000S\000.}{subsection.6.2}% 220
\BOOKMARK [4][-]{paragraph.6.2.0.2}{\376\377\000R\000u\000o\000l\000o\000\040\000n\000e\000l\000l\000o\000\040\000s\000t\000a\000c\000k\000\040\000d\000i\000\040\000r\000e\000t\000e\000.}{paragraph.6.2.0.1}% 221
\BOOKMARK [4][-]{paragraph.6.2.0.3}{\376\377\000E\000s\000e\000m\000p\000i\000o\000\040\000p\000r\000a\000t\000i\000c\000o\000.}{paragraph.6.2.0.1}% 222
\BOOKMARK [4][-]{paragraph.6.2.0.4}{\376\377\000S\000t\000o\000r\000i\000a\000\040\000e\000\040\000p\000o\000r\000t\000e\000\040\000s\000t\000a\000n\000d\000a\000r\000d\000.}{paragraph.6.2.0.1}% 223
\BOOKMARK [4][-]{paragraph.6.2.0.5}{\376\377\000F\000u\000n\000z\000i\000o\000n\000a\000m\000e\000n\000t\000o\000.}{paragraph.6.2.0.1}% 224
\BOOKMARK [4][-]{paragraph.6.2.0.6}{\376\377\000E\000v\000o\000l\000u\000z\000i\000o\000n\000e\000\040\000a\000\040\000T\000L\000S\000\040\0001\000.\0003\000.}{paragraph.6.2.0.1}% 225
\BOOKMARK [4][-]{paragraph.6.2.0.7}{\376\377\000A\000t\000t\000a\000c\000c\000h\000i\000\040\000n\000o\000t\000i\000.}{paragraph.6.2.0.1}% 226
\BOOKMARK [2][-]{subsection.6.3}{\376\377\000L\000a\000b\000o\000r\000a\000t\000o\000r\000i\000o\000:\000\040\000H\000T\000T\000P\000S\000\040\000c\000o\000n\000\040\000A\000p\000a\000c\000h\000e\0002}{section.6}% 227
\BOOKMARK [3][-]{paragraph.6.3.0.1}{\376\377\0001\000.\000\040\000C\000r\000e\000a\000z\000i\000o\000n\000e\000\040\000d\000e\000l\000l\000a\000\040\000C\000A\000.}{subsection.6.3}% 228
\BOOKMARK [4][-]{paragraph.6.3.0.2}{\376\377\0002\000.\000\040\000C\000o\000n\000f\000i\000g\000u\000r\000a\000z\000i\000o\000n\000e\000\040\000d\000i\000\040\000A\000p\000a\000c\000h\000e\0002\000.}{paragraph.6.3.0.1}% 229
\BOOKMARK [4][-]{paragraph.6.3.0.3}{\376\377\0003\000.\000\040\000A\000c\000c\000e\000s\000s\000o\000\040\000e\000\040\000v\000e\000r\000i\000f\000i\000c\000a\000.}{paragraph.6.3.0.1}% 230
\BOOKMARK [4][-]{paragraph.6.3.0.4}{\376\377\000R\000e\000d\000i\000r\000e\000c\000t\000\040\000d\000a\000\040\000H\000T\000T\000P\000\040\000a\000\040\000H\000T\000T\000P\000S\000.}{paragraph.6.3.0.1}% 231
\BOOKMARK [2][-]{subsection.6.4}{\376\377\000A\000t\000t\000a\000c\000c\000h\000i\000\040\000d\000i\000\040\000d\000o\000w\000n\000g\000r\000a\000d\000e\000\040\000e\000\040\000c\000o\000n\000t\000r\000o\000m\000i\000s\000u\000r\000e}{section.6}% 232
\BOOKMARK [3][-]{paragraph.6.4.0.1}{\376\377\000H\000S\000T\000S\000.}{subsection.6.4}% 233
\BOOKMARK [2][-]{subsection.6.5}{\376\377\000O\000v\000e\000r\000l\000a\000y\000\040\000V\000P\000N\000s\000\040\000e\000\040\000O\000p\000e\000n\000V\000P\000N}{section.6}% 234
\BOOKMARK [3][-]{paragraph.6.5.0.1}{\376\377\000C\000o\000n\000c\000e\000t\000t\000o\000\040\000d\000i\000\040\000t\000u\000n\000n\000e\000l\000i\000n\000g\000.}{subsection.6.5}% 235
\BOOKMARK [3][-]{subsubsection.6.5.1}{\376\377\000O\000p\000e\000n\000V\000P\000N}{subsection.6.5}% 236
\BOOKMARK [4][-]{paragraph.6.5.1.1}{\376\377\000A\000r\000c\000h\000i\000t\000e\000t\000t\000u\000r\000a\000.}{subsubsection.6.5.1}% 237
\BOOKMARK [4][-]{paragraph.6.5.1.2}{\376\377\000C\000o\000n\000f\000i\000g\000u\000r\000a\000z\000i\000o\000n\000e\000\040\000d\000i\000\040\000b\000a\000s\000e\000.}{subsubsection.6.5.1}% 238
\BOOKMARK [4][-]{paragraph.6.5.1.3}{\376\377\000R\000o\000u\000t\000i\000n\000g\000\040\000e\000\040\000N\000A\000T\000.}{subsubsection.6.5.1}% 239
\BOOKMARK [4][-]{paragraph.6.5.1.4}{\376\377\000A\000u\000t\000e\000n\000t\000i\000c\000a\000z\000i\000o\000n\000e\000\040\000e\000\040\000c\000i\000f\000r\000a\000t\000u\000r\000a\000.}{subsubsection.6.5.1}% 240
\BOOKMARK [4][-]{paragraph.6.5.1.5}{\376\377\000V\000a\000n\000t\000a\000g\000g\000i\000.}{subsubsection.6.5.1}% 241
\BOOKMARK [2][-]{subsection.6.6}{\376\377\000C\000o\000n\000c\000l\000u\000s\000i\000o\000n\000e}{section.6}% 242
\BOOKMARK [1][-]{section.7}{\376\377\000S\000Y\000S\000\137\0000\0001\000\040\040\024\000\040\000I\000n\000t\000r\000o\000d\000u\000z\000i\000o\000n\000e\000\040\000a\000i\000\040\000S\000e\000c\000u\000r\000i\000t\000y\000\040\000F\000r\000a\000m\000e\000w\000o\000r\000k\000s}{}% 243
\BOOKMARK [2][-]{subsection.7.1}{\376\377\000Q\000u\000a\000d\000r\000o\000\040\000g\000e\000n\000e\000r\000a\000l\000e\000\040\000e\000\040\000o\000b\000i\000e\000t\000t\000i\000v\000o}{section.7}% 244
\BOOKMARK [2][-]{subsection.7.2}{\376\377\000P\000r\000i\000n\000c\000i\000p\000i\000\040\000f\000o\000n\000d\000a\000m\000e\000n\000t\000a\000l\000i}{section.7}% 245
\BOOKMARK [3][-]{paragraph.7.2.0.1}{\376\377\000C\000o\000n\000f\000i\000d\000e\000n\000z\000i\000a\000l\000i\000t\000\340}{subsection.7.2}% 246
\BOOKMARK [4][-]{paragraph.7.2.0.2}{\376\377\000I\000n\000t\000e\000g\000r\000i\000t\000\340}{paragraph.7.2.0.1}% 247
\BOOKMARK [4][-]{paragraph.7.2.0.3}{\376\377\000D\000i\000s\000p\000o\000n\000i\000b\000i\000l\000i\000t\000\340}{paragraph.7.2.0.1}% 248
\BOOKMARK [4][-]{paragraph.7.2.0.4}{\376\377\000A\000u\000t\000e\000n\000t\000i\000c\000i\000t\000\340\000\040\000e\000\040\000A\000u\000t\000o\000r\000i\000z\000z\000a\000z\000i\000o\000n\000e}{paragraph.7.2.0.1}% 249
\BOOKMARK [4][-]{paragraph.7.2.0.5}{\376\377\000A\000c\000c\000o\000u\000n\000t\000a\000b\000i\000l\000i\000t\000y}{paragraph.7.2.0.1}% 250
\BOOKMARK [4][-]{paragraph.7.2.0.6}{\376\377\000D\000i\000p\000e\000n\000d\000i\000b\000i\000l\000i\000t\000\340}{paragraph.7.2.0.1}% 251
\BOOKMARK [2][-]{subsection.7.3}{\376\377\000P\000e\000r\000c\000h\000\351\000\040\000s\000e\000r\000v\000o\000n\000o\000\040\000i\000\040\000S\000e\000c\000u\000r\000i\000t\000y\000\040\000F\000r\000a\000m\000e\000w\000o\000r\000k\000s}{section.7}% 252
\BOOKMARK [2][-]{subsection.7.4}{\376\377\000T\000r\000e\000\040\000f\000a\000m\000i\000g\000l\000i\000e\000\040\000a\000\040\000c\000o\000n\000f\000r\000o\000n\000t\000o}{section.7}% 253
\BOOKMARK [3][-]{subsubsection.7.4.1}{\376\377\000F\000I\000P\000S\000\040\0002\0000\0000\000\040\040\024\000\040\000R\000e\000q\000u\000i\000s\000i\000t\000i\000\040\000m\000i\000n\000i\000m\000i\000\040\000p\000e\000r\000\040\000i\000\040\000s\000i\000s\000t\000e\000m\000i\000\040\000f\000e\000d\000e\000r\000a\000l\000i}{subsection.7.4}% 254
\BOOKMARK [3][-]{subsubsection.7.4.2}{\376\377\000C\000I\000S\000\040\000C\000r\000i\000t\000i\000c\000a\000l\000\040\000S\000e\000c\000u\000r\000i\000t\000y\000\040\000C\000o\000n\000t\000r\000o\000l\000s\000\040\040\024\000\040\000L\040\031\000i\000g\000i\000e\000n\000e\000\040\000p\000r\000i\000o\000r\000i\000t\000a\000r\000i\000a}{subsection.7.4}% 255
\BOOKMARK [3][-]{subsubsection.7.4.3}{\376\377\000I\000S\000O\000/\000I\000E\000C\000\040\0002\0007\0000\0000\0000\000\040\040\024\000\040\000I\000S\000M\000S\000\040\000e\000\040\000g\000e\000s\000t\000i\000o\000n\000e\000\040\000d\000e\000l\000\040\000r\000i\000s\000c\000h\000i\000o}{subsection.7.4}% 256
\BOOKMARK [1][-]{section.8}{\376\377\000S\000Y\000S\000\137\0000\0002\000\040\040\024\000\040\000H\000a\000r\000d\000w\000a\000r\000e\000\040\000P\000r\000i\000m\000e\000r}{}% 257
\BOOKMARK [2][-]{subsection.8.1}{\376\377\000M\000o\000o\000r\000e\040\031\000s\000\040\000L\000a\000w\000\040\000e\000\040\000l\040\031\000e\000v\000o\000l\000u\000z\000i\000o\000n\000e\000\040\000d\000e\000l\000\040\000c\000a\000l\000c\000o\000l\000o}{section.8}% 258
\BOOKMARK [2][-]{subsection.8.2}{\376\377\000F\000i\000n\000e\000\040\000d\000e\000l\000l\000a\000\040\000c\000r\000e\000s\000c\000i\000t\000a\000\040\000l\000i\000n\000e\000a\000r\000e\000\040\000e\000\040\000p\000a\000r\000a\000l\000l\000e\000l\000i\000s\000m\000o}{section.8}% 259
\BOOKMARK [2][-]{subsection.8.3}{\376\377\000P\000i\000p\000e\000l\000i\000n\000e\000\040\000e\000\040\000a\000r\000c\000h\000i\000t\000e\000t\000t\000u\000r\000a\000\040\000s\000u\000p\000e\000r\000s\000c\000a\000l\000a\000r\000e}{section.8}% 260
\BOOKMARK [2][-]{subsection.8.4}{\376\377\000B\000r\000a\000n\000c\000h\000\040\000P\000r\000e\000d\000i\000c\000t\000i\000o\000n\000:\000\040\000p\000r\000i\000n\000c\000i\000p\000i\000\040\000e\000\040\000s\000t\000r\000a\000t\000e\000g\000i\000e}{section.8}% 261
\BOOKMARK [3][-]{paragraph.8.4.0.1}{\376\377\000P\000e\000r\000c\000h\000\351\000\040\000s\000e\000r\000v\000e\000\040\000u\000n\000a\000\040\000p\000r\000e\000d\000i\000z\000i\000o\000n\000e}{subsection.8.4}% 262
\BOOKMARK [4][-]{paragraph.8.4.0.2}{\376\377\000T\000i\000p\000i\000\040\000d\000i\000\040\000p\000r\000e\000d\000i\000z\000i\000o\000n\000e}{paragraph.8.4.0.1}% 263
\BOOKMARK [4][-]{paragraph.8.4.0.3}{\376\377\000C\000o\000n\000t\000a\000t\000o\000r\000e\000\040\000a\000\040\0002\000\040\000b\000i\000t\000\040\000s\000a\000t\000u\000r\000a\000n\000t\000e}{paragraph.8.4.0.1}% 264
\BOOKMARK [4][-]{paragraph.8.4.0.4}{\376\377\000P\000r\000e\000d\000i\000t\000t\000o\000r\000i\000\040\000c\000o\000r\000r\000e\000l\000a\000t\000i\000\040\000e\000\040\000m\000u\000l\000t\000i\000l\000i\000v\000e\000l\000l\000o}{paragraph.8.4.0.1}% 265
\BOOKMARK [4][-]{paragraph.8.4.0.5}{\376\377\000O\000t\000t\000i\000m\000i\000z\000z\000a\000z\000i\000o\000n\000i\000\040\000h\000a\000r\000d\000w\000a\000r\000e}{paragraph.8.4.0.1}% 266
\BOOKMARK [4][-]{paragraph.8.4.0.6}{\376\377\000I\000m\000p\000o\000r\000t\000a\000n\000z\000a\000\040\000c\000r\000e\000s\000c\000e\000n\000t\000e\000\040\000d\000e\000l\000l\000a\000\040\000p\000r\000e\000d\000i\000z\000i\000o\000n\000e}{paragraph.8.4.0.1}% 267
\BOOKMARK [2][-]{subsection.8.5}{\376\377\000S\000i\000m\000u\000l\000t\000a\000n\000e\000o\000u\000s\000\040\000M\000u\000l\000t\000i\000t\000h\000r\000e\000a\000d\000i\000n\000g\000\040\000\050\000S\000M\000T\000\051}{section.8}% 268
\BOOKMARK [2][-]{subsection.8.6}{\376\377\000P\000i\000p\000e\000l\000i\000n\000e\000\040\000i\000n\000t\000e\000r\000n\000a\000\040\000n\000e\000i\000\040\000p\000r\000o\000c\000e\000s\000s\000o\000r\000i\000\040\000I\000n\000t\000e\000l\000\040\000X\000e\000o\000n}{section.8}% 269
\BOOKMARK [2][-]{subsection.8.7}{\376\377\000G\000e\000r\000a\000r\000c\000h\000i\000a\000\040\000d\000i\000\040\000m\000e\000m\000o\000r\000i\000a}{section.8}% 270
\BOOKMARK [3][-]{paragraph.8.7.0.1}{\376\377\000I\000n\000c\000l\000u\000s\000i\000v\000i\000t\000\340\000\040\000e\000\040\000m\000a\000p\000p\000a\000t\000u\000r\000a}{subsection.8.7}% 271
\BOOKMARK [4][-]{paragraph.8.7.0.2}{\376\377\000S\000o\000s\000t\000i\000t\000u\000z\000i\000o\000n\000e\000\040\000e\000d\000\040\000a\000g\000g\000i\000o\000r\000n\000a\000m\000e\000n\000t\000o}{paragraph.8.7.0.1}% 272
\BOOKMARK [2][-]{subsection.8.8}{\376\377\000C\000a\000c\000h\000e\000\040\000c\000o\000h\000e\000r\000e\000n\000c\000e\000\040\000n\000e\000i\000\040\000m\000u\000l\000t\000i\000c\000o\000r\000e}{section.8}% 273
\BOOKMARK [3][-]{paragraph.8.8.0.1}{\376\377\000P\000r\000o\000t\000o\000c\000o\000l\000l\000i\000\040\000d\000i\000\040\000c\000o\000e\000r\000e\000n\000z\000a}{subsection.8.8}% 274
\BOOKMARK [2][-]{subsection.8.9}{\376\377\000P\000r\000o\000t\000o\000c\000o\000l\000l\000i\000\040\000M\000O\000E\000S\000I\000\040\000e\000\040\000V\000I}{section.8}% 275
\BOOKMARK [3][-]{paragraph.8.9.0.1}{\376\377\000V\000i\000r\000t\000u\000a\000l\000\040\000v\000s\000.\000\040\000P\000h\000y\000s\000i\000c\000a\000l\000\040\000C\000a\000c\000h\000e\000\040\000I\000n\000d\000e\000x\000i\000n\000g}{subsection.8.9}% 276
\BOOKMARK [2][-]{subsection.8.10}{\376\377\000H\000a\000r\000d\000w\000a\000r\000e\000\040\000T\000r\000a\000n\000s\000a\000c\000t\000i\000o\000n\000a\000l\000\040\000M\000e\000m\000o\000r\000y\000\040\000\050\000H\000T\000M\000\051}{section.8}% 277
\BOOKMARK [3][-]{paragraph.8.10.0.1}{\376\377\000P\000r\000i\000n\000c\000i\000p\000i\000o\000\040\000d\000i\000\040\000f\000u\000n\000z\000i\000o\000n\000a\000m\000e\000n\000t\000o}{subsection.8.10}% 278
\BOOKMARK [4][-]{paragraph.8.10.0.2}{\376\377\000C\000a\000s\000i\000\040\000d\000i\000\040\000a\000b\000o\000r\000t\000\040\000e\000\040\000c\000o\000d\000i\000c\000i\000\040\000d\000i\000\040\000s\000t\000a\000t\000o}{paragraph.8.10.0.1}% 279
\BOOKMARK [2][-]{subsection.8.11}{\376\377\000D\000R\000A\000M\000\040\000e\000\040\000R\000e\000f\000r\000e\000s\000h}{section.8}% 280
\BOOKMARK [3][-]{paragraph.8.11.0.1}{\376\377\000E\000f\000f\000e\000t\000t\000i\000\040\000d\000e\000l\000\040\000r\000e\000f\000r\000e\000s\000h}{subsection.8.11}% 281
\BOOKMARK [1][-]{section.9}{\376\377\000S\000Y\000S\000\137\0000\0004\000\040\000-\000\040\000H\000a\000r\000d\000w\000a\000r\000e\000\040\000a\000t\000t\000a\000c\000k\000s\000\040\000a\000n\000d\000\040\000c\000o\000u\000n\000t\000e\000r\000m\000e\000a\000s\000u\000r\000e\000s}{}% 282
\BOOKMARK [2][-]{subsection.9.1}{\376\377\000I\000n\000t\000r\000o\000d\000u\000z\000i\000o\000n\000e\000\040\000a\000g\000l\000i\000\040\000A\000t\000t\000a\000c\000c\000h\000i\000\040\000H\000a\000r\000d\000w\000a\000r\000e}{section.9}% 283
\BOOKMARK [2][-]{subsection.9.2}{\376\377\000T\000i\000m\000i\000n\000g\000\040\000e\000\040\000S\000i\000c\000u\000r\000e\000z\000z\000a}{section.9}% 284
\BOOKMARK [3][-]{paragraph.9.2.0.1}{\376\377\000U\000s\000o\000\040\000d\000e\000l\000l\000a\000\040\000F\000u\000n\000z\000i\000o\000n\000e\000\040\000s\000t\000r\000c\000m\000p}{subsection.9.2}% 285
\BOOKMARK [4][-]{paragraph.9.2.0.2}{\376\377\000T\000i\000m\000i\000n\000g\000\040\000a\000t\000t\000a\000c\000k\000\040\000i\000n\000\040\000u\000n\000\040\000P\000r\000o\000g\000r\000a\000m\000m\000a\000\040\000d\000i\000\040\000A\000u\000t\000e\000n\000t\000i\000c\000a\000z\000i\000o\000n\000e}{paragraph.9.2.0.1}% 286
\BOOKMARK [3][-]{subsubsection.9.2.1}{\376\377\000A\000t\000t\000a\000c\000c\000h\000i\000\040\000d\000i\000\040\000T\000e\000m\000p\000o\000r\000i\000z\000z\000a\000z\000i\000o\000n\000e\000\040\000n\000e\000l\000\040\000M\000o\000n\000d\000o\000\040\000R\000e\000a\000l\000e\000:\000\040\000R\000S\000A}{subsection.9.2}% 287
\BOOKMARK [4][-]{paragraph.9.2.1.1}{\376\377\000A\000t\000t\000a\000c\000c\000h\000i\000\040\000a\000l\000l\000a\000\040\000D\000e\000c\000r\000i\000t\000t\000a\000z\000i\000o\000n\000e\000\040\000R\000S\000A}{subsubsection.9.2.1}% 288
\BOOKMARK [4][-]{paragraph.9.2.1.2}{\376\377\000A\000l\000g\000o\000r\000i\000t\000m\000i\000\040\000a\000\040\000T\000e\000m\000p\000o\000\040\000C\000o\000s\000t\000a\000n\000t\000e}{subsubsection.9.2.1}% 289
\BOOKMARK [2][-]{subsection.9.3}{\376\377\000P\000r\000e\000a\000m\000b\000o\000l\000o\000:\000\040\000S\000i\000d\000e\000-\000C\000h\000a\000n\000n\000e\000l\000\040\000A\000t\000t\000a\000c\000k\000s\000\040\000e\000\040\000C\000o\000n\000s\000i\000d\000e\000r\000a\000z\000i\000o\000n\000i\000\040\000T\000e\000c\000n\000i\000c\000h\000e}{section.9}% 290
\BOOKMARK [3][-]{paragraph.9.3.0.1}{\376\377\000F\000a\000s\000i\000\040\000o\000p\000e\000r\000a\000t\000i\000v\000e}{subsection.9.3}% 291
\BOOKMARK [4][-]{paragraph.9.3.0.2}{\376\377\000S\000c\000o\000p\000r\000i\000r\000e\000\040\000i\000\040\000p\000e\000r\000c\000o\000r\000s\000i\000\040\000d\000i\000\040\000c\000o\000d\000i\000c\000e}{paragraph.9.3.0.1}% 292
\BOOKMARK [3][-]{subsubsection.9.3.1}{\376\377\000T\000e\000c\000h\000n\000i\000c\000a\000l\000\040\000C\000o\000n\000s\000i\000d\000e\000r\000a\000t\000i\000o\000n\000s}{subsection.9.3}% 293
\BOOKMARK [4][-]{paragraph.9.3.1.1}{\376\377\000N\000o\000t\000a\000\040\000p\000r\000a\000t\000i\000c\000a\000\040\000\050\000T\000S\000X\000\040\000e\000\040\000d\000e\000t\000e\000c\000t\000i\000o\000n\000\051}{subsubsection.9.3.1}% 294
\BOOKMARK [2][-]{subsection.9.4}{\376\377\000A\000t\000t\000a\000c\000c\000h\000i\000\040\000s\000i\000d\000e\000\040\000c\000h\000a\000n\000n\000e\000l}{section.9}% 295
\BOOKMARK [3][-]{subsubsection.9.4.1}{\376\377\000T\000i\000m\000i\000n\000g\000\040\000d\000e\000l\000l\000a\000\040\000C\000a\000c\000h\000e}{subsection.9.4}% 296
\BOOKMARK [4][-]{paragraph.9.4.1.1}{\376\377\000A\000t\000t\000a\000c\000c\000h\000i\000\040\000F\000l\000u\000s\000h\000\040\000+\000\040\000R\000e\000l\000o\000a\000d}{subsubsection.9.4.1}% 297
\BOOKMARK [4][-]{paragraph.9.4.1.2}{\376\377\000E\000v\000i\000c\000t\000\040\000+\000\040\000T\000i\000m\000e}{subsubsection.9.4.1}% 298
\BOOKMARK [4][-]{paragraph.9.4.1.3}{\376\377\000A\000t\000t\000a\000c\000c\000h\000i\000\040\000P\000r\000i\000m\000e\000\040\000+\000\040\000P\000r\000o\000b\000e}{subsubsection.9.4.1}% 299
\BOOKMARK [4][-]{paragraph.9.4.1.4}{\376\377\000P\000r\000i\000m\000e\000\040\000+\000\040\000A\000b\000o\000r\000t}{subsubsection.9.4.1}% 300
\BOOKMARK [4][-]{paragraph.9.4.1.5}{\376\377\000F\000l\000u\000s\000h\000\040\000+\000\040\000F\000l\000u\000s\000h}{subsubsection.9.4.1}% 301
\BOOKMARK [3][-]{subsubsection.9.4.2}{\376\377\000M\000e\000e\000t\000i\000n\000g\000\040\000O\000u\000t\000-\000o\000f\000-\000O\000r\000d\000e\000r\000\040\000P\000i\000p\000e\000l\000i\000n\000e\000s\000:\000\040\000p\000e\000r\000c\000h\000\351\000\040\000c\000o\000n\000t\000a\000\040\000p\000e\000r\000\040\000l\000a\000\040\000s\000i\000c\000u\000r\000e\000z\000z\000a}{subsection.9.4}% 302
\BOOKMARK [3][-]{subsubsection.9.4.3}{\376\377\000M\000e\000l\000t\000d\000o\000w\000n\000:\000\040\000c\000o\000m\000e\000\040\000f\000u\000n\000z\000i\000o\000n\000a\000\040\000\050\000P\000r\000i\000m\000e\000r\000\051}{subsection.9.4}% 303
\BOOKMARK [4][-]{paragraph.9.4.3.1}{\376\377\000I\000d\000e\000a\000\040\000c\000h\000i\000a\000v\000e}{subsubsection.9.4.3}% 304
\BOOKMARK [4][-]{paragraph.9.4.3.2}{\376\377\000S\000c\000h\000e\000m\000a\000\040\000o\000p\000e\000r\000a\000t\000i\000v\000o\000\040\000M\000e\000l\000t\000d\000o\000w\000n}{subsubsection.9.4.3}% 305
\BOOKMARK [4][-]{paragraph.9.4.3.3}{\376\377\000P\000e\000r\000c\000h\000\351\000\040\000\350\000\040\000p\000o\000s\000s\000i\000b\000i\000l\000e}{subsubsection.9.4.3}% 306
\BOOKMARK [3][-]{subsubsection.9.4.4}{\376\377\000F\000o\000o\000l\000i\000n\000g\000\040\000t\000h\000e\000\040\000B\000r\000a\000n\000c\000h\000\040\000P\000r\000e\000d\000i\000c\000t\000i\000o\000n\000\040\000U\000n\000i\000t\000\040\000\050\000B\000P\000U\000\051}{subsection.9.4}% 307
\BOOKMARK [4][-]{paragraph.9.4.4.1}{\376\377\000D\000o\000v\000e\000\040\000s\000i\000\040\000c\000o\000l\000p\000i\000s\000c\000e\000\040\000e\000\040\000p\000e\000r\000c\000h\000\351\000\040\000f\000u\000n\000z\000i\000o\000n\000a}{subsubsection.9.4.4}% 308
\BOOKMARK [3][-]{subsubsection.9.4.5}{\376\377\000S\000p\000e\000c\000t\000r\000e\000\040\000P\000r\000i\000m\000e\000r\000\040\000v\0001\000\040\000\050\000B\000o\000u\000n\000d\000s\000\040\000C\000h\000e\000c\000k\000\040\000B\000y\000p\000a\000s\000s\000\051}{subsection.9.4}% 309
\BOOKMARK [3][-]{subsubsection.9.4.6}{\376\377\000S\000p\000e\000c\000t\000r\000e\000\040\000P\000r\000i\000m\000e\000r\000\040\000v\0002\000\040\000\050\000B\000T\000B\000\040\000P\000o\000i\000s\000o\000n\000i\000n\000g\000\040\000e\000\040\000G\000a\000d\000g\000e\000t\000\051}{subsection.9.4}% 310
\BOOKMARK [4][-]{paragraph.9.4.6.1}{\376\377\000E\000s\000e\000m\000p\000i\000o\000\040\000d\000i\000\040\000g\000a\000d\000g\000e\000t\000\040\000d\000a\000l\000l\000e\000\040\000s\000l\000i\000d\000e\000\040\000\050\000W\000i\000n\000d\000o\000w\000s\000\040\0001\0000\000\051}{subsubsection.9.4.6}% 311
\BOOKMARK [4][-]{paragraph.9.4.6.2}{\376\377\000R\000e\000q\000u\000i\000s\000i\000t\000i\000\040\000e\000\040\000n\000o\000t\000e}{subsubsection.9.4.6}% 312
\BOOKMARK [3][-]{subsubsection.9.4.7}{\376\377\000L\0001\000T\000F\000\040\000\050\000F\000o\000r\000e\000s\000h\000a\000d\000o\000w\000\051\000:\000\040\000p\000r\000i\000n\000c\000i\000p\000i\000o\000\040\000e\000\040\000f\000l\000u\000s\000s\000o}{subsection.9.4}% 313
\BOOKMARK [4][-]{paragraph.9.4.7.1}{\376\377\000P\000e\000r\000c\000h\000\351\000\040\000f\000u\000n\000z\000i\000o\000n\000a}{subsubsection.9.4.7}% 314
\BOOKMARK [4][-]{paragraph.9.4.7.2}{\376\377\000S\000c\000h\000e\000m\000a\000\040\000o\000p\000e\000r\000a\000t\000i\000v\000o\000\040\000\050\000d\000a\000l\000l\000e\000\040\000s\000l\000i\000d\000e\000\051}{subsubsection.9.4.7}% 315
\BOOKMARK [3][-]{subsubsection.9.4.8}{\376\377\000M\000i\000t\000i\000g\000a\000t\000i\000n\000g\000\040\000S\000i\000d\000e\000-\000C\000h\000a\000n\000n\000e\000l\000\040\000A\000t\000t\000a\000c\000k\000s}{subsection.9.4}% 316
\BOOKMARK [4][-]{paragraph.9.4.8.1}{\376\377\000P\000o\000s\000s\000i\000b\000l\000e\000\040\000M\000i\000t\000i\000g\000a\000t\000i\000o\000n\000s\000\040\000a\000n\000d\000\040\000D\000e\000t\000e\000c\000t\000i\000o\000n}{subsubsection.9.4.8}% 317
\BOOKMARK [4][-]{paragraph.9.4.8.2}{\376\377\000M\000i\000t\000i\000g\000a\000t\000i\000o\000n\000s\000:\000\040\000t\000h\000e\000\040\000h\000a\000r\000d\000\040\000w\000a\000y}{subsubsection.9.4.8}% 318
\BOOKMARK [4][-]{paragraph.9.4.8.3}{\376\377\000M\000i\000t\000i\000g\000a\000t\000i\000o\000n\000s\000\040\000t\000o\000\040\000L\0001\000\040\000A\000t\000t\000a\000c\000k\000s}{subsubsection.9.4.8}% 319
\BOOKMARK [4][-]{paragraph.9.4.8.4}{\376\377\000M\000i\000t\000i\000g\000a\000t\000i\000o\000n\000s\000:\000\040\000t\000h\000e\000\040\000d\000e\000t\000e\000c\000t\000i\000o\000n\000\040\000w\000a\000y}{subsubsection.9.4.8}% 320
\BOOKMARK [4][-]{paragraph.9.4.8.5}{\376\377\000M\000e\000l\000t\000d\000o\000w\000n\000\040\000M\000i\000t\000i\000g\000a\000t\000i\000o\000n\000:\000\040\000K\000e\000r\000n\000e\000l\000\040\000P\000a\000g\000e\000\040\000T\000a\000b\000l\000e\000\040\000I\000s\000o\000l\000a\000t\000i\000o\000n}{subsubsection.9.4.8}% 321
\BOOKMARK [3][-]{subsubsection.9.4.9}{\376\377\000c\000p\000u\000\137\000e\000n\000t\000r\000y\000\137\000a\000r\000e\000a\000:\000\040\000P\000e\000r\000-\000C\000P\000U\000\040\000I\000s\000o\000l\000a\000t\000i\000o\000n}{subsection.9.4}% 322
\BOOKMARK [3][-]{subsubsection.9.4.10}{\376\377\000D\000o\000u\000b\000l\000e\000\040\000P\000a\000g\000e\000\040\000G\000e\000n\000e\000r\000a\000l\000\040\000D\000i\000r\000e\000c\000t\000o\000r\000y\000\040\000e\000\040\000S\000w\000i\000t\000c\000h\000\040\000t\000o\000\040\000C\000R\0003}{subsection.9.4}% 323
\BOOKMARK [3][-]{subsubsection.9.4.11}{\376\377\000R\000e\000t\000p\000o\000l\000i\000n\000e\000:\000\040\000P\000r\000o\000t\000e\000z\000i\000o\000n\000e\000\040\000c\000o\000n\000t\000r\000o\000\040\000g\000l\000i\000\040\000A\000t\000t\000a\000c\000c\000h\000i\000\040\000d\000i\000\040\000B\000r\000a\000n\000c\000h\000\040\000T\000a\000r\000g\000e\000t\000\040\000I\000n\000j\000e\000c\000t\000i\000o\000n\000\040\000e\000\040\000R\000e\000t\000p\000o\000l\000i\000n\000e\000\040\000T\000h\000u\000n\000k\000s}{subsection.9.4}% 324
\BOOKMARK [3][-]{subsubsection.9.4.12}{\376\377\000P\000r\000e\000v\000e\000n\000t\000\040\000B\000r\000a\000n\000c\000h\000\040\000P\000o\000i\000s\000o\000n\000i\000n\000g\000:\000\040\000I\000B\000R\000S\000,\000\040\000S\000T\000I\000B\000P\000,\000\040\000I\000B\000P\000B}{subsection.9.4}% 325
\BOOKMARK [2][-]{subsection.9.5}{\376\377\000R\000o\000w\000H\000a\000m\000m\000e\000r\000:\000\040\000A\000t\000t\000a\000c\000c\000o\000\040\000a\000l\000l\000a\000\040\000M\000e\000m\000o\000r\000i\000a\000\040\000e\000\040\000l\000e\000\040\000s\000u\000e\000\040\000M\000i\000t\000i\000g\000a\000z\000i\000o\000n\000i}{section.9}% 326
\BOOKMARK [2][-]{subsection.9.6}{\376\377\000M\000e\000m\000o\000r\000y\000\040\000P\000e\000r\000f\000o\000r\000m\000a\000n\000c\000e\000\040\000A\000t\000t\000a\000c\000k\000s\000:\000\040\000A\000t\000t\000a\000c\000c\000h\000i\000\040\000a\000l\000l\000e\000\040\000P\000r\000e\000s\000t\000a\000z\000i\000o\000n\000i\000\040\000d\000e\000l\000l\000a\000\040\000M\000e\000m\000o\000r\000i\000a}{section.9}% 327
\BOOKMARK [3][-]{paragraph.9.6.0.1}{\376\377\000D\000e\000n\000i\000a\000l\000\040\000o\000f\000\040\000S\000e\000r\000v\000i\000c\000e\000\040\000n\000e\000i\000\040\000S\000i\000s\000t\000e\000m\000i\000\040\000M\000u\000l\000t\000i\000-\000C\000o\000r\000e}{subsection.9.6}% 328
\BOOKMARK [4][-]{paragraph.9.6.0.2}{\376\377\000F\000u\000n\000z\000i\000o\000n\000a\000m\000e\000n\000t\000o\000\040\000d\000e\000g\000l\000i\000\040\000A\000t\000t\000a\000c\000c\000h\000i\000\040\000a\000\040\000M\000e\000m\000o\000r\000i\000a\000\040\000M\000u\000l\000t\000i\000-\000B\000a\000n\000c\000a}{paragraph.9.6.0.1}% 329
\BOOKMARK [4][-]{paragraph.9.6.0.3}{\376\377\000S\000c\000h\000e\000d\000u\000l\000i\000n\000g\000\040\000d\000e\000l\000l\000a\000\040\000M\000e\000m\000o\000r\000i\000a\000\040\000e\000\040\000C\000o\000n\000t\000e\000s\000a\000\040\000t\000r\000a\000\040\000B\000a\000n\000c\000h\000i}{paragraph.9.6.0.1}% 330
\BOOKMARK [4][-]{paragraph.9.6.0.4}{\376\377\000M\000i\000t\000i\000g\000a\000z\000i\000o\000n\000i\000\040\000e\000\040\000S\000t\000r\000a\000t\000e\000g\000i\000e\000\040\000d\000i\000\040\000O\000t\000t\000i\000m\000i\000z\000z\000a\000z\000i\000o\000n\000e}{paragraph.9.6.0.1}% 331
\BOOKMARK [1][-]{section.10}{\376\377\000S\000Y\000S\000\137\0000\0005\000\040\000-\000\040\000O\000S\000\040\000S\000e\000c\000u\000r\000i\000t\000y\000\040\000P\000r\000i\000n\000c\000i\000p\000l\000e\000s}{}% 332
\BOOKMARK [2][-]{subsection.10.1}{\376\377\000I\000n\000t\000r\000o\000d\000u\000z\000i\000o\000n\000e}{section.10}% 333
\BOOKMARK [2][-]{subsection.10.2}{\376\377\000I\000d\000e\000n\000t\000i\000f\000i\000c\000a\000z\000i\000o\000n\000e\000\040\000e\000\040\000A\000u\000t\000e\000n\000t\000i\000c\000a\000z\000i\000o\000n\000e\000\040\000d\000e\000g\000l\000i\000\040\000U\000t\000e\000n\000t\000i}{section.10}% 334
\BOOKMARK [3][-]{paragraph.10.2.0.1}{\376\377\000/\000e\000t\000c\000/\000p\000a\000s\000s\000w\000d}{subsection.10.2}% 335
\BOOKMARK [4][-]{paragraph.10.2.0.2}{\376\377\000/\000e\000t\000c\000/\000s\000h\000a\000d\000o\000w}{paragraph.10.2.0.1}% 336
\BOOKMARK [2][-]{subsection.10.3}{\376\377\000G\000e\000s\000t\000i\000o\000n\000e\000\040\000d\000e\000g\000l\000i\000\040\000U\000I\000D\000\040\000e\000\040\000d\000e\000i\000\040\000P\000r\000i\000v\000i\000l\000e\000g\000i}{section.10}% 337
\BOOKMARK [3][-]{paragraph.10.3.0.1}{\376\377\000s\000u\000\040\000e\000\040\000s\000u\000d\000o}{subsection.10.3}% 338
\BOOKMARK [2][-]{subsection.10.4}{\376\377\000P\000r\000i\000n\000c\000i\000p\000i\000o\000\040\000d\000e\000l\000\040\000M\000i\000n\000i\000m\000o\000\040\000P\000r\000i\000v\000i\000l\000e\000g\000i\000o}{section.10}% 339
\BOOKMARK [2][-]{subsection.10.5}{\376\377\000C\000o\000n\000t\000r\000o\000l\000l\000o\000\040\000d\000e\000g\000l\000i\000\040\000A\000c\000c\000e\000s\000s\000i}{section.10}% 340
\BOOKMARK [3][-]{subsubsection.10.5.1}{\376\377\000P\000o\000l\000i\000t\000i\000c\000h\000e\000\040\000d\000i\000\040\000S\000i\000c\000u\000r\000e\000z\000z\000a\000:\000\040\000D\000A\000C\000\040\000e\000\040\000M\000A\000C}{subsection.10.5}% 341
\BOOKMARK [3][-]{subsubsection.10.5.2}{\376\377\000P\000O\000S\000I\000X\000\040\000A\000C\000L\000\040\000e\000\040\000A\000c\000c\000e\000s\000s\000\040\000C\000o\000n\000t\000r\000o\000l\000\040\000F\000i\000n\000e\000-\000G\000r\000a\000i\000n\000e\000d}{subsection.10.5}% 342
\BOOKMARK [4][-]{paragraph.10.5.2.1}{\376\377\000E\000s\000e\000m\000p\000i\000o\000\040\000d\000i\000\040\000A\000C\000L\000\040\000P\000O\000S\000I\000X}{subsubsection.10.5.2}% 343
\BOOKMARK [4][-]{paragraph.10.5.2.2}{\376\377\000M\000e\000c\000c\000a\000n\000i\000s\000m\000o\000\040\000d\000i\000\040\000v\000a\000l\000u\000t\000a\000z\000i\000o\000n\000e\000\040\000d\000e\000l\000l\000e\000\040\000A\000C\000L}{subsubsection.10.5.2}% 344
\BOOKMARK [4][-]{paragraph.10.5.2.3}{\376\377\000R\000u\000o\000l\000o\000\040\000d\000e\000l\000l\000a\000\040\000M\000a\000s\000k}{subsubsection.10.5.2}% 345
\BOOKMARK [2][-]{subsection.10.6}{\376\377\000L\000i\000n\000u\000x\000\040\000C\000a\000p\000a\000b\000i\000l\000i\000t\000i\000e\000s}{section.10}% 346
\BOOKMARK [3][-]{paragraph.10.6.0.1}{\376\377\000E\000s\000e\000m\000p\000i\000\040\000d\000i\000\040\000c\000a\000p\000a\000b\000i\000l\000i\000t\000y}{subsection.10.6}% 347
\BOOKMARK [4][-]{paragraph.10.6.0.2}{\376\377\000I\000m\000p\000l\000e\000m\000e\000n\000t\000a\000z\000i\000o\000n\000e\000\040\000n\000e\000l\000\040\000k\000e\000r\000n\000e\000l}{paragraph.10.6.0.1}% 348
\BOOKMARK [4][-]{paragraph.10.6.0.3}{\376\377\000I\000n\000s\000i\000e\000m\000i\000\040\000d\000i\000\040\000c\000a\000p\000a\000b\000i\000l\000i\000t\000y\000\040\000d\000i\000\040\000u\000n\000\040\000t\000h\000r\000e\000a\000d}{paragraph.10.6.0.1}% 349
\BOOKMARK [4][-]{paragraph.10.6.0.4}{\376\377\000F\000i\000l\000e\000\040\000c\000a\000p\000a\000b\000i\000l\000i\000t\000i\000e\000s}{paragraph.10.6.0.1}% 350
\BOOKMARK [4][-]{paragraph.10.6.0.5}{\376\377\000C\000a\000p\000a\000b\000i\000l\000i\000t\000y\000\040\000B\000o\000u\000n\000d\000i\000n\000g\000\040\000S\000e\000t}{paragraph.10.6.0.1}% 351
\BOOKMARK [2][-]{subsection.10.7}{\376\377\000L\000i\000n\000u\000x\000\040\000S\000e\000c\000u\000r\000i\000t\000y\000\040\000M\000o\000d\000u\000l\000e\000s\000\040\000\050\000L\000S\000M\000\051}{section.10}% 352
\BOOKMARK [3][-]{paragraph.10.7.0.1}{\376\377\000C\000o\000n\000c\000e\000t\000t\000o\000\040\000d\000i\000\040\000b\000a\000s\000e}{subsection.10.7}% 353
\BOOKMARK [4][-]{paragraph.10.7.0.2}{\376\377\000S\000t\000r\000u\000t\000t\000u\000r\000a\000\040\000g\000e\000n\000e\000r\000a\000l\000e}{paragraph.10.7.0.1}% 354
\BOOKMARK [4][-]{paragraph.10.7.0.3}{\376\377\000F\000u\000n\000z\000i\000o\000n\000a\000m\000e\000n\000t\000o\000\040\000d\000e\000l\000\040\000f\000r\000a\000m\000e\000w\000o\000r\000k}{paragraph.10.7.0.1}% 355
\BOOKMARK [4][-]{paragraph.10.7.0.4}{\376\377\000H\000o\000o\000k\000\040\000d\000i\000\040\000s\000i\000c\000u\000r\000e\000z\000z\000a}{paragraph.10.7.0.1}% 356
\BOOKMARK [4][-]{paragraph.10.7.0.5}{\376\377\000C\000a\000t\000e\000g\000o\000r\000i\000e\000\040\000d\000i\000\040\000h\000o\000o\000k}{paragraph.10.7.0.1}% 357
\BOOKMARK [4][-]{paragraph.10.7.0.6}{\376\377\000E\000s\000e\000m\000p\000i\000o\000:\000\040\000h\000o\000o\000k\000\040\000s\000u\000\040\000u\000n\000\040\000f\000i\000l\000e\000\040\000s\000y\000s\000t\000e\000m}{paragraph.10.7.0.1}% 358
\BOOKMARK [4][-]{paragraph.10.7.0.7}{\376\377\000E\000s\000t\000e\000n\000s\000i\000o\000n\000i\000\040\000d\000e\000l\000\040\000k\000e\000r\000n\000e\000l\000\040\000p\000e\000r\000\040\000L\000S\000M}{paragraph.10.7.0.1}% 359
\BOOKMARK [3][-]{subsubsection.10.7.1}{\376\377\000E\000s\000e\000m\000p\000i\000\040\000d\000i\000\040\000M\000o\000d\000u\000l\000i\000\040\000M\000A\000C}{subsection.10.7}% 360
\BOOKMARK [4][-]{paragraph.10.7.1.1}{\376\377\000S\000.\000M\000.\000A\000.\000C\000.\000K\000.\000\040\000\050\000S\000i\000m\000p\000l\000i\000f\000i\000e\000d\000\040\000M\000a\000n\000d\000a\000t\000o\000r\000y\000\040\000A\000c\000c\000e\000s\000s\000\040\000C\000o\000n\000t\000r\000o\000l\000\040\000K\000e\000r\000n\000e\000l\000\051}{subsubsection.10.7.1}% 361
\BOOKMARK [4][-]{paragraph.10.7.1.2}{\376\377\000E\000t\000i\000c\000h\000e\000t\000t\000e\000\040\000d\000i\000\040\000d\000e\000f\000a\000u\000l\000t}{subsubsection.10.7.1}% 362
\BOOKMARK [4][-]{paragraph.10.7.1.3}{\376\377\000S\000M\000A\000C\000K\000F\000S}{subsubsection.10.7.1}% 363
\BOOKMARK [4][-]{paragraph.10.7.1.4}{\376\377\000C\000a\000r\000a\000t\000t\000e\000r\000i\000s\000t\000i\000c\000h\000e\000\040\000e\000\040\000l\000i\000m\000i\000t\000i}{subsubsection.10.7.1}% 364
\BOOKMARK [4][-]{paragraph.10.7.1.5}{\376\377\000T\000o\000m\000o\000y\000o\000\040\000L\000i\000n\000u\000x}{subsubsection.10.7.1}% 365
\BOOKMARK [4][-]{paragraph.10.7.1.6}{\376\377\000A\000p\000p\000A\000r\000m\000o\000r}{subsubsection.10.7.1}% 366
\BOOKMARK [4][-]{paragraph.10.7.1.7}{\376\377\000S\000E\000L\000i\000n\000u\000x\000\040\000\050\000S\000e\000c\000u\000r\000i\000t\000y\000-\000E\000n\000h\000a\000n\000c\000e\000d\000\040\000L\000i\000n\000u\000x\000\051}{subsubsection.10.7.1}% 367
\BOOKMARK [4][-]{paragraph.10.7.1.8}{\376\377\000F\000a\000s\000e\000\040\0001\000:\000\040\000d\000a\000l\000\040\000k\000e\000r\000n\000e\000l\000\040\000a\000l\000l\000a\000\040\000q\000u\000e\000r\000y\000\040\000d\000i\000\040\000a\000u\000t\000o\000r\000i\000z\000z\000a\000z\000i\000o\000n\000e}{subsubsection.10.7.1}% 368
\BOOKMARK [4][-]{paragraph.10.7.1.9}{\376\377\000F\000a\000s\000e\000\040\0002\000:\000\040\000r\000i\000c\000e\000r\000c\000a\000\040\000d\000e\000l\000l\000a\000\040\000p\000o\000l\000i\000c\000y\000\040\000S\000E\000L\000i\000n\000u\000x}{subsubsection.10.7.1}% 369
\BOOKMARK [4][-]{paragraph.10.7.1.10}{\376\377\000S\000t\000a\000t\000o\000\040\000d\000i\000\040\000e\000t\000i\000c\000h\000e\000t\000t\000a\000m\000e\000n\000t\000o\000\040\000\050\000L\000a\000b\000e\000l\000i\000n\000g\000\040\000S\000t\000a\000t\000e\000\051}{subsubsection.10.7.1}% 370
\BOOKMARK [4][-]{paragraph.10.7.1.11}{\376\377\000S\000t\000a\000t\000o\000\040\000d\000i\000\040\000t\000r\000a\000n\000s\000i\000z\000i\000o\000n\000e\000\040\000\050\000T\000r\000a\000n\000s\000i\000t\000i\000o\000n\000\040\000S\000t\000a\000t\000e\000\051}{subsubsection.10.7.1}% 371
\BOOKMARK [2][-]{subsection.10.8}{\376\377\000B\000o\000o\000t\000\040\000T\000i\000m\000e\000\040\000S\000e\000c\000u\000r\000i\000t\000y}{section.10}% 372
\BOOKMARK [3][-]{paragraph.10.8.0.1}{\376\377\000F\000u\000n\000z\000i\000o\000n\000a\000m\000e\000n\000t\000o\000\040\000d\000e\000l\000\040\000R\000a\000m\000d\000i\000s\000k\000\040\000d\000u\000r\000a\000n\000t\000e\000\040\000i\000l\000\040\000B\000o\000o\000t}{subsection.10.8}% 373
\BOOKMARK [4][-]{paragraph.10.8.0.2}{\376\377\000H\000o\000r\000s\000e\000\040\000P\000i\000l\000l\000s}{paragraph.10.8.0.1}% 374
\BOOKMARK [4][-]{paragraph.10.8.0.3}{\376\377\000C\000o\000s\000a\000\040\000p\000u\000\362\000\040\000f\000a\000r\000e\000\040\000u\000n\000\040\000r\000a\000m\000d\000i\000s\000k\000\040\000i\000n\000f\000e\000t\000t\000o}{paragraph.10.8.0.1}% 375
\BOOKMARK [4][-]{paragraph.10.8.0.4}{\376\377\000M\000i\000t\000i\000g\000a\000z\000i\000o\000n\000i\000\040\000e\000\040\000s\000t\000r\000a\000t\000e\000g\000i\000e\000\040\000d\000i\000\040\000d\000i\000f\000e\000s\000a}{paragraph.10.8.0.1}% 376
\BOOKMARK [2][-]{subsection.10.9}{\376\377\000S\000i\000c\000u\000r\000e\000z\000z\000a\000\040\000d\000i\000\040\000R\000e\000t\000e\000\040\000a\000\040\000L\000i\000v\000e\000l\000l\000o\000\040\000O\000S}{section.10}% 377
\BOOKMARK [3][-]{paragraph.10.9.0.1}{\376\377\000i\000n\000e\000t\000d\000\040\000e\000\040\000x\000i\000n\000e\000t\000d}{subsection.10.9}% 378
\BOOKMARK [4][-]{paragraph.10.9.0.2}{\376\377\000T\000C\000P\000\040\000W\000r\000a\000p\000p\000e\000r\000s\000\040\000e\000\040\000R\000e\000v\000e\000r\000s\000e\000\040\000D\000N\000S}{paragraph.10.9.0.1}% 379
\BOOKMARK [4][-]{paragraph.10.9.0.3}{\376\377\000F\000i\000l\000e\000\040\000d\000i\000\040\000c\000o\000n\000f\000i\000g\000u\000r\000a\000z\000i\000o\000n\000e}{paragraph.10.9.0.1}% 380
\BOOKMARK [4][-]{paragraph.10.9.0.4}{\376\377\000E\000s\000e\000m\000p\000i\000\040\000p\000r\000a\000t\000i\000c\000i}{paragraph.10.9.0.1}% 381
\BOOKMARK [4][-]{paragraph.10.9.0.5}{\376\377\000O\000r\000d\000i\000n\000e\000\040\000e\000\040\000l\000o\000g\000i\000c\000a\000\040\000d\000i\000\040\000v\000a\000l\000u\000t\000a\000z\000i\000o\000n\000e}{paragraph.10.9.0.1}% 382
\BOOKMARK [4][-]{paragraph.10.9.0.6}{\376\377\000R\000e\000v\000e\000r\000s\000e\000\040\000D\000N\000S\000\040\000T\000a\000m\000p\000e\000r\000i\000n\000g\000:\000\040\000i\000l\000\040\000p\000r\000o\000b\000l\000e\000m\000a}{paragraph.10.9.0.1}% 383
\BOOKMARK [4][-]{paragraph.10.9.0.7}{\376\377\000E\000s\000e\000m\000p\000i\000o\000\040\000d\000i\000\040\000a\000t\000t\000a\000c\000c\000o\000\040\000s\000e\000m\000p\000l\000i\000f\000i\000c\000a\000t\000o}{paragraph.10.9.0.1}% 384
\BOOKMARK [4][-]{paragraph.10.9.0.8}{\376\377\000C\000o\000n\000t\000r\000o\000m\000i\000s\000u\000r\000e\000\040\000p\000r\000a\000t\000i\000c\000h\000e}{paragraph.10.9.0.1}% 385
\BOOKMARK [4][-]{paragraph.10.9.0.9}{\376\377\000C\000o\000n\000c\000l\000u\000s\000i\000o\000n\000e}{paragraph.10.9.0.1}% 386
\BOOKMARK [1][-]{section.11}{\376\377\000S\000Y\000S\0000\0006\000\040\000-\000\040\000A\000n\000t\000i\000v\000i\000r\000u\000s}{}% 387
\BOOKMARK [2][-]{subsection.11.1}{\376\377\000P\000r\000o\000b\000l\000e\000m\000i\000\040\000p\000r\000i\000n\000c\000i\000p\000a\000l\000i\000\040\000d\000e\000g\000l\000i\000\040\000a\000n\000t\000i\000v\000i\000r\000u\000s}{section.11}% 388
\BOOKMARK [2][-]{subsection.11.2}{\376\377\000E\000v\000o\000l\000u\000z\000i\000o\000n\000e\000\040\000d\000e\000g\000l\000i\000\040\000a\000n\000t\000i\000v\000i\000r\000u\000s}{section.11}% 389
\BOOKMARK [2][-]{subsection.11.3}{\376\377\000C\000o\000m\000p\000o\000n\000e\000n\000t\000i\000\040\000d\000i\000\040\000u\000n\000\040\000a\000n\000t\000i\000v\000i\000r\000u\000s}{section.11}% 390
\BOOKMARK [2][-]{subsection.11.4}{\376\377\000E\000s\000e\000m\000p\000i\000\040\000d\000i\000\040\000p\000a\000c\000k\000i\000n\000g}{section.11}% 391
\BOOKMARK [3][-]{paragraph.11.4.0.1}{\376\377\0001\000.\000\040\000P\000o\000c\000h\000e\000\040\000o\000\040\000n\000e\000s\000s\000u\000n\000a\000\040\000i\000m\000p\000o\000r\000t\000a\000z\000i\000o\000n\000e\000\040\000n\000e\000l\000l\000a\000\040\000I\000A\000T\000\040\000\050\000I\000m\000p\000o\000r\000t\000\040\000A\000d\000d\000r\000e\000s\000s\000\040\000T\000a\000b\000l\000e\000\051}{subsection.11.4}% 392
\BOOKMARK [4][-]{paragraph.11.4.0.2}{\376\377\0002\000.\000\040\000N\000o\000m\000i\000\040\000d\000i\000\040\000s\000e\000z\000i\000o\000n\000i\000\040\000n\000o\000n\000\040\000s\000t\000a\000n\000d\000a\000r\000d\000\040\000o\000\040\000i\000n\000c\000o\000e\000r\000e\000n\000t\000i}{paragraph.11.4.0.1}% 393
\BOOKMARK [4][-]{paragraph.11.4.0.3}{\376\377\0003\000.\000\040\000S\000e\000z\000i\000o\000n\000i\000\040\000p\000i\000c\000c\000o\000l\000e\000\040\000s\000u\000\040\000d\000i\000s\000c\000o\000\040\000m\000a\000\040\000g\000r\000a\000n\000d\000i\000\040\000i\000n\000\040\000m\000e\000m\000o\000r\000i\000a}{paragraph.11.4.0.1}% 394
\BOOKMARK [4][-]{paragraph.11.4.0.4}{\376\377\0004\000.\000\040\000P\000o\000c\000h\000e\000\040\000s\000t\000r\000i\000n\000g\000h\000e\000\040\000l\000e\000g\000g\000i\000b\000i\000l\000i}{paragraph.11.4.0.1}% 395
\BOOKMARK [4][-]{paragraph.11.4.0.5}{\376\377\0005\000.\000\040\000S\000e\000z\000i\000o\000n\000i\000\040\000c\000o\000n\000\040\000p\000e\000r\000m\000e\000s\000s\000i\000\040\000R\000W\000X}{paragraph.11.4.0.1}% 396
\BOOKMARK [4][-]{paragraph.11.4.0.6}{\376\377\0006\000.\000\040\000S\000a\000l\000t\000i\000\040\000o\000\040\000c\000h\000i\000a\000m\000a\000t\000e\000\040\000a\000\040\000r\000e\000g\000i\000s\000t\000r\000i\000/\000i\000n\000d\000i\000r\000i\000z\000z\000i\000\040\000a\000n\000o\000m\000a\000l\000i}{paragraph.11.4.0.1}% 397
\BOOKMARK [2][-]{subsection.11.5}{\376\377\000A\000p\000p\000r\000o\000c\000c\000i\000o\000\040\000o\000p\000e\000r\000a\000t\000i\000v\000o\000\040\000a\000l\000l\000a\000\040\000r\000i\000l\000e\000v\000a\000z\000i\000o\000n\000e}{section.11}% 398
\BOOKMARK [2][-]{subsection.11.6}{\376\377\000T\000e\000c\000n\000i\000c\000h\000e\000\040\000d\000i\000\040\000e\000v\000a\000s\000i\000o\000n\000e}{section.11}% 399
\BOOKMARK [2][-]{subsection.11.7}{\376\377\000A\000n\000a\000l\000i\000s\000i\000\040\000s\000t\000a\000t\000i\000c\000a\000\040\000e\000\040\000c\000o\000m\000p\000o\000r\000t\000a\000m\000e\000n\000t\000a\000l\000e}{section.11}% 400
\BOOKMARK [3][-]{paragraph.11.7.0.1}{\376\377\000A\000n\000a\000l\000i\000s\000i\000\040\000s\000t\000a\000t\000i\000c\000a}{subsection.11.7}% 401
\BOOKMARK [4][-]{paragraph.11.7.0.2}{\376\377\000A\000n\000a\000l\000i\000s\000i\000\040\000c\000o\000m\000p\000o\000r\000t\000a\000m\000e\000n\000t\000a\000l\000e}{paragraph.11.7.0.1}% 402
\BOOKMARK [2][-]{subsection.11.8}{\376\377\000E\000m\000u\000l\000a\000t\000o\000r\000i\000\040\000e\000\040\000F\000i\000n\000g\000e\000r\000p\000r\000i\000n\000t\000i\000n\000g}{section.11}% 403
\BOOKMARK [3][-]{paragraph.11.8.0.1}{\376\377\000F\000u\000n\000z\000i\000o\000n\000a\000m\000e\000n\000t\000o\000\040\000d\000e\000g\000l\000i\000\040\000e\000m\000u\000l\000a\000t\000o\000r\000i}{subsection.11.8}% 404
\BOOKMARK [4][-]{paragraph.11.8.0.2}{\376\377\000L\000i\000m\000i\000t\000i\000\040\000e\000\040\000t\000e\000c\000n\000i\000c\000h\000e\000\040\000d\000i\000\040\000e\000v\000a\000s\000i\000o\000n\000e}{paragraph.11.8.0.1}% 405
\BOOKMARK [4][-]{paragraph.11.8.0.3}{\376\377\000F\000i\000n\000g\000e\000r\000p\000r\000i\000n\000t\000i\000n\000g\000\040\000d\000e\000l\000l\040\031\000a\000m\000b\000i\000e\000n\000t\000e}{paragraph.11.8.0.1}% 406
\BOOKMARK [4][-]{paragraph.11.8.0.4}{\376\377\000C\000o\000n\000t\000r\000o\000m\000i\000s\000u\000r\000e\000\040\000a\000d\000o\000t\000t\000a\000t\000e\000\040\000d\000a\000g\000l\000i\000\040\000a\000n\000t\000i\000v\000i\000r\000u\000s}{paragraph.11.8.0.1}% 407
\BOOKMARK [2][-]{subsection.11.9}{\376\377\000A\000n\000a\000l\000i\000s\000i\000\040\000d\000e\000l\000\040\000t\000r\000a\000f\000f\000i\000c\000o\000\040\000c\000i\000f\000r\000a\000t\000o}{section.11}% 408
\BOOKMARK [2][-]{subsection.11.10}{\376\377\000F\000i\000d\000u\000c\000i\000a\000\040\000e\000\040\000l\000i\000m\000i\000t\000i\000\040\000d\000e\000l\000\040\000s\000o\000f\000t\000w\000a\000r\000e\000\040\000a\000n\000t\000i\000v\000i\000r\000u\000s}{section.11}% 409
