This is pdfTeX, Version 3.141592653-2.6-1.40.26 (TeX Live 2025/dev/Debian) (preloaded format=pdflatex 2025.10.29)  30 OCT 2025 16:35
entering extended mode
 restricted \write18 enabled.
 file:line:error style messages enabled.
 %&-line parsing enabled.
**/home/leonardo/uni/Appunti-Magistrale/Appunti_NSD/main.tex
(/home/leonardo/uni/Appunti-Magistrale/Appunti_NSD/main.tex
LaTeX2e <2024-11-01> patch level 2
L3 programming layer <2025-01-18>
(/usr/share/texlive/texmf-dist/tex/latex/base/article.cls
Document Class: article 2024/06/29 v1.4n Standard LaTeX document class
(/usr/share/texlive/texmf-dist/tex/latex/base/size11.clo
File: size11.clo 2024/06/29 v1.4n Standard LaTeX file (size option)
)
\c@part=\count196
\c@section=\count197
\c@subsection=\count198
\c@subsubsection=\count199
\c@paragraph=\count266
\c@subparagraph=\count267
\c@figure=\count268
\c@table=\count269
\abovecaptionskip=\skip49
\belowcaptionskip=\skip50
\bibindent=\dimen141
) (/usr/share/texlive/texmf-dist/tex/latex/base/inputenc.sty
Package: inputenc 2024/02/08 v1.3d Input encoding file
\inpenc@prehook=\toks17
\inpenc@posthook=\toks18
) (/usr/share/texlive/texmf-dist/tex/latex/base/fontenc.sty
Package: fontenc 2021/04/29 v2.0v Standard LaTeX package
) (/usr/share/texlive/texmf-dist/tex/generic/babel/babel.sty
Package: babel 2025/02/14 v25.4 The multilingual framework for pdfLaTeX, LuaLaTeX and XeLaTeX
\babel@savecnt=\count270
\U@D=\dimen142
\l@unhyphenated=\language90
 (/usr/share/texlive/texmf-dist/tex/generic/babel/txtbabel.def)
\bbl@readstream=\read2
\bbl@dirlevel=\count271
 (/usr/share/texlive/texmf-dist/tex/generic/babel-italian/italian.ldf
Language: italian 2024/10/10 v.1.5.01 Italian support for the babel system
\it@lettering=\count272
\it@doublequoteactive=\count273
\it@ISOcompliance=\count274
)) (/usr/share/texlive/texmf-dist/tex/generic/babel/locale/it/babel-italian.tex
Package babel Info: Importing font and identification data for italian
(babel)             from babel-it.ini. Reported on input line 11.
) (/usr/share/texlive/texmf-dist/tex/latex/etoolbox/etoolbox.sty
Package: etoolbox 2025/02/11 v2.5l e-TeX tools for LaTeX (JAW)
\etb@tempcnta=\count275
) (/usr/share/texlive/texmf-dist/tex/latex/microtype/microtype.sty
Package: microtype 2025/02/11 v3.2a Micro-typographical refinements (RS)
 (/usr/share/texlive/texmf-dist/tex/latex/graphics/keyval.sty
Package: keyval 2022/05/29 v1.15 key=value parser (DPC)
\KV@toks@=\toks19
)
\MT@toks=\toks20
\MT@tempbox=\box52
\MT@count=\count276
LaTeX Info: Redefining \noprotrusionifhmode on input line 1087.
LaTeX Info: Redefining \leftprotrusion on input line 1088.
\MT@prot@toks=\toks21
LaTeX Info: Redefining \rightprotrusion on input line 1107.
LaTeX Info: Redefining \textls on input line 1449.
\MT@outer@kern=\dimen143
LaTeX Info: Redefining \microtypecontext on input line 2053.
LaTeX Info: Redefining \textmicrotypecontext on input line 2070.
\MT@listname@count=\count277
 (/usr/share/texlive/texmf-dist/tex/latex/microtype/microtype-pdftex.def
File: microtype-pdftex.def 2025/02/11 v3.2a Definitions specific to pdftex (RS)
LaTeX Info: Redefining \lsstyle on input line 944.
LaTeX Info: Redefining \lslig on input line 944.
\MT@outer@space=\skip51
)
Package microtype Info: Loading configuration file microtype.cfg.
 (/usr/share/texlive/texmf-dist/tex/latex/microtype/microtype.cfg
File: microtype.cfg 2025/02/11 v3.2a microtype main configuration file (RS)
)
LaTeX Info: Redefining \microtypesetup on input line 3065.
) (/usr/share/texlive/texmf-dist/tex/latex/amsmath/amsmath.sty
Package: amsmath 2024/11/05 v2.17t AMS math features
\@mathmargin=\skip52

For additional information on amsmath, use the `?' option.
(/usr/share/texlive/texmf-dist/tex/latex/amsmath/amstext.sty
Package: amstext 2021/08/26 v2.01 AMS text
 (/usr/share/texlive/texmf-dist/tex/latex/amsmath/amsgen.sty
File: amsgen.sty 1999/11/30 v2.0 generic functions
\@emptytoks=\toks22
\ex@=\dimen144
)) (/usr/share/texlive/texmf-dist/tex/latex/amsmath/amsbsy.sty
Package: amsbsy 1999/11/29 v1.2d Bold Symbols
\pmbraise@=\dimen145
) (/usr/share/texlive/texmf-dist/tex/latex/amsmath/amsopn.sty
Package: amsopn 2022/04/08 v2.04 operator names
)
\inf@bad=\count278
LaTeX Info: Redefining \frac on input line 233.
\uproot@=\count279
\leftroot@=\count280
LaTeX Info: Redefining \overline on input line 398.
LaTeX Info: Redefining \colon on input line 409.
\classnum@=\count281
\DOTSCASE@=\count282
LaTeX Info: Redefining \ldots on input line 495.
LaTeX Info: Redefining \dots on input line 498.
LaTeX Info: Redefining \cdots on input line 619.
\Mathstrutbox@=\box53
\strutbox@=\box54
LaTeX Info: Redefining \big on input line 721.
LaTeX Info: Redefining \Big on input line 722.
LaTeX Info: Redefining \bigg on input line 723.
LaTeX Info: Redefining \Bigg on input line 724.
\big@size=\dimen146
LaTeX Font Info:    Redeclaring font encoding OML on input line 742.
LaTeX Font Info:    Redeclaring font encoding OMS on input line 743.
\macc@depth=\count283
LaTeX Info: Redefining \bmod on input line 904.
LaTeX Info: Redefining \pmod on input line 909.
LaTeX Info: Redefining \smash on input line 939.
LaTeX Info: Redefining \relbar on input line 969.
LaTeX Info: Redefining \Relbar on input line 970.
\c@MaxMatrixCols=\count284
\dotsspace@=\muskip17
\c@parentequation=\count285
\dspbrk@lvl=\count286
\tag@help=\toks23
\row@=\count287
\column@=\count288
\maxfields@=\count289
\andhelp@=\toks24
\eqnshift@=\dimen147
\alignsep@=\dimen148
\tagshift@=\dimen149
\tagwidth@=\dimen150
\totwidth@=\dimen151
\lineht@=\dimen152
\@envbody=\toks25
\multlinegap=\skip53
\multlinetaggap=\skip54
\mathdisplay@stack=\toks26
LaTeX Info: Redefining \[ on input line 2953.
LaTeX Info: Redefining \] on input line 2954.
) (/usr/share/texlive/texmf-dist/tex/latex/amsfonts/amssymb.sty
Package: amssymb 2013/01/14 v3.01 AMS font symbols
 (/usr/share/texlive/texmf-dist/tex/latex/amsfonts/amsfonts.sty
Package: amsfonts 2013/01/14 v3.01 Basic AMSFonts support
\symAMSa=\mathgroup4
\symAMSb=\mathgroup5
LaTeX Font Info:    Redeclaring math symbol \hbar on input line 98.
LaTeX Font Info:    Overwriting math alphabet `\mathfrak' in version `bold'
(Font)                  U/euf/m/n --> U/euf/b/n on input line 106.
)) (/usr/share/texlive/texmf-dist/tex/latex/geometry/geometry.sty
Package: geometry 2020/01/02 v5.9 Page Geometry
 (/usr/share/texlive/texmf-dist/tex/generic/iftex/ifvtex.sty
Package: ifvtex 2019/10/25 v1.7 ifvtex legacy package. Use iftex instead.
 (/usr/share/texlive/texmf-dist/tex/generic/iftex/iftex.sty
Package: iftex 2024/12/12 v1.0g TeX engine tests
))
\Gm@cnth=\count290
\Gm@cntv=\count291
\c@Gm@tempcnt=\count292
\Gm@bindingoffset=\dimen153
\Gm@wd@mp=\dimen154
\Gm@odd@mp=\dimen155
\Gm@even@mp=\dimen156
\Gm@layoutwidth=\dimen157
\Gm@layoutheight=\dimen158
\Gm@layouthoffset=\dimen159
\Gm@layoutvoffset=\dimen160
\Gm@dimlist=\toks27
) (/usr/share/texlive/texmf-dist/tex/latex/hyperref/hyperref.sty
Package: hyperref 2024-11-05 v7.01l Hypertext links for LaTeX
 (/usr/share/texlive/texmf-dist/tex/latex/kvsetkeys/kvsetkeys.sty
Package: kvsetkeys 2022-10-05 v1.19 Key value parser (HO)
) (/usr/share/texlive/texmf-dist/tex/generic/kvdefinekeys/kvdefinekeys.sty
Package: kvdefinekeys 2019-12-19 v1.6 Define keys (HO)
) (/usr/share/texlive/texmf-dist/tex/generic/pdfescape/pdfescape.sty
Package: pdfescape 2019/12/09 v1.15 Implements pdfTeX's escape features (HO)
 (/usr/share/texlive/texmf-dist/tex/generic/ltxcmds/ltxcmds.sty
Package: ltxcmds 2023-12-04 v1.26 LaTeX kernel commands for general use (HO)
) (/usr/share/texlive/texmf-dist/tex/generic/pdftexcmds/pdftexcmds.sty
Package: pdftexcmds 2020-06-27 v0.33 Utility functions of pdfTeX for LuaTeX (HO)
 (/usr/share/texlive/texmf-dist/tex/generic/infwarerr/infwarerr.sty
Package: infwarerr 2019/12/03 v1.5 Providing info/warning/error messages (HO)
)
Package pdftexcmds Info: \pdf@primitive is available.
Package pdftexcmds Info: \pdf@ifprimitive is available.
Package pdftexcmds Info: \pdfdraftmode found.
)) (/usr/share/texlive/texmf-dist/tex/latex/hycolor/hycolor.sty
Package: hycolor 2020-01-27 v1.10 Color options for hyperref/bookmark (HO)
) (/usr/share/texlive/texmf-dist/tex/latex/hyperref/nameref.sty
Package: nameref 2023-11-26 v2.56 Cross-referencing by name of section
 (/usr/share/texlive/texmf-dist/tex/latex/refcount/refcount.sty
Package: refcount 2019/12/15 v3.6 Data extraction from label references (HO)
) (/usr/share/texlive/texmf-dist/tex/generic/gettitlestring/gettitlestring.sty
Package: gettitlestring 2019/12/15 v1.6 Cleanup title references (HO)
 (/usr/share/texlive/texmf-dist/tex/latex/kvoptions/kvoptions.sty
Package: kvoptions 2022-06-15 v3.15 Key value format for package options (HO)
))
\c@section@level=\count293
) (/usr/share/texlive/texmf-dist/tex/generic/stringenc/stringenc.sty
Package: stringenc 2019/11/29 v1.12 Convert strings between diff. encodings (HO)
)
\@linkdim=\dimen161
\Hy@linkcounter=\count294
\Hy@pagecounter=\count295
 (/usr/share/texlive/texmf-dist/tex/latex/hyperref/pd1enc.def
File: pd1enc.def 2024-11-05 v7.01l Hyperref: PDFDocEncoding definition (HO)
Now handling font encoding PD1 ...
... no UTF-8 mapping file for font encoding PD1
) (/usr/share/texlive/texmf-dist/tex/generic/intcalc/intcalc.sty
Package: intcalc 2019/12/15 v1.3 Expandable calculations with integers (HO)
)
\Hy@SavedSpaceFactor=\count296
 (/usr/share/texlive/texmf-dist/tex/latex/hyperref/puenc.def
File: puenc.def 2024-11-05 v7.01l Hyperref: PDF Unicode definition (HO)
Now handling font encoding PU ...
... no UTF-8 mapping file for font encoding PU
)
Package hyperref Info: Hyper figures OFF on input line 4157.
Package hyperref Info: Link nesting OFF on input line 4162.
Package hyperref Info: Hyper index ON on input line 4165.
Package hyperref Info: Plain pages OFF on input line 4172.
Package hyperref Info: Backreferencing OFF on input line 4177.
Package hyperref Info: Implicit mode ON; LaTeX internals redefined.
Package hyperref Info: Bookmarks ON on input line 4424.
\c@Hy@tempcnt=\count297
 (/usr/share/texlive/texmf-dist/tex/latex/url/url.sty
\Urlmuskip=\muskip18
Package: url 2013/09/16  ver 3.4  Verb mode for urls, etc.
)
LaTeX Info: Redefining \url on input line 4763.
\XeTeXLinkMargin=\dimen162
 (/usr/share/texlive/texmf-dist/tex/generic/bitset/bitset.sty
Package: bitset 2019/12/09 v1.3 Handle bit-vector datatype (HO)
 (/usr/share/texlive/texmf-dist/tex/generic/bigintcalc/bigintcalc.sty
Package: bigintcalc 2019/12/15 v1.5 Expandable calculations on big integers (HO)
))
\Fld@menulength=\count298
\Field@Width=\dimen163
\Fld@charsize=\dimen164
Package hyperref Info: Hyper figures OFF on input line 6042.
Package hyperref Info: Link nesting OFF on input line 6047.
Package hyperref Info: Hyper index ON on input line 6050.
Package hyperref Info: backreferencing OFF on input line 6057.
Package hyperref Info: Link coloring OFF on input line 6062.
Package hyperref Info: Link coloring with OCG OFF on input line 6067.
Package hyperref Info: PDF/A mode OFF on input line 6072.
 (/usr/share/texlive/texmf-dist/tex/latex/base/atbegshi-ltx.sty
Package: atbegshi-ltx 2021/01/10 v1.0c Emulation of the original atbegshi
package with kernel methods
)
\Hy@abspage=\count299
\c@Item=\count300
\c@Hfootnote=\count301
)
Package hyperref Info: Driver (autodetected): hpdftex.
 (/usr/share/texlive/texmf-dist/tex/latex/hyperref/hpdftex.def
File: hpdftex.def 2024-11-05 v7.01l Hyperref driver for pdfTeX
 (/usr/share/texlive/texmf-dist/tex/latex/base/atveryend-ltx.sty
Package: atveryend-ltx 2020/08/19 v1.0a Emulation of the original atveryend package
with kernel methods
)
\Fld@listcount=\count302
\c@bookmark@seq@number=\count303
 (/usr/share/texlive/texmf-dist/tex/latex/rerunfilecheck/rerunfilecheck.sty
Package: rerunfilecheck 2022-07-10 v1.10 Rerun checks for auxiliary files (HO)
 (/usr/share/texlive/texmf-dist/tex/generic/uniquecounter/uniquecounter.sty
Package: uniquecounter 2019/12/15 v1.4 Provide unlimited unique counter (HO)
)
Package uniquecounter Info: New unique counter `rerunfilecheck' on input line 285.
)
\Hy@SectionHShift=\skip55
) (/usr/share/texlive/texmf-dist/tex/latex/parskip/parskip.sty
Package: parskip 2021-03-14 v2.0h non-zero parskip adjustments
) (/usr/share/texmf/tex/latex/lm/lmodern.sty
Package: lmodern 2015/05/01 v1.6.1 Latin Modern Fonts
LaTeX Font Info:    Overwriting symbol font `operators' in version `normal'
(Font)                  OT1/cmr/m/n --> OT1/lmr/m/n on input line 22.
LaTeX Font Info:    Overwriting symbol font `letters' in version `normal'
(Font)                  OML/cmm/m/it --> OML/lmm/m/it on input line 23.
LaTeX Font Info:    Overwriting symbol font `symbols' in version `normal'
(Font)                  OMS/cmsy/m/n --> OMS/lmsy/m/n on input line 24.
LaTeX Font Info:    Overwriting symbol font `largesymbols' in version `normal'
(Font)                  OMX/cmex/m/n --> OMX/lmex/m/n on input line 25.
LaTeX Font Info:    Overwriting symbol font `operators' in version `bold'
(Font)                  OT1/cmr/bx/n --> OT1/lmr/bx/n on input line 26.
LaTeX Font Info:    Overwriting symbol font `letters' in version `bold'
(Font)                  OML/cmm/b/it --> OML/lmm/b/it on input line 27.
LaTeX Font Info:    Overwriting symbol font `symbols' in version `bold'
(Font)                  OMS/cmsy/b/n --> OMS/lmsy/b/n on input line 28.
LaTeX Font Info:    Overwriting symbol font `largesymbols' in version `bold'
(Font)                  OMX/cmex/m/n --> OMX/lmex/m/n on input line 29.
LaTeX Font Info:    Overwriting math alphabet `\mathbf' in version `normal'
(Font)                  OT1/cmr/bx/n --> OT1/lmr/bx/n on input line 31.
LaTeX Font Info:    Overwriting math alphabet `\mathsf' in version `normal'
(Font)                  OT1/cmss/m/n --> OT1/lmss/m/n on input line 32.
LaTeX Font Info:    Overwriting math alphabet `\mathit' in version `normal'
(Font)                  OT1/cmr/m/it --> OT1/lmr/m/it on input line 33.
LaTeX Font Info:    Overwriting math alphabet `\mathtt' in version `normal'
(Font)                  OT1/cmtt/m/n --> OT1/lmtt/m/n on input line 34.
LaTeX Font Info:    Overwriting math alphabet `\mathbf' in version `bold'
(Font)                  OT1/cmr/bx/n --> OT1/lmr/bx/n on input line 35.
LaTeX Font Info:    Overwriting math alphabet `\mathsf' in version `bold'
(Font)                  OT1/cmss/bx/n --> OT1/lmss/bx/n on input line 36.
LaTeX Font Info:    Overwriting math alphabet `\mathit' in version `bold'
(Font)                  OT1/cmr/bx/it --> OT1/lmr/bx/it on input line 37.
LaTeX Font Info:    Overwriting math alphabet `\mathtt' in version `bold'
(Font)                  OT1/cmtt/m/n --> OT1/lmtt/m/n on input line 38.
) (/usr/share/texlive/texmf-dist/tex/latex/listings/listings.sty
\lst@mode=\count304
\lst@gtempboxa=\box55
\lst@token=\toks28
\lst@length=\count305
\lst@currlwidth=\dimen165
\lst@column=\count306
\lst@pos=\count307
\lst@lostspace=\dimen166
\lst@width=\dimen167
\lst@newlines=\count308
\lst@lineno=\count309
\lst@maxwidth=\dimen168
 (/usr/share/texlive/texmf-dist/tex/latex/listings/lstpatch.sty
File: lstpatch.sty 2024/09/23 1.10c (Carsten Heinz)
) (/usr/share/texlive/texmf-dist/tex/latex/listings/lstmisc.sty
File: lstmisc.sty 2024/09/23 1.10c (Carsten Heinz)
\c@lstnumber=\count310
\lst@skipnumbers=\count311
\lst@framebox=\box56
) (/usr/share/texlive/texmf-dist/tex/latex/listings/listings.cfg
File: listings.cfg 2024/09/23 1.10c listings configuration
))
Package: listings 2024/09/23 1.10c (Carsten Heinz)
 (/usr/share/texlive/texmf-dist/tex/latex/xcolor/xcolor.sty
Package: xcolor 2024/09/29 v3.02 LaTeX color extensions (UK)
 (/usr/share/texlive/texmf-dist/tex/latex/graphics-cfg/color.cfg
File: color.cfg 2016/01/02 v1.6 sample color configuration
)
Package xcolor Info: Driver file: pdftex.def on input line 274.
 (/usr/share/texlive/texmf-dist/tex/latex/graphics-def/pdftex.def
File: pdftex.def 2024/04/13 v1.2c Graphics/color driver for pdftex
) (/usr/share/texlive/texmf-dist/tex/latex/graphics/mathcolor.ltx)
Package xcolor Info: Model `cmy' substituted by `cmy0' on input line 1349.
Package xcolor Info: Model `hsb' substituted by `rgb' on input line 1353.
Package xcolor Info: Model `RGB' extended on input line 1365.
Package xcolor Info: Model `HTML' substituted by `rgb' on input line 1367.
Package xcolor Info: Model `Hsb' substituted by `hsb' on input line 1368.
Package xcolor Info: Model `tHsb' substituted by `hsb' on input line 1369.
Package xcolor Info: Model `HSB' substituted by `hsb' on input line 1370.
Package xcolor Info: Model `Gray' substituted by `gray' on input line 1371.
Package xcolor Info: Model `wave' substituted by `hsb' on input line 1372.
) (/usr/share/texlive/texmf-dist/tex/latex/graphics/graphicx.sty
Package: graphicx 2021/09/16 v1.2d Enhanced LaTeX Graphics (DPC,SPQR)
 (/usr/share/texlive/texmf-dist/tex/latex/graphics/graphics.sty
Package: graphics 2024/08/06 v1.4g Standard LaTeX Graphics (DPC,SPQR)
 (/usr/share/texlive/texmf-dist/tex/latex/graphics/trig.sty
Package: trig 2023/12/02 v1.11 sin cos tan (DPC)
) (/usr/share/texlive/texmf-dist/tex/latex/graphics-cfg/graphics.cfg
File: graphics.cfg 2016/06/04 v1.11 sample graphics configuration
)
Package graphics Info: Driver file: pdftex.def on input line 106.
)
\Gin@req@height=\dimen169
\Gin@req@width=\dimen170
) (/usr/share/texlive/texmf-dist/tex/latex/float/float.sty
Package: float 2001/11/08 v1.3d Float enhancements (AL)
\c@float@type=\count312
\float@exts=\toks29
\float@box=\box57
\@float@everytoks=\toks30
\@floatcapt=\box58
) (/usr/share/texlive/texmf-dist/tex/latex/booktabs/booktabs.sty
Package: booktabs 2020/01/12 v1.61803398 Publication quality tables
\heavyrulewidth=\dimen171
\lightrulewidth=\dimen172
\cmidrulewidth=\dimen173
\belowrulesep=\dimen174
\belowbottomsep=\dimen175
\aboverulesep=\dimen176
\abovetopsep=\dimen177
\cmidrulesep=\dimen178
\cmidrulekern=\dimen179
\defaultaddspace=\dimen180
\@cmidla=\count313
\@cmidlb=\count314
\@aboverulesep=\dimen181
\@belowrulesep=\dimen182
\@thisruleclass=\count315
\@lastruleclass=\count316
\@thisrulewidth=\dimen183
) (/usr/share/texlive/texmf-dist/tex/latex/tools/tabularx.sty
Package: tabularx 2023/12/11 v2.12a `tabularx' package (DPC)
 (/usr/share/texlive/texmf-dist/tex/latex/tools/array.sty
Package: array 2024/10/17 v2.6g Tabular extension package (FMi)
\col@sep=\dimen184
\ar@mcellbox=\box59
\extrarowheight=\dimen185
\NC@list=\toks31
\extratabsurround=\skip56
\backup@length=\skip57
\ar@cellbox=\box60
)
\TX@col@width=\dimen186
\TX@old@table=\dimen187
\TX@old@col=\dimen188
\TX@target=\dimen189
\TX@delta=\dimen190
\TX@cols=\count317
\TX@ftn=\toks32
) (/usr/share/texlive/texmf-dist/tex/latex/tools/longtable.sty
Package: longtable 2024-10-27 v4.22 Multi-page Table package (DPC)
\LTleft=\skip58
\LTright=\skip59
\LTpre=\skip60
\LTpost=\skip61
\LTchunksize=\count318
\LTcapwidth=\dimen191
\LT@head=\box61
\LT@firsthead=\box62
\LT@foot=\box63
\LT@lastfoot=\box64
\LT@gbox=\box65
\LT@cols=\count319
\LT@rows=\count320
\c@LT@tables=\count321
\c@LT@chunks=\count322
\LT@p@ftn=\toks33
) (/usr/share/texlive/texmf-dist/tex/latex/makecell/makecell.sty
Package: makecell 2009/08/03 V0.1e Managing of Tab Column Heads and Cells
\rotheadsize=\dimen192
\c@nlinenum=\count323
\TeXr@lab=\toks34
) (/usr/share/texlive/texmf-dist/tex/latex/caption/caption.sty
Package: caption 2023/08/05 v3.6o Customizing captions (AR)
 (/usr/share/texlive/texmf-dist/tex/latex/caption/caption3.sty
Package: caption3 2023/07/31 v2.4d caption3 kernel (AR)
\caption@tempdima=\dimen193
\captionmargin=\dimen194
\caption@leftmargin=\dimen195
\caption@rightmargin=\dimen196
\caption@width=\dimen197
\caption@indent=\dimen198
\caption@parindent=\dimen199
\caption@hangindent=\dimen256
Package caption Info: Standard document class detected.
)
\c@caption@flags=\count324
\c@continuedfloat=\count325
Package caption Info: float package is loaded.
Package caption Info: hyperref package is loaded.
Package caption Info: listings package is loaded.
Package caption Info: longtable package is loaded.
 (/usr/share/texlive/texmf-dist/tex/latex/caption/ltcaption.sty
Package: ltcaption 2021/01/08 v1.4c longtable captions (AR)
))
LaTeX Font Info:    Trying to load font information for T1+lmr on input line 42.
 (/usr/share/texmf/tex/latex/lm/t1lmr.fd
File: t1lmr.fd 2015/05/01 v1.6.1 Font defs for Latin Modern
) (/usr/share/texlive/texmf-dist/tex/latex/l3backend/l3backend-pdftex.def
File: l3backend-pdftex.def 2024-05-08 L3 backend support: PDF output (pdfTeX)
\l__color_backend_stack_int=\count326
\l__pdf_internal_box=\box66
) (./main.aux (./sezioni/net01.aux) (./sezioni/net02.aux

LaTeX Warning: Label `fig:lab1' multiply defined.


LaTeX Warning: Label `fig:lab1' multiply defined.


LaTeX Warning: Label `fig:placeholder' multiply defined.

) (./sezioni/net03.aux

LaTeX Warning: Label `fig:double_tagging' multiply defined.

) (./sezioni/net04.aux))
\openout1 = `main.aux'.

LaTeX Font Info:    Checking defaults for OML/cmm/m/it on input line 42.
LaTeX Font Info:    ... okay on input line 42.
LaTeX Font Info:    Checking defaults for OMS/cmsy/m/n on input line 42.
LaTeX Font Info:    ... okay on input line 42.
LaTeX Font Info:    Checking defaults for OT1/cmr/m/n on input line 42.
LaTeX Font Info:    ... okay on input line 42.
LaTeX Font Info:    Checking defaults for T1/cmr/m/n on input line 42.
LaTeX Font Info:    ... okay on input line 42.
LaTeX Font Info:    Checking defaults for TS1/cmr/m/n on input line 42.
LaTeX Font Info:    ... okay on input line 42.
LaTeX Font Info:    Checking defaults for OMX/cmex/m/n on input line 42.
LaTeX Font Info:    ... okay on input line 42.
LaTeX Font Info:    Checking defaults for U/cmr/m/n on input line 42.
LaTeX Font Info:    ... okay on input line 42.
LaTeX Font Info:    Checking defaults for PD1/pdf/m/n on input line 42.
LaTeX Font Info:    ... okay on input line 42.
LaTeX Font Info:    Checking defaults for PU/pdf/m/n on input line 42.
LaTeX Font Info:    ... okay on input line 42.
LaTeX Info: Redefining \it@ocap on input line 42.
LaTeX Info: Redefining \it@ccap on input line 42.
LaTeX Info: Redefining \microtypecontext on input line 42.
Package microtype Info: Applying patch `item' on input line 42.
Package microtype Info: Applying patch `toc' on input line 42.
Package microtype Info: Applying patch `eqnum' on input line 42.
Package microtype Info: Applying patch `footnote' on input line 42.
Package microtype Info: Applying patch `verbatim' on input line 42.
LaTeX Info: Redefining \microtypesetup on input line 42.
Package microtype Info: Generating PDF output.
Package microtype Info: Character protrusion enabled (level 2).
Package microtype Info: Using default protrusion set `alltext'.
Package microtype Info: Automatic font expansion enabled (level 2),
(microtype)             stretch: 20, shrink: 20, step: 1, non-selected.
Package microtype Info: Using default expansion set `alltext-nott'.
LaTeX Info: Redefining \showhyphens on input line 42.
Package microtype Info: No adjustment of tracking.
Package microtype Info: No adjustment of interword spacing.
Package microtype Info: No adjustment of character kerning.
 (/usr/share/texlive/texmf-dist/tex/latex/microtype/mt-cmr.cfg
File: mt-cmr.cfg 2013/05/19 v2.2 microtype config. file: Computer Modern Roman (RS)
)
*geometry* driver: auto-detecting
*geometry* detected driver: pdftex
*geometry* verbose mode - [ preamble ] result:
* driver: pdftex
* paper: a4paper
* layout: <same size as paper>
* layoutoffset:(h,v)=(0.0pt,0.0pt)
* modes: 
* h-part:(L,W,R)=(71.13188pt, 455.24411pt, 71.13188pt)
* v-part:(T,H,B)=(71.13188pt, 702.78308pt, 71.13188pt)
* \paperwidth=597.50787pt
* \paperheight=845.04684pt
* \textwidth=455.24411pt
* \textheight=702.78308pt
* \oddsidemargin=-1.1381pt
* \evensidemargin=-1.1381pt
* \topmargin=-38.1381pt
* \headheight=12.0pt
* \headsep=25.0pt
* \topskip=11.0pt
* \footskip=30.0pt
* \marginparwidth=50.0pt
* \marginparsep=10.0pt
* \columnsep=10.0pt
* \skip\footins=10.0pt plus 4.0pt minus 2.0pt
* \hoffset=0.0pt
* \voffset=0.0pt
* \mag=1000
* \@twocolumnfalse
* \@twosidefalse
* \@mparswitchfalse
* \@reversemarginfalse
* (1in=72.27pt=25.4mm, 1cm=28.453pt)

Package hyperref Info: Link coloring OFF on input line 42.
(./main.out) (./main.out)
\@outlinefile=\write3
\openout3 = `main.out'.

\c@lstlisting=\count327
 (/usr/share/texlive/texmf-dist/tex/context/base/mkii/supp-pdf.mkii
[Loading MPS to PDF converter (version 2006.09.02).]
\scratchcounter=\count328
\scratchdimen=\dimen257
\scratchbox=\box67
\nofMPsegments=\count329
\nofMParguments=\count330
\everyMPshowfont=\toks35
\MPscratchCnt=\count331
\MPscratchDim=\dimen258
\MPnumerator=\count332
\makeMPintoPDFobject=\count333
\everyMPtoPDFconversion=\toks36
) (/usr/share/texlive/texmf-dist/tex/latex/epstopdf-pkg/epstopdf-base.sty
Package: epstopdf-base 2020-01-24 v2.11 Base part for package epstopdf
Package epstopdf-base Info: Redefining graphics rule for `.eps' on input line 485.
 (/usr/share/texlive/texmf-dist/tex/latex/latexconfig/epstopdf-sys.cfg
File: epstopdf-sys.cfg 2010/07/13 v1.3 Configuration of (r)epstopdf for TeX Live
))
Package caption Info: Begin \AtBeginDocument code.
Package caption Info: End \AtBeginDocument code.
LaTeX Font Info:    Trying to load font information for OT1+lmr on input line 44.
 (/usr/share/texmf/tex/latex/lm/ot1lmr.fd
File: ot1lmr.fd 2015/05/01 v1.6.1 Font defs for Latin Modern
)
LaTeX Font Info:    Trying to load font information for OML+lmm on input line 44.
 (/usr/share/texmf/tex/latex/lm/omllmm.fd
File: omllmm.fd 2015/05/01 v1.6.1 Font defs for Latin Modern
)
LaTeX Font Info:    Trying to load font information for OMS+lmsy on input line 44.
 (/usr/share/texmf/tex/latex/lm/omslmsy.fd
File: omslmsy.fd 2015/05/01 v1.6.1 Font defs for Latin Modern
)
LaTeX Font Info:    Trying to load font information for OMX+lmex on input line 44.
 (/usr/share/texmf/tex/latex/lm/omxlmex.fd
File: omxlmex.fd 2015/05/01 v1.6.1 Font defs for Latin Modern
)
LaTeX Font Info:    External font `lmex10' loaded for size
(Font)              <12> on input line 44.
LaTeX Font Info:    External font `lmex10' loaded for size
(Font)              <8> on input line 44.
LaTeX Font Info:    External font `lmex10' loaded for size
(Font)              <6> on input line 44.
LaTeX Font Info:    Trying to load font information for U+msa on input line 44.
 (/usr/share/texlive/texmf-dist/tex/latex/amsfonts/umsa.fd
File: umsa.fd 2013/01/14 v3.01 AMS symbols A
) (/usr/share/texlive/texmf-dist/tex/latex/microtype/mt-msa.cfg
File: mt-msa.cfg 2006/02/04 v1.1 microtype config. file: AMS symbols (a) (RS)
)
LaTeX Font Info:    Trying to load font information for U+msb on input line 44.
 (/usr/share/texlive/texmf-dist/tex/latex/amsfonts/umsb.fd
File: umsb.fd 2013/01/14 v3.01 AMS symbols B
) (/usr/share/texlive/texmf-dist/tex/latex/microtype/mt-msb.cfg
File: mt-msb.cfg 2005/06/01 v1.0 microtype config. file: AMS symbols (b) (RS)
) (./main.toc
LaTeX Font Info:    External font `lmex10' loaded for size
(Font)              <10.95> on input line 4.


[1

{/var/lib/texmf/fonts/map/pdftex/updmap/pdftex.map}{/usr/share/texmf/fonts/enc/dvips/lm/lm-ec.enc}]

[2])
\tf@toc=\write4
\openout4 = `main.toc'.



[3]
\openout2 = `sezioni/net01.aux'.

 (./sezioni/net01.tex
LaTeX Font Info:    Trying to load font information for TS1+lmr on input line 12.
 (/usr/share/texmf/tex/latex/lm/ts1lmr.fd
File: ts1lmr.fd 2015/05/01 v1.6.1 Font defs for Latin Modern
)
<immagini/slide1/stessa_rete.png, id=631, 585.18625pt x 214.8025pt>
File: immagini/slide1/stessa_rete.png Graphic file (type png)
<use immagini/slide1/stessa_rete.png>
Package pdftex.def Info: immagini/slide1/stessa_rete.png  used on input line 18.
(pdftex.def)             Requested size: 386.96027pt x 142.0454pt.
LaTeX Font Info:    Trying to load font information for T1+lmtt on input line 26.
 (/usr/share/texmf/tex/latex/lm/t1lmtt.fd
File: t1lmtt.fd 2015/05/01 v1.6.1 Font defs for Latin Modern
)
Package microtype Info: Loading generic protrusion settings for font family
(microtype)             `lmtt' (encoding: T1).
(microtype)             For optimal results, create family-specific settings.
(microtype)             See the microtype manual for details.
<immagini/slide1/esempio_mask.png, id=633, 805.0075pt x 172.645pt>
File: immagini/slide1/esempio_mask.png Graphic file (type png)
<use immagini/slide1/esempio_mask.png>
Package pdftex.def Info: immagini/slide1/esempio_mask.png  used on input line 30.
(pdftex.def)             Requested size: 386.96027pt x 82.98718pt.


[4


{/usr/share/texmf/fonts/enc/dvips/lm/lm-ts1.enc}{/usr/share/texmf/fonts/enc/dvips/lm/lm-mathit.enc} <./immagini/slide1/stessa_rete.png>]
<immagini/slide1/esempio_ip.png, id=643, 748.7975pt x 272.01625pt>
File: immagini/slide1/esempio_ip.png Graphic file (type png)
<use immagini/slide1/esempio_ip.png>
Package pdftex.def Info: immagini/slide1/esempio_ip.png  used on input line 44.
(pdftex.def)             Requested size: 386.96027pt x 140.57347pt.
LaTeX Font Info:    Font shape `T1/lmtt/bx/n' in size <10.95> not available
(Font)              Font shape `T1/lmtt/b/n' tried instead on input line 49.

Overfull \hbox (5.25912pt too wide) in paragraph at lines 62--64
 \T1/lmr/bx/n/10.95 (-20) 1.1.3.2 2) Per-ché ba-sta guar-da-re l'ul-ti-mo ot-tet-to[][] \T1/lmr/m/n/10.95 (-20) Con /27 i pri-mi tre ot-tet-ti (\T1/lmtt/m/n/10.95 209.85.129\T1/lmr/m/n/10.95 (-20) )
 []



[5{/usr/share/texmf/fonts/enc/dvips/lm/lm-mathex.enc}{/usr/share/texmf/fonts/enc/dvips/lm/lm-rm.enc}{/usr/share/texmf/fonts/enc/dvips/lm/lm-mathsy.enc} <./immagini/slide1/esempio_mask.png> <./immagini/slide1/esempio_ip.png>]
<immagini/slide1/dns.png, id=661, 1072.005pt x 447.6725pt>
File: immagini/slide1/dns.png Graphic file (type png)
<use immagini/slide1/dns.png>
Package pdftex.def Info: immagini/slide1/dns.png  used on input line 116.
(pdftex.def)             Requested size: 386.96027pt x 161.59232pt.


[6]
<immagini/slide1/dns2.png, id=673, 1014.79124pt x 421.575pt>
File: immagini/slide1/dns2.png Graphic file (type png)
<use immagini/slide1/dns2.png>
Package pdftex.def Info: immagini/slide1/dns2.png  used on input line 137.
(pdftex.def)             Requested size: 386.96027pt x 160.75337pt.


[7 <./immagini/slide1/dns.png> <./immagini/slide1/dns2.png>]

[8]
Underfull \hbox (badness 10000) in paragraph at lines 167--168

 []

<immagini/slide1/lab1.png, id=687, 984.67876pt x 417.56pt>
File: immagini/slide1/lab1.png Graphic file (type png)
<use immagini/slide1/lab1.png>
Package pdftex.def Info: immagini/slide1/lab1.png  used on input line 180.
(pdftex.def)             Requested size: 386.96027pt x 164.09654pt.

Overfull \hbox (41.25984pt too wide) in paragraph at lines 197--198
\T1/lmr/m/n/10.95 (-20) af-fer-man-do che l'IP del rou-ter (\T1/lmtt/m/n/10.95 10.0.0.1\T1/lmr/m/n/10.95 (-20) ) cor-ri-spon-de al MAC del-l'at-tac-can-te (\T1/lmtt/m/n/10.95 aa:aa:aa:aa:aa:aa\T1/lmr/m/n/10.95 (-20) ); 
 []



[9 <./immagini/slide1/lab1.png>] (/usr/share/texlive/texmf-dist/tex/latex/listings/lstlang1.sty
File: lstlang1.sty 2024/09/23 1.10c listings language file
) (/usr/share/texlive/texmf-dist/tex/latex/listings/lstlang1.sty
File: lstlang1.sty 2024/09/23 1.10c listings language file
)
Package hyperref Info: bookmark level for unknown lstlisting defaults to 0 on input line 205.
)

[10]
\openout2 = `sezioni/net02.aux'.

 (./sezioni/net02.tex
Underfull \hbox (badness 10000) in paragraph at lines 16--18

 []

LaTeX Font Info:    Trying to load font information for TS1+lmtt on input line 25.
(/usr/share/texmf/tex/latex/lm/ts1lmtt.fd
File: ts1lmtt.fd 2015/05/01 v1.6.1 Font defs for Latin Modern
)
Package microtype Info: Loading generic protrusion settings for font family
(microtype)             `lmtt' (encoding: TS1).
(microtype)             For optimal results, create family-specific settings.
(microtype)             See the microtype manual for details.
Package microtype Info: Character `texttrademark ' is missing
(microtype)             in font `TS1/lmtt/m/n/10.95'.
(microtype)             Ignoring protrusion settings for this character.
<immagini/NET_02/adress_learning_1.png, id=717, 598.48593pt x 280.79906pt>
File: immagini/NET_02/adress_learning_1.png Graphic file (type png)
<use immagini/NET_02/adress_learning_1.png>
Package pdftex.def Info: immagini/NET_02/adress_learning_1.png  used on input line 31.
(pdftex.def)             Requested size: 386.96027pt x 181.55746pt.


[11



]
<immagini/NET_02/address_learning_2.png, id=723, 640.64343pt x 291.33844pt>
File: immagini/NET_02/address_learning_2.png Graphic file (type png)
<use immagini/NET_02/address_learning_2.png>
Package pdftex.def Info: immagini/NET_02/address_learning_2.png  used on input line 39.
(pdftex.def)             Requested size: 386.96027pt x 175.97801pt.


[12 <./immagini/NET_02/adress_learning_1.png> <./immagini/NET_02/address_learning_2.png>]
<immagini//NET_02/DHCP.png, id=732, 599.99156pt x 398.99063pt>
File: immagini//NET_02/DHCP.png Graphic file (type png)
<use immagini//NET_02/DHCP.png>
Package pdftex.def Info: immagini//NET_02/DHCP.png  used on input line 84.
(pdftex.def)             Requested size: 227.62206pt x 151.3684pt.


[13 <./immagini//NET_02/DHCP.png>]
<immagini//NET_02/ARP.png, id=744, 569.12625pt x 312.41719pt>
File: immagini//NET_02/ARP.png Graphic file (type png)
<use immagini//NET_02/ARP.png>
Package pdftex.def Info: immagini//NET_02/ARP.png  used on input line 98.
(pdftex.def)             Requested size: 227.62206pt x 124.95035pt.


[14 <./immagini//NET_02/ARP.png>]

[15]

[16]

[17]

[18])

[19]
\openout2 = `sezioni/net03.aux'.

 (./sezioni/net03.tex

Package hyperref Warning: Difference (2) between bookmark levels is greater 
(hyperref)                than one, level fixed on input line 7.

<immagini/NET_03/ip_subnet.png, id=774, 754.82pt x 472.76625pt>
File: immagini/NET_03/ip_subnet.png Graphic file (type png)
<use immagini/NET_03/ip_subnet.png>
Package pdftex.def Info: immagini/NET_03/ip_subnet.png  used on input line 24.
(pdftex.def)             Requested size: 386.96027pt x 242.3628pt.


[20



 <./immagini/NET_03/ip_subnet.png>]
<immagini/NET_03/vlan.png, id=781, 707.64375pt x 322.20375pt>
File: immagini/NET_03/vlan.png Graphic file (type png)
<use immagini/NET_03/vlan.png>
Package pdftex.def Info: immagini/NET_03/vlan.png  used on input line 42.
(pdftex.def)             Requested size: 386.96027pt x 176.18999pt.
<immagini/NET_03/vlan2.png, id=783, 703.62875pt x 426.59375pt>
File: immagini/NET_03/vlan2.png Graphic file (type png)
<use immagini/NET_03/vlan2.png>
Package pdftex.def Info: immagini/NET_03/vlan2.png  used on input line 66.
(pdftex.def)             Requested size: 386.96027pt x 234.60124pt.


[21 <./immagini/NET_03/vlan.png>]
<immagini/NET_03/vlan3.png, id=791, 610.28pt x 453.695pt>
File: immagini/NET_03/vlan3.png Graphic file (type png)
<use immagini/NET_03/vlan3.png>
Package pdftex.def Info: immagini/NET_03/vlan3.png  used on input line 77.
(pdftex.def)             Requested size: 295.90588pt x 219.98642pt.
LaTeX Font Info:    Font shape `T1/lmtt/bx/n' in size <10> not available
(Font)              Font shape `T1/lmtt/b/n' tried instead on input line 83.


[22 <./immagini/NET_03/vlan2.png> <./immagini/NET_03/vlan3.png>]
<immagini/NET_03/access_link.png, id=804, 211.79124pt x 301.125pt>
File: immagini/NET_03/access_link.png Graphic file (type png)
<use immagini/NET_03/access_link.png>
Package pdftex.def Info: immagini/NET_03/access_link.png  used on input line 142.
(pdftex.def)             Requested size: 113.81102pt x 161.81476pt.


[23]
<immagini/NET_03/access_link_legacy.png, id=809, 755.82375pt x 392.46625pt>
File: immagini/NET_03/access_link_legacy.png Graphic file (type png)
<use immagini/NET_03/access_link_legacy.png>
Package pdftex.def Info: immagini/NET_03/access_link_legacy.png  used on input line 160.
(pdftex.def)             Requested size: 386.96027pt x 200.93364pt.


[24 <./immagini/NET_03/access_link.png> <./immagini/NET_03/access_link_legacy.png>]
<immagini/NET_03/trunk_link.png, id=818, 713.66624pt x 342.27875pt>
File: immagini/NET_03/trunk_link.png Graphic file (type png)
<use immagini/NET_03/trunk_link.png>
Package pdftex.def Info: immagini/NET_03/trunk_link.png  used on input line 187.
(pdftex.def)             Requested size: 273.14923pt x 131.00214pt.
<immagini/NET_03/hybrid_link.png, id=819, 550.055pt x 379.4175pt>
File: immagini/NET_03/hybrid_link.png Graphic file (type png)
<use immagini/NET_03/hybrid_link.png>
Package pdftex.def Info: immagini/NET_03/hybrid_link.png  used on input line 213.
(pdftex.def)             Requested size: 341.43307pt x 235.5201pt.


[25 <./immagini/NET_03/trunk_link.png>]
<immagini/NET_03/multivlan_station.png, id=827, 727.71875pt x 470.75874pt>
File: immagini/NET_03/multivlan_station.png Graphic file (type png)
<use immagini/NET_03/multivlan_station.png>
Package pdftex.def Info: immagini/NET_03/multivlan_station.png  used on input line 240.
(pdftex.def)             Requested size: 341.43307pt x 220.87593pt.


[26 <./immagini/NET_03/hybrid_link.png>]

[27 <./immagini/NET_03/multivlan_station.png>]
Underfull \hbox (badness 10000) in paragraph at lines 251--252

 []

<immagini/NET_03/lab3_topology.png, id=840, 1085.05376pt x 650.43pt>
File: immagini/NET_03/lab3_topology.png Graphic file (type png)
<use immagini/NET_03/lab3_topology.png>
Package pdftex.def Info: immagini/NET_03/lab3_topology.png  used on input line 271.
(pdftex.def)             Requested size: 341.43307pt x 204.66818pt.


[28 <./immagini/NET_03/lab3_topology.png>]

Package hyperref Warning: Difference (2) between bookmark levels is greater 
(hyperref)                than one, level fixed on input line 318.

<immagini/NET_03/example.png, id=862, 1112.155pt x 662.475pt>
File: immagini/NET_03/example.png Graphic file (type png)
<use immagini/NET_03/example.png>
Package pdftex.def Info: immagini/NET_03/example.png  used on input line 344.
(pdftex.def)             Requested size: 386.96027pt x 230.50507pt.


[29]

[30 <./immagini/NET_03/example.png>]
<immagini/NET_03/mac_attack.png, id=897, 483.8075pt x 482.80376pt>
File: immagini/NET_03/mac_attack.png Graphic file (type png)
<use immagini/NET_03/mac_attack.png>
Package pdftex.def Info: immagini/NET_03/mac_attack.png  used on input line 388.
(pdftex.def)             Requested size: 341.43307pt x 340.73769pt.


[31 <./immagini/NET_03/mac_attack.png>]
<immagini/NET_03/basic_vlan_hopping.png, id=905, 507.8975pt x 310.15875pt>
File: immagini/NET_03/basic_vlan_hopping.png Graphic file (type png)
<use immagini/NET_03/basic_vlan_hopping.png>
Package pdftex.def Info: immagini/NET_03/basic_vlan_hopping.png  used on input line 414.
(pdftex.def)             Requested size: 227.62206pt x 139.00223pt.
<immagini/NET_03/double_tagging.png, id=906, 589.20125pt x 312.16624pt>
File: immagini/NET_03/double_tagging.png Graphic file (type png)
<use immagini/NET_03/double_tagging.png>
Package pdftex.def Info: immagini/NET_03/double_tagging.png  used on input line 423.
(pdftex.def)             Requested size: 227.62206pt x 120.59639pt.


[32 <./immagini/NET_03/basic_vlan_hopping.png> <./immagini/NET_03/double_tagging.png>]

[33]
Underfull \hbox (badness 10000) in paragraph at lines 473--474

 []

File: immagini/NET_03/double_tagging.png Graphic file (type png)
<use immagini/NET_03/double_tagging.png>
Package pdftex.def Info: immagini/NET_03/double_tagging.png  used on input line 481.
(pdftex.def)             Requested size: 364.19667pt x 192.95995pt.
<immagini/NET_03/lab4_topology.png, id=923, 1135.24126pt x 615.29875pt>
File: immagini/NET_03/lab4_topology.png Graphic file (type png)
<use immagini/NET_03/lab4_topology.png>
Package pdftex.def Info: immagini/NET_03/lab4_topology.png  used on input line 491.
(pdftex.def)             Requested size: 341.43307pt x 185.05109pt.


[34 <./immagini/NET_03/lab4_topology.png>]

[35])

[36]
\openout2 = `sezioni/net04.aux'.

 (./sezioni/net04.tex
<immagini/NET_04/architettura.png, id=953, 930.47626pt x 582.175pt>
File: immagini/NET_04/architettura.png Graphic file (type png)
<use immagini/NET_04/architettura.png>
Package pdftex.def Info: immagini/NET_04/architettura.png  used on input line 20.
(pdftex.def)             Requested size: 386.96027pt x 242.10446pt.


Package hyperref Warning: Difference (2) between bookmark levels is greater 
(hyperref)                than one, level fixed on input line 30.



[37



 <./immagini/NET_04/architettura.png>]

Package hyperref Warning: Difference (2) between bookmark levels is greater 
(hyperref)                than one, level fixed on input line 56.


Overfull \hbox (12.64726pt too wide) in paragraph at lines 56--58
\T1/lmr/m/n/10.95 (-20) EAP e par-la con il ser-ver usan-do i mes-sag-gi RA-DIUS tra-di-zio-na-li (\T1/lmtt/m/n/10.95 Access-Request/Accept/Reject\T1/lmr/m/n/10.95 (-20) )
 []

<immagini/NET_04/eapor.png, id=961, 1225.57875pt x 430.60875pt>
File: immagini/NET_04/eapor.png Graphic file (type png)
<use immagini/NET_04/eapor.png>
Package pdftex.def Info: immagini/NET_04/eapor.png  used on input line 90.
(pdftex.def)             Requested size: 364.19667pt x 127.96149pt.


[38]

Package hyperref Warning: Difference (2) between bookmark levels is greater 
(hyperref)                than one, level fixed on input line 100.


Overfull \hbox (33.38443pt too wide) in paragraph at lines 107--110
\T1/lmr/m/n/10.95 (-20) ter-mi-na EAP e dia-lo-ga con il ser-ver usan-do mes-sag-gi \T1/lmtt/m/n/10.95 Access-Request/Challenge/Accept/Reject
 []

<immagini/NET_04/msg.png, id=966, 597.23125pt x 501.875pt>
File: immagini/NET_04/msg.png Graphic file (type png)
<use immagini/NET_04/msg.png>
Package pdftex.def Info: immagini/NET_04/msg.png  used on input line 119.
(pdftex.def)             Requested size: 295.90588pt x 248.66245pt.


[39 <./immagini/NET_04/eapor.png> <./immagini/NET_04/msg.png>]
<immagini/NET_04/msg2.png, id=979, 730.73pt x 801.99625pt>
File: immagini/NET_04/msg2.png Graphic file (type png)
<use immagini/NET_04/msg2.png>
Package pdftex.def Info: immagini/NET_04/msg2.png  used on input line 149.
(pdftex.def)             Requested size: 295.90588pt x 324.75775pt.


[40 <./immagini/NET_04/msg2.png>]

Package hyperref Warning: Difference (2) between bookmark levels is greater 
(hyperref)                than one, level fixed on input line 195.



[41]

[42]
Underfull \hbox (badness 10000) in paragraph at lines 219--220

 []


Package hyperref Warning: Difference (2) between bookmark levels is greater 
(hyperref)                than one, level fixed on input line 221.


Overfull \hbox (41.18533pt too wide) in paragraph at lines 231--234
\T1/lmr/m/n/10.95 (-20) e \T1/lmtt/m/n/10.95 users \T1/lmr/m/n/10.95 (-20) (cre-den-zia-li + at-tri-bu-ti VLAN \T1/lmtt/m/n/10.95 Tunnel-Type/Tunnel-Medium-Type/Tunnel-Private-Group-ID\T1/lmr/m/n/10.95 (-20) ).
 []


Overfull \hbox (2.44891pt too wide) in paragraph at lines 238--242
 \T1/lmr/bx/n/10.95 (-20) 4.9.0.5 En-for-ce-ment di-na-mi-co L2 (script).[][] \T1/lmr/m/n/10.95 (-20) Uno script Py-thon ri-chia-ma-to da \T1/lmtt/m/n/10.95 hostapd_cli
 []


Package hyperref Warning: Difference (2) between bookmark levels is greater 
(hyperref)                than one, level fixed on input line 250.



[43])

[44]

Package caption Warning: Unused \captionsetup[table] on input line 21.
See the caption package documentation for explanation.

(./main.aux (./sezioni/net01.aux) (./sezioni/net02.aux) (./sezioni/net03.aux) (./sezioni/net04.aux))
 ***********
LaTeX2e <2024-11-01> patch level 2
L3 programming layer <2025-01-18>
 ***********


LaTeX Warning: There were multiply-defined labels.

Package rerunfilecheck Info: File `main.out' has not changed.
(rerunfilecheck)             Checksum: F5D56A35B456F087C08010B457F99F1D;29060.
 ) 
Here is how much of TeX's memory you used:
 18907 strings out of 473197
 301671 string characters out of 5718604
 985159 words of memory out of 5000000
 41288 multiletter control sequences out of 15000+600000
 627234 words of font info for 221 fonts, out of 8000000 for 9000
 1141 hyphenation exceptions out of 8191
 75i,10n,79p,1051b,1220s stack positions out of 10000i,1000n,20000p,200000b,200000s
</usr/share/texmf/fonts/type1/public/lm/lmbx10.pfb></usr/share/texmf/fonts/type1/public/lm/lmbx12.pfb></usr/share/texmf/fonts/type1/public/lm/lmex10.pfb></usr/share/texmf/fonts/type1/public/lm/lmmi10.pfb></usr/share/texmf/fonts/type1/public/lm/lmr10.pfb></usr/share/texmf/fonts/type1/public/lm/lmr12.pfb></usr/share/texmf/fonts/type1/public/lm/lmr17.pfb></usr/share/texmf/fonts/type1/public/lm/lmr8.pfb></usr/share/texmf/fonts/type1/public/lm/lmri10.pfb></usr/share/texmf/fonts/type1/public/lm/lmsy10.pfb></usr/share/texmf/fonts/type1/public/lm/lmtk10.pfb></usr/share/texmf/fonts/type1/public/lm/lmtt10.pfb></usr/share/texmf/fonts/type1/public/lm/lmtt8.pfb></usr/share/texmf/fonts/type1/public/lm/lmtti10.pfb>
Output written on main.pdf (44 pages, 4544310 bytes).
PDF statistics:
 1155 PDF objects out of 1200 (max. 8388607)
 1008 compressed objects within 11 object streams
 299 named destinations out of 1000 (max. 500000)
 37978 words of extra memory for PDF output out of 42996 (max. 10000000)

