\BOOKMARK [1][-]{section.3}{\376\377\000N\000E\000T\000\137\0000\0003\000\040\040\024\000\040\000V\000i\000r\000t\000u\000a\000l\000\040\000L\000A\000N\000s\000\040\000\050\000V\000L\000A\000N\000\051}{}% 56
\BOOKMARK [2][-]{subsubsection.3.0.1}{\376\377\000D\000e\000f\000i\000n\000i\000z\000i\000o\000n\000e\000\040\000e\000\040\000m\000o\000t\000i\000v\000a\000z\000i\000o\000n\000e}{section.3}% 57
\BOOKMARK [3][-]{subsubsection.3.0.2}{\376\377\000L\000i\000m\000i\000t\000i\000\040\000d\000e\000l\000l\000e\000\040\000r\000e\000t\000i\000\040\000f\000i\000s\000i\000c\000a\000m\000e\000n\000t\000e\000\040\000s\000e\000p\000a\000r\000a\000t\000e}{subsubsection.3.0.1}% 58
\BOOKMARK [4][-]{paragraph.3.0.2.1}{\376\377\000B\000e\000n\000e\000f\000i\000c\000i\000\040\000p\000r\000i\000n\000c\000i\000p\000a\000l\000i\000\040\000d\000e\000l\000l\000e\000\040\000V\000L\000A\000N}{subsubsection.3.0.2}% 59
\BOOKMARK [2][-]{subsection.3.1}{\376\377\000A\000s\000s\000e\000g\000n\000a\000z\000i\000o\000n\000e\000\040\000e\000\040\000m\000e\000m\000b\000e\000r\000s\000h\000i\000p\000\040\000d\000e\000l\000l\000e\000\040\000V\000L\000A\000N}{section.3}% 60
\BOOKMARK [3][-]{subsubsection.3.1.1}{\376\377\000C\000r\000i\000t\000e\000r\000i\000\040\000d\000i\000\040\000a\000s\000s\000e\000g\000n\000a\000z\000i\000o\000n\000e}{subsection.3.1}% 61
\BOOKMARK [3][-]{subsubsection.3.1.2}{\376\377\000V\000i\000s\000t\000a\000\040\000l\000o\000g\000i\000c\000a}{subsection.3.1}% 62
\BOOKMARK [4][-]{paragraph.3.1.2.1}{\376\377\000R\000o\000u\000t\000e\000r\000\040\040\034\000o\000n\000e\000-\000a\000r\000m\000e\000d\040\035}{subsubsection.3.1.2}% 63
\BOOKMARK [2][-]{subsection.3.2}{\376\377\000T\000r\000a\000s\000p\000o\000r\000t\000o\000\040\000d\000e\000i\000\040\000f\000r\000a\000m\000e\000:\000\040\000T\000a\000g\000g\000i\000n\000g\000\040\000I\000E\000E\000E\000\040\0008\0000\0002\000.\0001\000Q}{section.3}% 64
\BOOKMARK [3][-]{subsubsection.3.2.1}{\376\377\000P\000o\000r\000t\000e\000\040\000d\000i\000\040\000t\000i\000p\000o\000\040\000A\000c\000c\000e\000s\000s\000,\000\040\000T\000r\000u\000n\000k\000\040\000e\000\040\000H\000y\000b\000r\000i\000d}{subsection.3.2}% 65
\BOOKMARK [3][-]{subsubsection.3.2.2}{\376\377\000A\000c\000c\000e\000s\000s\000\040\000l\000i\000n\000k\000s}{subsection.3.2}% 66
\BOOKMARK [3][-]{subsubsection.3.2.3}{\376\377\000A\000c\000c\000e\000s\000s\000\040\000l\000i\000n\000k\000s\000\040\000n\000e\000l\000l\000e\000\040\000r\000e\000g\000i\000o\000n\000i\000\040\000l\000e\000g\000a\000c\000y}{subsection.3.2}% 67
\BOOKMARK [3][-]{subsubsection.3.2.4}{\376\377\000T\000r\000u\000n\000k\000\040\000l\000i\000n\000k\000s}{subsection.3.2}% 68
\BOOKMARK [3][-]{subsubsection.3.2.5}{\376\377\000H\000y\000b\000r\000i\000d\000\040\000l\000i\000n\000k\000s}{subsection.3.2}% 69
\BOOKMARK [3][-]{subsubsection.3.2.6}{\376\377\000U\000n\000a\000\040\000s\000t\000a\000z\000i\000o\000n\000e\000\040\000p\000u\000\362\000\040\000a\000p\000p\000a\000r\000t\000e\000n\000e\000r\000e\000\040\000a\000\040\000p\000i\000\371\000\040\000V\000L\000A\000N\000?}{subsection.3.2}% 70
\BOOKMARK [2][-]{subsection.3.3}{\376\377\000L\000a\000b\000o\000r\000a\000t\000o\000r\000i\000o\000\040\0003\000:\000\040\000C\000o\000n\000f\000i\000g\000u\000r\000a\000z\000i\000o\000n\000e\000\040\000V\000L\000A\000N\000\040\000e\000\040\000r\000o\000u\000t\000e\000r\000\040\000o\000n\000e\000-\000a\000r\000m\000e\000d}{section.3}% 71
\BOOKMARK [3][-]{paragraph.3.3.0.1}{\376\377\000I\000s\000o\000l\000a\000m\000e\000n\000t\000o\000\040\000d\000e\000l\000\040\000t\000r\000a\000f\000f\000i\000c\000o}{subsection.3.3}% 72
\BOOKMARK [4][-]{paragraph.3.3.0.2}{\376\377\000R\000o\000u\000t\000i\000n\000g\000\040\000i\000n\000t\000e\000r\000-\000V\000L\000A\000N}{paragraph.3.3.0.1}% 73
\BOOKMARK [4][-]{paragraph.3.3.0.3}{\376\377\000V\000e\000r\000i\000f\000i\000c\000a\000\040\000d\000e\000l\000\040\000c\000o\000m\000p\000o\000r\000t\000a\000m\000e\000n\000t\000o}{paragraph.3.3.0.1}% 74
\BOOKMARK [4][-]{paragraph.3.3.0.4}{\376\377\000O\000s\000s\000e\000r\000v\000a\000z\000i\000o\000n\000e\000\040\000p\000r\000a\000t\000i\000c\000a}{paragraph.3.3.0.1}% 75
\BOOKMARK [2][-]{subsection.3.4}{\376\377\000S\000i\000c\000u\000r\000e\000z\000z\000a\000\040\000d\000e\000l\000l\000e\000\040\000V\000L\000A\000N\000\040\000e\000\040\000v\000u\000l\000n\000e\000r\000a\000b\000i\000l\000i\000t\000\340\000\040\000d\000i\000\040\000l\000i\000v\000e\000l\000l\000o\000\040\0002}{section.3}% 76
\BOOKMARK [3][-]{subsubsection.3.4.1}{\376\377\000M\000i\000n\000a\000c\000c\000e\000\040\000p\000r\000i\000n\000c\000i\000p\000a\000l\000i}{subsection.3.4}% 77
\BOOKMARK [4][-]{paragraph.3.4.1.1}{\376\377\0001\000\051\000\040\000M\000A\000C\000\040\000F\000l\000o\000o\000d\000i\000n\000g\000\040\000\050\000C\000A\000M\000\040\000O\000v\000e\000r\000f\000l\000o\000w\000\051}{subsubsection.3.4.1}% 78
\BOOKMARK [4][-]{paragraph.3.4.1.2}{\376\377\0002\000\051\000\040\000A\000R\000P\000\040\000S\000p\000o\000o\000f\000i\000n\000g\000\040\000/\000\040\000P\000o\000i\000s\000o\000n\000i\000n\000g}{subsubsection.3.4.1}% 79
\BOOKMARK [4][-]{paragraph.3.4.1.3}{\376\377\0003\000\051\000\040\000V\000L\000A\000N\000\040\000H\000o\000p\000p\000i\000n\000g}{subsubsection.3.4.1}% 80
\BOOKMARK [4][-]{paragraph.3.4.1.4}{\376\377\0004\000\051\000\040\000A\000t\000t\000a\000c\000c\000h\000i\000\040\000a\000i\000\040\000p\000r\000o\000t\000o\000c\000o\000l\000l\000i\000\040\000d\000i\000\040\000c\000o\000n\000t\000r\000o\000l\000l\000o}{subsubsection.3.4.1}% 81
\BOOKMARK [2][-]{subsection.3.5}{\376\377\000L\000a\000b\000o\000r\000a\000t\000o\000r\000i\000o\000\040\0004\000:\000\040\000V\000L\000A\000N\000\040\000H\000o\000p\000p\000i\000n\000g\000\040\000e\000\040\000D\000o\000u\000b\000l\000e\000\040\000T\000a\000g\000g\000i\000n\000g}{section.3}% 82
\BOOKMARK [3][-]{subsubsection.3.5.1}{\376\377\000S\000c\000e\000n\000a\000r\000i\000o}{subsection.3.5}% 83
\BOOKMARK [3][-]{subsubsection.3.5.2}{\376\377\000C\000o\000n\000f\000i\000g\000u\000r\000a\000z\000i\000o\000n\000e\000\040\000d\000i\000\040\000a\000t\000t\000a\000c\000c\000o}{subsection.3.5}% 84
\BOOKMARK [4][-]{paragraph.3.5.2.1}{\376\377\000M\000i\000t\000i\000g\000a\000z\000i\000o\000n\000i}{subsubsection.3.5.2}% 85
\BOOKMARK [2][-]{subsection.3.6}{\376\377\000A\000u\000t\000e\000n\000t\000i\000c\000a\000z\000i\000o\000n\000e\000\040\000e\000\040\000c\000o\000n\000t\000r\000o\000l\000l\000o\000\040\000d\040\031\000a\000c\000c\000e\000s\000s\000o\000:\000\040\000I\000E\000E\000E\000\040\0008\0000\0002\000.\0001\000X}{section.3}% 86
\BOOKMARK [3][-]{subsubsection.3.6.1}{\376\377\000A\000r\000c\000h\000i\000t\000e\000t\000t\000u\000r\000a\000\040\000e\000\040\000f\000u\000n\000z\000i\000o\000n\000a\000m\000e\000n\000t\000o}{subsection.3.6}% 87
\BOOKMARK [4][-]{paragraph.3.6.1.1}{\376\377\000V\000a\000n\000t\000a\000g\000g\000i}{subsubsection.3.6.1}% 88
\BOOKMARK [2][-]{subsection.3.7}{\376\377\000F\000i\000r\000e\000w\000a\000l\000l\000\040\000e\000\040\000s\000i\000c\000u\000r\000e\000z\000z\000a\000\040\000p\000e\000r\000i\000m\000e\000t\000r\000a\000l\000e}{section.3}% 89
\BOOKMARK [3][-]{subsubsection.3.7.1}{\376\377\000R\000u\000o\000l\000o\000\040\000d\000e\000l\000\040\000f\000i\000r\000e\000w\000a\000l\000l}{subsection.3.7}% 90
\BOOKMARK [4][-]{paragraph.3.7.1.1}{\376\377\000I\000m\000p\000l\000e\000m\000e\000n\000t\000a\000z\000i\000o\000n\000e\000\040\000i\000n\000\040\000L\000i\000n\000u\000x}{subsubsection.3.7.1}% 91
